CRITICAL - 2021-11-13 16:03:07 --> Undefined variable: menu
#0 /home/sorotnus/public_html/pasarfloratama/app/Views/template/head.php(114): CodeIgniter\Debug\Exceptions->errorHandler(8, 'Undefined varia...', '/home/sorotnus/...', 114, Array)
#1 /home/sorotnus/public_html/pasarfloratama/system/View/View.php(230): include('/home/sorotnus/...')
#2 /home/sorotnus/public_html/pasarfloratama/system/View/View.php(232): CodeIgniter\View\View->CodeIgniter\View\{closure}()
#3 /home/sorotnus/public_html/pasarfloratama/system/Common.php(1271): CodeIgniter\View\View->render('template/head', Array, true)
#4 /home/sorotnus/public_html/pasarfloratama/app/Libraries/Init.php(51): view('template/head')
#5 /home/sorotnus/public_html/pasarfloratama/app/Controllers/Home.php(27): App\Libraries\Init->generate('index', Array)
#6 /home/sorotnus/public_html/pasarfloratama/system/CodeIgniter.php(928): App\Controllers\Home->index()
#7 /home/sorotnus/public_html/pasarfloratama/system/CodeIgniter.php(436): CodeIgniter\CodeIgniter->runController(Object(App\Controllers\Home))
#8 /home/sorotnus/public_html/pasarfloratama/system/CodeIgniter.php(336): CodeIgniter\CodeIgniter->handleRequest(NULL, Object(Config\Cache), false)
#9 /home/sorotnus/public_html/pasarfloratama/index.php(45): CodeIgniter\CodeIgniter->run()
#10 {main}
ERROR - 2021-11-13 18:45:29 --> Unknown column 'id' in 'order clause'
CRITICAL - 2021-11-13 18:45:29 --> Unknown column 'id' in 'order clause'
#0 /home/sorotnus/public_html/pasarfloratama/system/Database/MySQLi/Connection.php(329): mysqli->query('SELECT *\nFROM `...')
#1 /home/sorotnus/public_html/pasarfloratama/system/Database/BaseConnection.php(732): CodeIgniter\Database\MySQLi\Connection->execute('SELECT *\nFROM `...')
#2 /home/sorotnus/public_html/pasarfloratama/system/Database/BaseConnection.php(647): CodeIgniter\Database\BaseConnection->simpleQuery('SELECT *\nFROM `...')
#3 /home/sorotnus/public_html/pasarfloratama/system/Database/BaseBuilder.php(1881): CodeIgniter\Database\BaseConnection->query('SELECT *\nFROM `...', Array, false)
#4 /home/sorotnus/public_html/pasarfloratama/app/Controllers/Home.php(35): CodeIgniter\Database\BaseBuilder->get()
#5 /home/sorotnus/public_html/pasarfloratama/app/Controllers/Home.php(24): App\Controllers\Home->get_berita()
#6 /home/sorotnus/public_html/pasarfloratama/system/CodeIgniter.php(928): App\Controllers\Home->index()
#7 /home/sorotnus/public_html/pasarfloratama/system/CodeIgniter.php(436): CodeIgniter\CodeIgniter->runController(Object(App\Controllers\Home))
#8 /home/sorotnus/public_html/pasarfloratama/system/CodeIgniter.php(336): CodeIgniter\CodeIgniter->handleRequest(NULL, Object(Config\Cache), false)
#9 /home/sorotnus/public_html/pasarfloratama/index.php(45): CodeIgniter\CodeIgniter->run()
#10 {main}
ERROR - 2021-11-13 19:04:00 --> Table 'sorotnus_pasarfloratama.header_link' doesn't exist
CRITICAL - 2021-11-13 19:04:00 --> Table 'sorotnus_pasarfloratama.header_link' doesn't exist
#0 /home/sorotnus/public_html/pasarfloratama/system/Database/MySQLi/Connection.php(329): mysqli->query('SELECT *\nFROM `...')
#1 /home/sorotnus/public_html/pasarfloratama/system/Database/BaseConnection.php(732): CodeIgniter\Database\MySQLi\Connection->execute('SELECT *\nFROM `...')
#2 /home/sorotnus/public_html/pasarfloratama/system/Database/BaseConnection.php(647): CodeIgniter\Database\BaseConnection->simpleQuery('SELECT *\nFROM `...')
#3 /home/sorotnus/public_html/pasarfloratama/system/Database/BaseBuilder.php(1881): CodeIgniter\Database\BaseConnection->query('SELECT *\nFROM `...', Array, false)
#4 /home/sorotnus/public_html/pasarfloratama/app/Controllers/Home.php(35): CodeIgniter\Database\BaseBuilder->get()
#5 /home/sorotnus/public_html/pasarfloratama/app/Controllers/Home.php(24): App\Controllers\Home->get_berita()
#6 /home/sorotnus/public_html/pasarfloratama/system/CodeIgniter.php(928): App\Controllers\Home->index()
#7 /home/sorotnus/public_html/pasarfloratama/system/CodeIgniter.php(436): CodeIgniter\CodeIgniter->runController(Object(App\Controllers\Home))
#8 /home/sorotnus/public_html/pasarfloratama/system/CodeIgniter.php(336): CodeIgniter\CodeIgniter->handleRequest(NULL, Object(Config\Cache), false)
#9 /home/sorotnus/public_html/pasarfloratama/index.php(45): CodeIgniter\CodeIgniter->run()
#10 {main}
CRITICAL - 2021-11-13 22:19:48 --> Undefined property: stdClass::$id
#0 /home/sorotnus/public_html/pasarfloratama/app/Views/index.php(169): CodeIgniter\Debug\Exceptions->errorHandler(8, 'Undefined prope...', '/home/sorotnus/...', 169, Array)
#1 /home/sorotnus/public_html/pasarfloratama/system/View/View.php(230): include('/home/sorotnus/...')
#2 /home/sorotnus/public_html/pasarfloratama/system/View/View.php(232): CodeIgniter\View\View->CodeIgniter\View\{closure}()
#3 /home/sorotnus/public_html/pasarfloratama/system/Common.php(1271): CodeIgniter\View\View->render('index', Array, true)
#4 /home/sorotnus/public_html/pasarfloratama/app/Libraries/Init.php(53): view('index', Array)
#5 /home/sorotnus/public_html/pasarfloratama/app/Controllers/Home.php(29): App\Libraries\Init->generate('index', Array)
#6 /home/sorotnus/public_html/pasarfloratama/system/CodeIgniter.php(928): App\Controllers\Home->index()
#7 /home/sorotnus/public_html/pasarfloratama/system/CodeIgniter.php(436): CodeIgniter\CodeIgniter->runController(Object(App\Controllers\Home))
#8 /home/sorotnus/public_html/pasarfloratama/system/CodeIgniter.php(336): CodeIgniter\CodeIgniter->handleRequest(NULL, Object(Config\Cache), false)
#9 /home/sorotnus/public_html/pasarfloratama/index.php(45): CodeIgniter\CodeIgniter->run()
#10 {main}
CRITICAL - 2021-11-13 23:27:00 --> Undefined property: mysqli::$nama_kategori
#0 /home/sorotnus/public_html/pasarfloratama/app/Views/index.php(105): CodeIgniter\Debug\Exceptions->errorHandler(8, 'Undefined prope...', '/home/sorotnus/...', 105, Array)
#1 /home/sorotnus/public_html/pasarfloratama/system/View/View.php(230): include('/home/sorotnus/...')
#2 /home/sorotnus/public_html/pasarfloratama/system/View/View.php(232): CodeIgniter\View\View->CodeIgniter\View\{closure}()
#3 /home/sorotnus/public_html/pasarfloratama/system/Common.php(1271): CodeIgniter\View\View->render('index', Array, true)
#4 /home/sorotnus/public_html/pasarfloratama/app/Libraries/Init.php(53): view('index', Array)
#5 /home/sorotnus/public_html/pasarfloratama/app/Controllers/Home.php(30): App\Libraries\Init->generate('index', Array)
#6 /home/sorotnus/public_html/pasarfloratama/system/CodeIgniter.php(928): App\Controllers\Home->index()
#7 /home/sorotnus/public_html/pasarfloratama/system/CodeIgniter.php(436): CodeIgniter\CodeIgniter->runController(Object(App\Controllers\Home))
#8 /home/sorotnus/public_html/pasarfloratama/system/CodeIgniter.php(336): CodeIgniter\CodeIgniter->handleRequest(NULL, Object(Config\Cache), false)
#9 /home/sorotnus/public_html/pasarfloratama/index.php(45): CodeIgniter\CodeIgniter->run()
#10 {main}
CRITICAL - 2021-11-13 23:28:27 --> Undefined property: mysqli::$nama_kategori
#0 /home/sorotnus/public_html/pasarfloratama/app/Views/index.php(105): CodeIgniter\Debug\Exceptions->errorHandler(8, 'Undefined prope...', '/home/sorotnus/...', 105, Array)
#1 /home/sorotnus/public_html/pasarfloratama/system/View/View.php(230): include('/home/sorotnus/...')
#2 /home/sorotnus/public_html/pasarfloratama/system/View/View.php(232): CodeIgniter\View\View->CodeIgniter\View\{closure}()
#3 /home/sorotnus/public_html/pasarfloratama/system/Common.php(1271): CodeIgniter\View\View->render('index', Array, true)
#4 /home/sorotnus/public_html/pasarfloratama/app/Libraries/Init.php(53): view('index', Array)
#5 /home/sorotnus/public_html/pasarfloratama/app/Controllers/Home.php(30): App\Libraries\Init->generate('index', Array)
#6 /home/sorotnus/public_html/pasarfloratama/system/CodeIgniter.php(928): App\Controllers\Home->index()
#7 /home/sorotnus/public_html/pasarfloratama/system/CodeIgniter.php(436): CodeIgniter\CodeIgniter->runController(Object(App\Controllers\Home))
#8 /home/sorotnus/public_html/pasarfloratama/system/CodeIgniter.php(336): CodeIgniter\CodeIgniter->handleRequest(NULL, Object(Config\Cache), false)
#9 /home/sorotnus/public_html/pasarfloratama/index.php(45): CodeIgniter\CodeIgniter->run()
#10 {main}
