CRITICAL - 2021-10-28 00:26:23 --> Trying to get property 'id_content' of non-object
#0 /home/sorotnus/public_html/floratama/app/Controllers/Home.php(73): CodeIgniter\Debug\Exceptions->errorHandler(8, 'Trying to get p...', '/home/sorotnus/...', 73, Array)
#1 /home/sorotnus/public_html/floratama/system/CodeIgniter.php(928): App\Controllers\Home->pages('peluang-investa...')
#2 /home/sorotnus/public_html/floratama/system/CodeIgniter.php(436): CodeIgniter\CodeIgniter->runController(Object(App\Controllers\Home))
#3 /home/sorotnus/public_html/floratama/system/CodeIgniter.php(336): CodeIgniter\CodeIgniter->handleRequest(NULL, Object(Config\Cache), false)
#4 /home/sorotnus/public_html/floratama/index.php(45): CodeIgniter\CodeIgniter->run()
#5 {main}
CRITICAL - 2021-10-28 22:51:47 --> syntax error, unexpected '?>'
#0 /home/sorotnus/public_html/floratama/system/View/View.php(232): CodeIgniter\View\View->CodeIgniter\View\{closure}()
#1 /home/sorotnus/public_html/floratama/system/Common.php(1271): CodeIgniter\View\View->render('template/footer', Array, true)
#2 /home/sorotnus/public_html/floratama/app/Libraries/Init.php(107): view('template/footer', Array)
#3 /home/sorotnus/public_html/floratama/app/Controllers/Home.php(31): App\Libraries\Init->generate('index', Array)
#4 /home/sorotnus/public_html/floratama/system/CodeIgniter.php(928): App\Controllers\Home->index()
#5 /home/sorotnus/public_html/floratama/system/CodeIgniter.php(436): CodeIgniter\CodeIgniter->runController(Object(App\Controllers\Home))
#6 /home/sorotnus/public_html/floratama/system/CodeIgniter.php(336): CodeIgniter\CodeIgniter->handleRequest(NULL, Object(Config\Cache), false)
#7 /home/sorotnus/public_html/floratama/index.php(45): CodeIgniter\CodeIgniter->run()
#8 {main}
CRITICAL - 2021-10-28 22:56:20 --> Call to undefined method CodeIgniter\View\View::getSetting()
#0 /home/sorotnus/public_html/floratama/system/View/View.php(230): include()
#1 /home/sorotnus/public_html/floratama/system/View/View.php(232): CodeIgniter\View\View->CodeIgniter\View\{closure}()
#2 /home/sorotnus/public_html/floratama/system/Common.php(1271): CodeIgniter\View\View->render('template/footer', Array, true)
#3 /home/sorotnus/public_html/floratama/app/Libraries/Init.php(107): view('template/footer', Array)
#4 /home/sorotnus/public_html/floratama/app/Controllers/Home.php(31): App\Libraries\Init->generate('index', Array)
#5 /home/sorotnus/public_html/floratama/system/CodeIgniter.php(928): App\Controllers\Home->index()
#6 /home/sorotnus/public_html/floratama/system/CodeIgniter.php(436): CodeIgniter\CodeIgniter->runController(Object(App\Controllers\Home))
#7 /home/sorotnus/public_html/floratama/system/CodeIgniter.php(336): CodeIgniter\CodeIgniter->handleRequest(NULL, Object(Config\Cache), false)
#8 /home/sorotnus/public_html/floratama/index.php(45): CodeIgniter\CodeIgniter->run()
#9 {main}
CRITICAL - 2021-10-28 22:57:47 --> Call to undefined function get_setting()
#0 /home/sorotnus/public_html/floratama/system/View/View.php(230): include()
#1 /home/sorotnus/public_html/floratama/system/View/View.php(232): CodeIgniter\View\View->CodeIgniter\View\{closure}()
#2 /home/sorotnus/public_html/floratama/system/Common.php(1271): CodeIgniter\View\View->render('template/footer', Array, true)
#3 /home/sorotnus/public_html/floratama/app/Libraries/Init.php(107): view('template/footer', Array)
#4 /home/sorotnus/public_html/floratama/app/Controllers/Home.php(31): App\Libraries\Init->generate('index', Array)
#5 /home/sorotnus/public_html/floratama/system/CodeIgniter.php(928): App\Controllers\Home->index()
#6 /home/sorotnus/public_html/floratama/system/CodeIgniter.php(436): CodeIgniter\CodeIgniter->runController(Object(App\Controllers\Home))
#7 /home/sorotnus/public_html/floratama/system/CodeIgniter.php(336): CodeIgniter\CodeIgniter->handleRequest(NULL, Object(Config\Cache), false)
#8 /home/sorotnus/public_html/floratama/index.php(45): CodeIgniter\CodeIgniter->run()
#9 {main}
CRITICAL - 2021-10-28 22:58:30 --> Call to undefined method CodeIgniter\View\View::getSetting()
#0 /home/sorotnus/public_html/floratama/system/View/View.php(230): include()
#1 /home/sorotnus/public_html/floratama/system/View/View.php(232): CodeIgniter\View\View->CodeIgniter\View\{closure}()
#2 /home/sorotnus/public_html/floratama/system/Common.php(1271): CodeIgniter\View\View->render('template/footer', Array, true)
#3 /home/sorotnus/public_html/floratama/app/Libraries/Init.php(107): view('template/footer', Array)
#4 /home/sorotnus/public_html/floratama/app/Controllers/Home.php(31): App\Libraries\Init->generate('index', Array)
#5 /home/sorotnus/public_html/floratama/system/CodeIgniter.php(928): App\Controllers\Home->index()
#6 /home/sorotnus/public_html/floratama/system/CodeIgniter.php(436): CodeIgniter\CodeIgniter->runController(Object(App\Controllers\Home))
#7 /home/sorotnus/public_html/floratama/system/CodeIgniter.php(336): CodeIgniter\CodeIgniter->handleRequest(NULL, Object(Config\Cache), false)
#8 /home/sorotnus/public_html/floratama/index.php(45): CodeIgniter\CodeIgniter->run()
#9 {main}
CRITICAL - 2021-10-28 23:02:43 --> Undefined variable: instagram
#0 /home/sorotnus/public_html/floratama/app/Views/template/footer.php(135): CodeIgniter\Debug\Exceptions->errorHandler(8, 'Undefined varia...', '/home/sorotnus/...', 135, Array)
#1 /home/sorotnus/public_html/floratama/system/View/View.php(230): include('/home/sorotnus/...')
#2 /home/sorotnus/public_html/floratama/system/View/View.php(232): CodeIgniter\View\View->CodeIgniter\View\{closure}()
#3 /home/sorotnus/public_html/floratama/system/Common.php(1271): CodeIgniter\View\View->render('template/footer', Array, true)
#4 /home/sorotnus/public_html/floratama/app/Libraries/Init.php(110): view('template/footer', Array)
#5 /home/sorotnus/public_html/floratama/app/Controllers/Home.php(31): App\Libraries\Init->generate('index', Array)
#6 /home/sorotnus/public_html/floratama/system/CodeIgniter.php(928): App\Controllers\Home->index()
#7 /home/sorotnus/public_html/floratama/system/CodeIgniter.php(436): CodeIgniter\CodeIgniter->runController(Object(App\Controllers\Home))
#8 /home/sorotnus/public_html/floratama/system/CodeIgniter.php(336): CodeIgniter\CodeIgniter->handleRequest(NULL, Object(Config\Cache), false)
#9 /home/sorotnus/public_html/floratama/index.php(45): CodeIgniter\CodeIgniter->run()
#10 {main}
CRITICAL - 2021-10-28 23:48:03 --> Undefined index: url
#0 /home/sorotnus/public_html/floratama/app/Views/template/menu.php(44): CodeIgniter\Debug\Exceptions->errorHandler(8, 'Undefined index...', '/home/sorotnus/...', 44, Array)
#1 /home/sorotnus/public_html/floratama/system/View/View.php(230): include('/home/sorotnus/...')
#2 /home/sorotnus/public_html/floratama/system/View/View.php(232): CodeIgniter\View\View->CodeIgniter\View\{closure}()
#3 /home/sorotnus/public_html/floratama/system/Common.php(1271): CodeIgniter\View\View->render('template/menu', Array, true)
#4 /home/sorotnus/public_html/floratama/app/Libraries/Init.php(109): view('template/menu', Array)
#5 /home/sorotnus/public_html/floratama/app/Controllers/Home.php(26): App\Libraries\Init->generate('index', Array)
#6 /home/sorotnus/public_html/floratama/system/CodeIgniter.php(928): App\Controllers\Home->index()
#7 /home/sorotnus/public_html/floratama/system/CodeIgniter.php(436): CodeIgniter\CodeIgniter->runController(Object(App\Controllers\Home))
#8 /home/sorotnus/public_html/floratama/system/CodeIgniter.php(336): CodeIgniter\CodeIgniter->handleRequest(NULL, Object(Config\Cache), false)
#9 /home/sorotnus/public_html/floratama/index.php(45): CodeIgniter\CodeIgniter->run()
#10 {main}
CRITICAL - 2021-10-28 23:48:54 --> Undefined property: stdClass::$url
#0 /home/sorotnus/public_html/floratama/app/Libraries/Init.php(50): CodeIgniter\Debug\Exceptions->errorHandler(8, 'Undefined prope...', '/home/sorotnus/...', 50, Array)
#1 /home/sorotnus/public_html/floratama/app/Libraries/Init.php(111): App\Libraries\Init->menu()
#2 /home/sorotnus/public_html/floratama/app/Controllers/Home.php(26): App\Libraries\Init->generate('index', Array)
#3 /home/sorotnus/public_html/floratama/system/CodeIgniter.php(928): App\Controllers\Home->index()
#4 /home/sorotnus/public_html/floratama/system/CodeIgniter.php(436): CodeIgniter\CodeIgniter->runController(Object(App\Controllers\Home))
#5 /home/sorotnus/public_html/floratama/system/CodeIgniter.php(336): CodeIgniter\CodeIgniter->handleRequest(NULL, Object(Config\Cache), false)
#6 /home/sorotnus/public_html/floratama/index.php(45): CodeIgniter\CodeIgniter->run()
#7 {main}
CRITICAL - 2021-10-28 23:48:57 --> Undefined property: stdClass::$url
#0 /home/sorotnus/public_html/floratama/app/Libraries/Init.php(50): CodeIgniter\Debug\Exceptions->errorHandler(8, 'Undefined prope...', '/home/sorotnus/...', 50, Array)
#1 /home/sorotnus/public_html/floratama/app/Libraries/Init.php(111): App\Libraries\Init->menu()
#2 /home/sorotnus/public_html/floratama/app/Controllers/Home.php(26): App\Libraries\Init->generate('index', Array)
#3 /home/sorotnus/public_html/floratama/system/CodeIgniter.php(928): App\Controllers\Home->index()
#4 /home/sorotnus/public_html/floratama/system/CodeIgniter.php(436): CodeIgniter\CodeIgniter->runController(Object(App\Controllers\Home))
#5 /home/sorotnus/public_html/floratama/system/CodeIgniter.php(336): CodeIgniter\CodeIgniter->handleRequest(NULL, Object(Config\Cache), false)
#6 /home/sorotnus/public_html/floratama/index.php(45): CodeIgniter\CodeIgniter->run()
#7 {main}
CRITICAL - 2021-10-28 23:51:28 --> Undefined variable: contact_info
#0 /home/sorotnus/public_html/floratama/app/Views/template/footer.php(8): CodeIgniter\Debug\Exceptions->errorHandler(8, 'Undefined varia...', '/home/sorotnus/...', 8, Array)
#1 /home/sorotnus/public_html/floratama/system/View/View.php(230): include('/home/sorotnus/...')
#2 /home/sorotnus/public_html/floratama/system/View/View.php(232): CodeIgniter\View\View->CodeIgniter\View\{closure}()
#3 /home/sorotnus/public_html/floratama/system/Common.php(1271): CodeIgniter\View\View->render('template/footer', Array, true)
#4 /home/sorotnus/public_html/floratama/app/Libraries/Init.php(146): view('template/footer', Array)
#5 /home/sorotnus/public_html/floratama/app/Controllers/Prosedur_investasi.php(10): App\Libraries\Init->no_slider('prosedur_invest...')
#6 /home/sorotnus/public_html/floratama/system/CodeIgniter.php(928): App\Controllers\Prosedur_investasi->index()
#7 /home/sorotnus/public_html/floratama/system/CodeIgniter.php(436): CodeIgniter\CodeIgniter->runController(Object(App\Controllers\Prosedur_investasi))
#8 /home/sorotnus/public_html/floratama/system/CodeIgniter.php(336): CodeIgniter\CodeIgniter->handleRequest(NULL, Object(Config\Cache), false)
#9 /home/sorotnus/public_html/floratama/index.php(45): CodeIgniter\CodeIgniter->run()
#10 {main}
CRITICAL - 2021-10-28 23:52:27 --> Undefined variable: contact_info
#0 /home/sorotnus/public_html/floratama/app/Views/template/footer.php(8): CodeIgniter\Debug\Exceptions->errorHandler(8, 'Undefined varia...', '/home/sorotnus/...', 8, Array)
#1 /home/sorotnus/public_html/floratama/system/View/View.php(230): include('/home/sorotnus/...')
#2 /home/sorotnus/public_html/floratama/system/View/View.php(232): CodeIgniter\View\View->CodeIgniter\View\{closure}()
#3 /home/sorotnus/public_html/floratama/system/Common.php(1271): CodeIgniter\View\View->render('template/footer', Array, true)
#4 /home/sorotnus/public_html/floratama/app/Libraries/Init.php(146): view('template/footer', Array)
#5 /home/sorotnus/public_html/floratama/app/Controllers/Prosedur_investasi.php(13): App\Libraries\Init->no_slider('prosedur_invest...', Array)
#6 /home/sorotnus/public_html/floratama/system/CodeIgniter.php(928): App\Controllers\Prosedur_investasi->index()
#7 /home/sorotnus/public_html/floratama/system/CodeIgniter.php(436): CodeIgniter\CodeIgniter->runController(Object(App\Controllers\Prosedur_investasi))
#8 /home/sorotnus/public_html/floratama/system/CodeIgniter.php(336): CodeIgniter\CodeIgniter->handleRequest(NULL, Object(Config\Cache), false)
#9 /home/sorotnus/public_html/floratama/index.php(45): CodeIgniter\CodeIgniter->run()
#10 {main}
CRITICAL - 2021-10-28 23:55:02 --> Undefined variable: contact_info
#0 /home/sorotnus/public_html/floratama/app/Views/template/footer.php(8): CodeIgniter\Debug\Exceptions->errorHandler(8, 'Undefined varia...', '/home/sorotnus/...', 8, Array)
#1 /home/sorotnus/public_html/floratama/system/View/View.php(230): include('/home/sorotnus/...')
#2 /home/sorotnus/public_html/floratama/system/View/View.php(232): CodeIgniter\View\View->CodeIgniter\View\{closure}()
#3 /home/sorotnus/public_html/floratama/system/Common.php(1271): CodeIgniter\View\View->render('template/footer', Array, true)
#4 /home/sorotnus/public_html/floratama/app/Libraries/Init.php(150): view('template/footer', Array)
#5 /home/sorotnus/public_html/floratama/app/Controllers/Prosedur_investasi.php(13): App\Libraries\Init->no_slider('prosedur_invest...', Array)
#6 /home/sorotnus/public_html/floratama/system/CodeIgniter.php(928): App\Controllers\Prosedur_investasi->index()
#7 /home/sorotnus/public_html/floratama/system/CodeIgniter.php(436): CodeIgniter\CodeIgniter->runController(Object(App\Controllers\Prosedur_investasi))
#8 /home/sorotnus/public_html/floratama/system/CodeIgniter.php(336): CodeIgniter\CodeIgniter->handleRequest(NULL, Object(Config\Cache), false)
#9 /home/sorotnus/public_html/floratama/index.php(45): CodeIgniter\CodeIgniter->run()
#10 {main}
CRITICAL - 2021-10-28 23:57:08 --> Undefined variable: prop
#0 /home/sorotnus/public_html/floratama/app/Views/template/footer.php(2): CodeIgniter\Debug\Exceptions->errorHandler(8, 'Undefined varia...', '/home/sorotnus/...', 2, Array)
#1 /home/sorotnus/public_html/floratama/system/View/View.php(230): include('/home/sorotnus/...')
#2 /home/sorotnus/public_html/floratama/system/View/View.php(232): CodeIgniter\View\View->CodeIgniter\View\{closure}()
#3 /home/sorotnus/public_html/floratama/system/Common.php(1271): CodeIgniter\View\View->render('template/footer', Array, true)
#4 /home/sorotnus/public_html/floratama/app/Libraries/Init.php(150): view('template/footer', Array)
#5 /home/sorotnus/public_html/floratama/app/Controllers/Prosedur_investasi.php(13): App\Libraries\Init->no_slider('prosedur_invest...', Array)
#6 /home/sorotnus/public_html/floratama/system/CodeIgniter.php(928): App\Controllers\Prosedur_investasi->index()
#7 /home/sorotnus/public_html/floratama/system/CodeIgniter.php(436): CodeIgniter\CodeIgniter->runController(Object(App\Controllers\Prosedur_investasi))
#8 /home/sorotnus/public_html/floratama/system/CodeIgniter.php(336): CodeIgniter\CodeIgniter->handleRequest(NULL, Object(Config\Cache), false)
#9 /home/sorotnus/public_html/floratama/index.php(45): CodeIgniter\CodeIgniter->run()
#10 {main}
CRITICAL - 2021-10-28 23:57:48 --> Undefined variable: contact_info
#0 /home/sorotnus/public_html/floratama/app/Views/template/footer.php(2): CodeIgniter\Debug\Exceptions->errorHandler(8, 'Undefined varia...', '/home/sorotnus/...', 2, Array)
#1 /home/sorotnus/public_html/floratama/system/View/View.php(230): include('/home/sorotnus/...')
#2 /home/sorotnus/public_html/floratama/system/View/View.php(232): CodeIgniter\View\View->CodeIgniter\View\{closure}()
#3 /home/sorotnus/public_html/floratama/system/Common.php(1271): CodeIgniter\View\View->render('template/footer', Array, true)
#4 /home/sorotnus/public_html/floratama/app/Libraries/Init.php(150): view('template/footer', Array)
#5 /home/sorotnus/public_html/floratama/app/Controllers/Prosedur_investasi.php(13): App\Libraries\Init->no_slider('prosedur_invest...', Array)
#6 /home/sorotnus/public_html/floratama/system/CodeIgniter.php(928): App\Controllers\Prosedur_investasi->index()
#7 /home/sorotnus/public_html/floratama/system/CodeIgniter.php(436): CodeIgniter\CodeIgniter->runController(Object(App\Controllers\Prosedur_investasi))
#8 /home/sorotnus/public_html/floratama/system/CodeIgniter.php(336): CodeIgniter\CodeIgniter->handleRequest(NULL, Object(Config\Cache), false)
#9 /home/sorotnus/public_html/floratama/index.php(45): CodeIgniter\CodeIgniter->run()
#10 {main}
CRITICAL - 2021-10-28 23:58:32 --> Undefined variable: contact_info
#0 /home/sorotnus/public_html/floratama/app/Views/template/footer.php(2): CodeIgniter\Debug\Exceptions->errorHandler(8, 'Undefined varia...', '/home/sorotnus/...', 2, Array)
#1 /home/sorotnus/public_html/floratama/system/View/View.php(230): include('/home/sorotnus/...')
#2 /home/sorotnus/public_html/floratama/system/View/View.php(232): CodeIgniter\View\View->CodeIgniter\View\{closure}()
#3 /home/sorotnus/public_html/floratama/system/Common.php(1271): CodeIgniter\View\View->render('template/footer', Array, true)
#4 /home/sorotnus/public_html/floratama/app/Libraries/Init.php(150): view('template/footer', Array)
#5 /home/sorotnus/public_html/floratama/app/Controllers/Prosedur_investasi.php(13): App\Libraries\Init->no_slider('prosedur_invest...', Array)
#6 /home/sorotnus/public_html/floratama/system/CodeIgniter.php(928): App\Controllers\Prosedur_investasi->index()
#7 /home/sorotnus/public_html/floratama/system/CodeIgniter.php(436): CodeIgniter\CodeIgniter->runController(Object(App\Controllers\Prosedur_investasi))
#8 /home/sorotnus/public_html/floratama/system/CodeIgniter.php(336): CodeIgniter\CodeIgniter->handleRequest(NULL, Object(Config\Cache), false)
#9 /home/sorotnus/public_html/floratama/index.php(45): CodeIgniter\CodeIgniter->run()
#10 {main}
