CRITICAL - 2021-10-24 05:39:22 --> Undefined offset: 0
#0 /home/sorotnus/public_html/floratama/app/Views/pages.php(12): CodeIgniter\Debug\Exceptions->errorHandler(8, 'Undefined offse...', '/home/sorotnus/...', 12, Array)
#1 /home/sorotnus/public_html/floratama/system/View/View.php(230): include('/home/sorotnus/...')
#2 /home/sorotnus/public_html/floratama/system/View/View.php(232): CodeIgniter\View\View->CodeIgniter\View\{closure}()
#3 /home/sorotnus/public_html/floratama/system/Common.php(1271): CodeIgniter\View\View->render('pages', Array, true)
#4 /home/sorotnus/public_html/floratama/app/Libraries/Init.php(130): view('pages', Array)
#5 /home/sorotnus/public_html/floratama/app/Controllers/Home.php(87): App\Libraries\Init->no_slider('pages', Array)
#6 /home/sorotnus/public_html/floratama/system/CodeIgniter.php(928): App\Controllers\Home->pages('images', 'blog', '12.jpg')
#7 /home/sorotnus/public_html/floratama/system/CodeIgniter.php(436): CodeIgniter\CodeIgniter->runController(Object(App\Controllers\Home))
#8 /home/sorotnus/public_html/floratama/system/CodeIgniter.php(336): CodeIgniter\CodeIgniter->handleRequest(NULL, Object(Config\Cache), false)
#9 /home/sorotnus/public_html/floratama/index.php(45): CodeIgniter\CodeIgniter->run()
#10 {main}
CRITICAL - 2021-10-24 05:41:44 --> Undefined offset: 0
#0 /home/sorotnus/public_html/floratama/app/Views/pages.php(12): CodeIgniter\Debug\Exceptions->errorHandler(8, 'Undefined offse...', '/home/sorotnus/...', 12, Array)
#1 /home/sorotnus/public_html/floratama/system/View/View.php(230): include('/home/sorotnus/...')
#2 /home/sorotnus/public_html/floratama/system/View/View.php(232): CodeIgniter\View\View->CodeIgniter\View\{closure}()
#3 /home/sorotnus/public_html/floratama/system/Common.php(1271): CodeIgniter\View\View->render('pages', Array, true)
#4 /home/sorotnus/public_html/floratama/app/Libraries/Init.php(130): view('pages', Array)
#5 /home/sorotnus/public_html/floratama/app/Controllers/Home.php(87): App\Libraries\Init->no_slider('pages', Array)
#6 /home/sorotnus/public_html/floratama/system/CodeIgniter.php(928): App\Controllers\Home->pages('<')
#7 /home/sorotnus/public_html/floratama/system/CodeIgniter.php(436): CodeIgniter\CodeIgniter->runController(Object(App\Controllers\Home))
#8 /home/sorotnus/public_html/floratama/system/CodeIgniter.php(336): CodeIgniter\CodeIgniter->handleRequest(NULL, Object(Config\Cache), false)
#9 /home/sorotnus/public_html/floratama/index.php(45): CodeIgniter\CodeIgniter->run()
#10 {main}
CRITICAL - 2021-10-24 05:42:53 --> Undefined offset: 0
#0 /home/sorotnus/public_html/floratama/app/Views/pages.php(12): CodeIgniter\Debug\Exceptions->errorHandler(8, 'Undefined offse...', '/home/sorotnus/...', 12, Array)
#1 /home/sorotnus/public_html/floratama/system/View/View.php(230): include('/home/sorotnus/...')
#2 /home/sorotnus/public_html/floratama/system/View/View.php(232): CodeIgniter\View\View->CodeIgniter\View\{closure}()
#3 /home/sorotnus/public_html/floratama/system/Common.php(1271): CodeIgniter\View\View->render('pages', Array, true)
#4 /home/sorotnus/public_html/floratama/app/Libraries/Init.php(130): view('pages', Array)
#5 /home/sorotnus/public_html/floratama/app/Controllers/Home.php(87): App\Libraries\Init->no_slider('pages', Array)
#6 /home/sorotnus/public_html/floratama/system/CodeIgniter.php(928): App\Controllers\Home->pages('<')
#7 /home/sorotnus/public_html/floratama/system/CodeIgniter.php(436): CodeIgniter\CodeIgniter->runController(Object(App\Controllers\Home))
#8 /home/sorotnus/public_html/floratama/system/CodeIgniter.php(336): CodeIgniter\CodeIgniter->handleRequest(NULL, Object(Config\Cache), false)
#9 /home/sorotnus/public_html/floratama/index.php(45): CodeIgniter\CodeIgniter->run()
#10 {main}
CRITICAL - 2021-10-24 05:43:29 --> Undefined offset: 0
#0 /home/sorotnus/public_html/floratama/app/Views/pages.php(12): CodeIgniter\Debug\Exceptions->errorHandler(8, 'Undefined offse...', '/home/sorotnus/...', 12, Array)
#1 /home/sorotnus/public_html/floratama/system/View/View.php(230): include('/home/sorotnus/...')
#2 /home/sorotnus/public_html/floratama/system/View/View.php(232): CodeIgniter\View\View->CodeIgniter\View\{closure}()
#3 /home/sorotnus/public_html/floratama/system/Common.php(1271): CodeIgniter\View\View->render('pages', Array, true)
#4 /home/sorotnus/public_html/floratama/app/Libraries/Init.php(130): view('pages', Array)
#5 /home/sorotnus/public_html/floratama/app/Controllers/Home.php(87): App\Libraries\Init->no_slider('pages', Array)
#6 /home/sorotnus/public_html/floratama/system/CodeIgniter.php(928): App\Controllers\Home->pages('<')
#7 /home/sorotnus/public_html/floratama/system/CodeIgniter.php(436): CodeIgniter\CodeIgniter->runController(Object(App\Controllers\Home))
#8 /home/sorotnus/public_html/floratama/system/CodeIgniter.php(336): CodeIgniter\CodeIgniter->handleRequest(NULL, Object(Config\Cache), false)
#9 /home/sorotnus/public_html/floratama/index.php(45): CodeIgniter\CodeIgniter->run()
#10 {main}
CRITICAL - 2021-10-24 05:44:02 --> Undefined offset: 0
#0 /home/sorotnus/public_html/floratama/app/Views/pages.php(12): CodeIgniter\Debug\Exceptions->errorHandler(8, 'Undefined offse...', '/home/sorotnus/...', 12, Array)
#1 /home/sorotnus/public_html/floratama/system/View/View.php(230): include('/home/sorotnus/...')
#2 /home/sorotnus/public_html/floratama/system/View/View.php(232): CodeIgniter\View\View->CodeIgniter\View\{closure}()
#3 /home/sorotnus/public_html/floratama/system/Common.php(1271): CodeIgniter\View\View->render('pages', Array, true)
#4 /home/sorotnus/public_html/floratama/app/Libraries/Init.php(130): view('pages', Array)
#5 /home/sorotnus/public_html/floratama/app/Controllers/Home.php(87): App\Libraries\Init->no_slider('pages', Array)
#6 /home/sorotnus/public_html/floratama/system/CodeIgniter.php(928): App\Controllers\Home->pages('<')
#7 /home/sorotnus/public_html/floratama/system/CodeIgniter.php(436): CodeIgniter\CodeIgniter->runController(Object(App\Controllers\Home))
#8 /home/sorotnus/public_html/floratama/system/CodeIgniter.php(336): CodeIgniter\CodeIgniter->handleRequest(NULL, Object(Config\Cache), false)
#9 /home/sorotnus/public_html/floratama/index.php(45): CodeIgniter\CodeIgniter->run()
#10 {main}
CRITICAL - 2021-10-24 05:44:17 --> Array to string conversion
#0 /home/sorotnus/public_html/floratama/app/Views/pages.php(36): CodeIgniter\Debug\Exceptions->errorHandler(8, 'Array to string...', '/home/sorotnus/...', 36, Array)
#1 /home/sorotnus/public_html/floratama/system/View/View.php(230): include('/home/sorotnus/...')
#2 /home/sorotnus/public_html/floratama/system/View/View.php(232): CodeIgniter\View\View->CodeIgniter\View\{closure}()
#3 /home/sorotnus/public_html/floratama/system/Common.php(1271): CodeIgniter\View\View->render('pages', Array, true)
#4 /home/sorotnus/public_html/floratama/app/Libraries/Init.php(130): view('pages', Array)
#5 /home/sorotnus/public_html/floratama/app/Controllers/Home.php(87): App\Libraries\Init->no_slider('pages', Array)
#6 /home/sorotnus/public_html/floratama/system/CodeIgniter.php(928): App\Controllers\Home->pages('peluang-investa...')
#7 /home/sorotnus/public_html/floratama/system/CodeIgniter.php(436): CodeIgniter\CodeIgniter->runController(Object(App\Controllers\Home))
#8 /home/sorotnus/public_html/floratama/system/CodeIgniter.php(336): CodeIgniter\CodeIgniter->handleRequest(NULL, Object(Config\Cache), false)
#9 /home/sorotnus/public_html/floratama/index.php(45): CodeIgniter\CodeIgniter->run()
#10 {main}
CRITICAL - 2021-10-24 05:44:27 --> Undefined offset: 0
#0 /home/sorotnus/public_html/floratama/app/Views/pages.php(12): CodeIgniter\Debug\Exceptions->errorHandler(8, 'Undefined offse...', '/home/sorotnus/...', 12, Array)
#1 /home/sorotnus/public_html/floratama/system/View/View.php(230): include('/home/sorotnus/...')
#2 /home/sorotnus/public_html/floratama/system/View/View.php(232): CodeIgniter\View\View->CodeIgniter\View\{closure}()
#3 /home/sorotnus/public_html/floratama/system/Common.php(1271): CodeIgniter\View\View->render('pages', Array, true)
#4 /home/sorotnus/public_html/floratama/app/Libraries/Init.php(130): view('pages', Array)
#5 /home/sorotnus/public_html/floratama/app/Controllers/Home.php(87): App\Libraries\Init->no_slider('pages', Array)
#6 /home/sorotnus/public_html/floratama/system/CodeIgniter.php(928): App\Controllers\Home->pages('<')
#7 /home/sorotnus/public_html/floratama/system/CodeIgniter.php(436): CodeIgniter\CodeIgniter->runController(Object(App\Controllers\Home))
#8 /home/sorotnus/public_html/floratama/system/CodeIgniter.php(336): CodeIgniter\CodeIgniter->handleRequest(NULL, Object(Config\Cache), false)
#9 /home/sorotnus/public_html/floratama/index.php(45): CodeIgniter\CodeIgniter->run()
#10 {main}
CRITICAL - 2021-10-24 05:45:43 --> Undefined offset: 0
#0 /home/sorotnus/public_html/floratama/app/Views/pages.php(12): CodeIgniter\Debug\Exceptions->errorHandler(8, 'Undefined offse...', '/home/sorotnus/...', 12, Array)
#1 /home/sorotnus/public_html/floratama/system/View/View.php(230): include('/home/sorotnus/...')
#2 /home/sorotnus/public_html/floratama/system/View/View.php(232): CodeIgniter\View\View->CodeIgniter\View\{closure}()
#3 /home/sorotnus/public_html/floratama/system/Common.php(1271): CodeIgniter\View\View->render('pages', Array, true)
#4 /home/sorotnus/public_html/floratama/app/Libraries/Init.php(130): view('pages', Array)
#5 /home/sorotnus/public_html/floratama/app/Controllers/Home.php(87): App\Libraries\Init->no_slider('pages', Array)
#6 /home/sorotnus/public_html/floratama/system/CodeIgniter.php(928): App\Controllers\Home->pages('<')
#7 /home/sorotnus/public_html/floratama/system/CodeIgniter.php(436): CodeIgniter\CodeIgniter->runController(Object(App\Controllers\Home))
#8 /home/sorotnus/public_html/floratama/system/CodeIgniter.php(336): CodeIgniter\CodeIgniter->handleRequest(NULL, Object(Config\Cache), false)
#9 /home/sorotnus/public_html/floratama/index.php(45): CodeIgniter\CodeIgniter->run()
#10 {main}
CRITICAL - 2021-10-24 05:46:03 --> Undefined offset: 0
#0 /home/sorotnus/public_html/floratama/app/Views/pages.php(12): CodeIgniter\Debug\Exceptions->errorHandler(8, 'Undefined offse...', '/home/sorotnus/...', 12, Array)
#1 /home/sorotnus/public_html/floratama/system/View/View.php(230): include('/home/sorotnus/...')
#2 /home/sorotnus/public_html/floratama/system/View/View.php(232): CodeIgniter\View\View->CodeIgniter\View\{closure}()
#3 /home/sorotnus/public_html/floratama/system/Common.php(1271): CodeIgniter\View\View->render('pages', Array, true)
#4 /home/sorotnus/public_html/floratama/app/Libraries/Init.php(130): view('pages', Array)
#5 /home/sorotnus/public_html/floratama/app/Controllers/Home.php(87): App\Libraries\Init->no_slider('pages', Array)
#6 /home/sorotnus/public_html/floratama/system/CodeIgniter.php(928): App\Controllers\Home->pages('<')
#7 /home/sorotnus/public_html/floratama/system/CodeIgniter.php(436): CodeIgniter\CodeIgniter->runController(Object(App\Controllers\Home))
#8 /home/sorotnus/public_html/floratama/system/CodeIgniter.php(336): CodeIgniter\CodeIgniter->handleRequest(NULL, Object(Config\Cache), false)
#9 /home/sorotnus/public_html/floratama/index.php(45): CodeIgniter\CodeIgniter->run()
#10 {main}
CRITICAL - 2021-10-24 05:46:58 --> Undefined offset: 0
#0 /home/sorotnus/public_html/floratama/app/Views/pages.php(12): CodeIgniter\Debug\Exceptions->errorHandler(8, 'Undefined offse...', '/home/sorotnus/...', 12, Array)
#1 /home/sorotnus/public_html/floratama/system/View/View.php(230): include('/home/sorotnus/...')
#2 /home/sorotnus/public_html/floratama/system/View/View.php(232): CodeIgniter\View\View->CodeIgniter\View\{closure}()
#3 /home/sorotnus/public_html/floratama/system/Common.php(1271): CodeIgniter\View\View->render('pages', Array, true)
#4 /home/sorotnus/public_html/floratama/app/Libraries/Init.php(130): view('pages', Array)
#5 /home/sorotnus/public_html/floratama/app/Controllers/Home.php(87): App\Libraries\Init->no_slider('pages', Array)
#6 /home/sorotnus/public_html/floratama/system/CodeIgniter.php(928): App\Controllers\Home->pages('<')
#7 /home/sorotnus/public_html/floratama/system/CodeIgniter.php(436): CodeIgniter\CodeIgniter->runController(Object(App\Controllers\Home))
#8 /home/sorotnus/public_html/floratama/system/CodeIgniter.php(336): CodeIgniter\CodeIgniter->handleRequest(NULL, Object(Config\Cache), false)
#9 /home/sorotnus/public_html/floratama/index.php(45): CodeIgniter\CodeIgniter->run()
#10 {main}
CRITICAL - 2021-10-24 05:47:18 --> Undefined offset: 0
#0 /home/sorotnus/public_html/floratama/app/Views/pages.php(12): CodeIgniter\Debug\Exceptions->errorHandler(8, 'Undefined offse...', '/home/sorotnus/...', 12, Array)
#1 /home/sorotnus/public_html/floratama/system/View/View.php(230): include('/home/sorotnus/...')
#2 /home/sorotnus/public_html/floratama/system/View/View.php(232): CodeIgniter\View\View->CodeIgniter\View\{closure}()
#3 /home/sorotnus/public_html/floratama/system/Common.php(1271): CodeIgniter\View\View->render('pages', Array, true)
#4 /home/sorotnus/public_html/floratama/app/Libraries/Init.php(130): view('pages', Array)
#5 /home/sorotnus/public_html/floratama/app/Controllers/Home.php(87): App\Libraries\Init->no_slider('pages', Array)
#6 /home/sorotnus/public_html/floratama/system/CodeIgniter.php(928): App\Controllers\Home->pages('<')
#7 /home/sorotnus/public_html/floratama/system/CodeIgniter.php(436): CodeIgniter\CodeIgniter->runController(Object(App\Controllers\Home))
#8 /home/sorotnus/public_html/floratama/system/CodeIgniter.php(336): CodeIgniter\CodeIgniter->handleRequest(NULL, Object(Config\Cache), false)
#9 /home/sorotnus/public_html/floratama/index.php(45): CodeIgniter\CodeIgniter->run()
#10 {main}
CRITICAL - 2021-10-24 05:51:48 --> Undefined offset: 0
#0 /home/sorotnus/public_html/floratama/app/Views/pages.php(12): CodeIgniter\Debug\Exceptions->errorHandler(8, 'Undefined offse...', '/home/sorotnus/...', 12, Array)
#1 /home/sorotnus/public_html/floratama/system/View/View.php(230): include('/home/sorotnus/...')
#2 /home/sorotnus/public_html/floratama/system/View/View.php(232): CodeIgniter\View\View->CodeIgniter\View\{closure}()
#3 /home/sorotnus/public_html/floratama/system/Common.php(1271): CodeIgniter\View\View->render('pages', Array, true)
#4 /home/sorotnus/public_html/floratama/app/Libraries/Init.php(130): view('pages', Array)
#5 /home/sorotnus/public_html/floratama/app/Controllers/Home.php(88): App\Libraries\Init->no_slider('pages', Array)
#6 /home/sorotnus/public_html/floratama/system/CodeIgniter.php(928): App\Controllers\Home->pages('<')
#7 /home/sorotnus/public_html/floratama/system/CodeIgniter.php(436): CodeIgniter\CodeIgniter->runController(Object(App\Controllers\Home))
#8 /home/sorotnus/public_html/floratama/system/CodeIgniter.php(336): CodeIgniter\CodeIgniter->handleRequest(NULL, Object(Config\Cache), false)
#9 /home/sorotnus/public_html/floratama/index.php(45): CodeIgniter\CodeIgniter->run()
#10 {main}
CRITICAL - 2021-10-24 05:52:40 --> Undefined offset: 0
#0 /home/sorotnus/public_html/floratama/app/Views/pages.php(12): CodeIgniter\Debug\Exceptions->errorHandler(8, 'Undefined offse...', '/home/sorotnus/...', 12, Array)
#1 /home/sorotnus/public_html/floratama/system/View/View.php(230): include('/home/sorotnus/...')
#2 /home/sorotnus/public_html/floratama/system/View/View.php(232): CodeIgniter\View\View->CodeIgniter\View\{closure}()
#3 /home/sorotnus/public_html/floratama/system/Common.php(1271): CodeIgniter\View\View->render('pages', Array, true)
#4 /home/sorotnus/public_html/floratama/app/Libraries/Init.php(130): view('pages', Array)
#5 /home/sorotnus/public_html/floratama/app/Controllers/Home.php(88): App\Libraries\Init->no_slider('pages', Array)
#6 /home/sorotnus/public_html/floratama/system/CodeIgniter.php(928): App\Controllers\Home->pages('<')
#7 /home/sorotnus/public_html/floratama/system/CodeIgniter.php(436): CodeIgniter\CodeIgniter->runController(Object(App\Controllers\Home))
#8 /home/sorotnus/public_html/floratama/system/CodeIgniter.php(336): CodeIgniter\CodeIgniter->handleRequest(NULL, Object(Config\Cache), false)
#9 /home/sorotnus/public_html/floratama/index.php(45): CodeIgniter\CodeIgniter->run()
#10 {main}
CRITICAL - 2021-10-24 05:52:59 --> Undefined offset: 0
#0 /home/sorotnus/public_html/floratama/app/Views/pages.php(12): CodeIgniter\Debug\Exceptions->errorHandler(8, 'Undefined offse...', '/home/sorotnus/...', 12, Array)
#1 /home/sorotnus/public_html/floratama/system/View/View.php(230): include('/home/sorotnus/...')
#2 /home/sorotnus/public_html/floratama/system/View/View.php(232): CodeIgniter\View\View->CodeIgniter\View\{closure}()
#3 /home/sorotnus/public_html/floratama/system/Common.php(1271): CodeIgniter\View\View->render('pages', Array, true)
#4 /home/sorotnus/public_html/floratama/app/Libraries/Init.php(130): view('pages', Array)
#5 /home/sorotnus/public_html/floratama/app/Controllers/Home.php(88): App\Libraries\Init->no_slider('pages', Array)
#6 /home/sorotnus/public_html/floratama/system/CodeIgniter.php(928): App\Controllers\Home->pages('<')
#7 /home/sorotnus/public_html/floratama/system/CodeIgniter.php(436): CodeIgniter\CodeIgniter->runController(Object(App\Controllers\Home))
#8 /home/sorotnus/public_html/floratama/system/CodeIgniter.php(336): CodeIgniter\CodeIgniter->handleRequest(NULL, Object(Config\Cache), false)
#9 /home/sorotnus/public_html/floratama/index.php(45): CodeIgniter\CodeIgniter->run()
#10 {main}
CRITICAL - 2021-10-24 05:53:09 --> Undefined offset: 0
#0 /home/sorotnus/public_html/floratama/app/Views/pages.php(12): CodeIgniter\Debug\Exceptions->errorHandler(8, 'Undefined offse...', '/home/sorotnus/...', 12, Array)
#1 /home/sorotnus/public_html/floratama/system/View/View.php(230): include('/home/sorotnus/...')
#2 /home/sorotnus/public_html/floratama/system/View/View.php(232): CodeIgniter\View\View->CodeIgniter\View\{closure}()
#3 /home/sorotnus/public_html/floratama/system/Common.php(1271): CodeIgniter\View\View->render('pages', Array, true)
#4 /home/sorotnus/public_html/floratama/app/Libraries/Init.php(130): view('pages', Array)
#5 /home/sorotnus/public_html/floratama/app/Controllers/Home.php(88): App\Libraries\Init->no_slider('pages', Array)
#6 /home/sorotnus/public_html/floratama/system/CodeIgniter.php(928): App\Controllers\Home->pages('<')
#7 /home/sorotnus/public_html/floratama/system/CodeIgniter.php(436): CodeIgniter\CodeIgniter->runController(Object(App\Controllers\Home))
#8 /home/sorotnus/public_html/floratama/system/CodeIgniter.php(336): CodeIgniter\CodeIgniter->handleRequest(NULL, Object(Config\Cache), false)
#9 /home/sorotnus/public_html/floratama/index.php(45): CodeIgniter\CodeIgniter->run()
#10 {main}
CRITICAL - 2021-10-24 16:58:39 --> Undefined offset: 0
#0 /home/sorotnus/public_html/floratama/app/Views/pages.php(12): CodeIgniter\Debug\Exceptions->errorHandler(8, 'Undefined offse...', '/home/sorotnus/...', 12, Array)
#1 /home/sorotnus/public_html/floratama/system/View/View.php(230): include('/home/sorotnus/...')
#2 /home/sorotnus/public_html/floratama/system/View/View.php(232): CodeIgniter\View\View->CodeIgniter\View\{closure}()
#3 /home/sorotnus/public_html/floratama/system/Common.php(1271): CodeIgniter\View\View->render('pages', Array, true)
#4 /home/sorotnus/public_html/floratama/app/Libraries/Init.php(130): view('pages', Array)
#5 /home/sorotnus/public_html/floratama/app/Controllers/Home.php(88): App\Libraries\Init->no_slider('pages', Array)
#6 /home/sorotnus/public_html/floratama/system/CodeIgniter.php(928): App\Controllers\Home->pages('sekilas-labuan-...')
#7 /home/sorotnus/public_html/floratama/system/CodeIgniter.php(436): CodeIgniter\CodeIgniter->runController(Object(App\Controllers\Home))
#8 /home/sorotnus/public_html/floratama/system/CodeIgniter.php(336): CodeIgniter\CodeIgniter->handleRequest(NULL, Object(Config\Cache), false)
#9 /home/sorotnus/public_html/floratama/index.php(45): CodeIgniter\CodeIgniter->run()
#10 {main}
