CRITICAL - 2021-11-01 14:52:15 --> Class 'App\Controllers\ResController\Admin' not found
#0 /home/sorotnus/public_html/floratama/system/Router/Router.php(566): include_once()
#1 /home/sorotnus/public_html/floratama/system/Router/Router.php(169): CodeIgniter\Router\Router->autoRoute('admin/home')
#2 /home/sorotnus/public_html/floratama/system/CodeIgniter.php(809): CodeIgniter\Router\Router->handle('admin/home')
#3 /home/sorotnus/public_html/floratama/system/CodeIgniter.php(389): CodeIgniter\CodeIgniter->tryToRouteIt(Object(CodeIgniter\Router\RouteCollection))
#4 /home/sorotnus/public_html/floratama/system/CodeIgniter.php(336): CodeIgniter\CodeIgniter->handleRequest(NULL, Object(Config\Cache), false)
#5 /home/sorotnus/public_html/floratama/index.php(45): CodeIgniter\CodeIgniter->run()
#6 {main}
CRITICAL - 2021-11-01 14:53:15 --> Class 'App\Controllers\Admin\ResController' not found
#0 /home/sorotnus/public_html/floratama/system/Router/Router.php(566): include_once()
#1 /home/sorotnus/public_html/floratama/system/Router/Router.php(169): CodeIgniter\Router\Router->autoRoute('admin/home')
#2 /home/sorotnus/public_html/floratama/system/CodeIgniter.php(809): CodeIgniter\Router\Router->handle('admin/home')
#3 /home/sorotnus/public_html/floratama/system/CodeIgniter.php(389): CodeIgniter\CodeIgniter->tryToRouteIt(Object(CodeIgniter\Router\RouteCollection))
#4 /home/sorotnus/public_html/floratama/system/CodeIgniter.php(336): CodeIgniter\CodeIgniter->handleRequest(NULL, Object(Config\Cache), false)
#5 /home/sorotnus/public_html/floratama/index.php(45): CodeIgniter\CodeIgniter->run()
#6 {main}
CRITICAL - 2021-11-01 14:54:45 --> Undefined variable: routes
#0 /home/sorotnus/public_html/floratama/app/Controllers/Admin/Home.php(4): CodeIgniter\Debug\Exceptions->errorHandler(8, 'Undefined varia...', '/home/sorotnus/...', 4, Array)
#1 /home/sorotnus/public_html/floratama/system/Router/Router.php(566): include_once('/home/sorotnus/...')
#2 /home/sorotnus/public_html/floratama/system/Router/Router.php(169): CodeIgniter\Router\Router->autoRoute('admin/home')
#3 /home/sorotnus/public_html/floratama/system/CodeIgniter.php(809): CodeIgniter\Router\Router->handle('admin/home')
#4 /home/sorotnus/public_html/floratama/system/CodeIgniter.php(389): CodeIgniter\CodeIgniter->tryToRouteIt(Object(CodeIgniter\Router\RouteCollection))
#5 /home/sorotnus/public_html/floratama/system/CodeIgniter.php(336): CodeIgniter\CodeIgniter->handleRequest(NULL, Object(Config\Cache), false)
#6 /home/sorotnus/public_html/floratama/index.php(45): CodeIgniter\CodeIgniter->run()
#7 {main}
CRITICAL - 2021-11-01 14:55:02 --> Class 'App\Controllers\Admin\ResController' not found
#0 /home/sorotnus/public_html/floratama/system/Router/Router.php(566): include_once()
#1 /home/sorotnus/public_html/floratama/system/Router/Router.php(169): CodeIgniter\Router\Router->autoRoute('admin/home')
#2 /home/sorotnus/public_html/floratama/system/CodeIgniter.php(809): CodeIgniter\Router\Router->handle('admin/home')
#3 /home/sorotnus/public_html/floratama/system/CodeIgniter.php(389): CodeIgniter\CodeIgniter->tryToRouteIt(Object(CodeIgniter\Router\RouteCollection))
#4 /home/sorotnus/public_html/floratama/system/CodeIgniter.php(336): CodeIgniter\CodeIgniter->handleRequest(NULL, Object(Config\Cache), false)
#5 /home/sorotnus/public_html/floratama/index.php(45): CodeIgniter\CodeIgniter->run()
#6 {main}
CRITICAL - 2021-11-01 16:39:00 --> Undefined variable: slider
#0 /home/sorotnus/public_html/floratama/app/Views/template/media.php(9): CodeIgniter\Debug\Exceptions->errorHandler(8, 'Undefined varia...', '/home/sorotnus/...', 9, Array)
#1 /home/sorotnus/public_html/floratama/system/View/View.php(230): include('/home/sorotnus/...')
#2 /home/sorotnus/public_html/floratama/system/View/View.php(232): CodeIgniter\View\View->CodeIgniter\View\{closure}()
#3 /home/sorotnus/public_html/floratama/system/Common.php(1271): CodeIgniter\View\View->render('template/media', Array, true)
#4 /home/sorotnus/public_html/floratama/app/Libraries/Init.php(103): view('template/media', Array)
#5 /home/sorotnus/public_html/floratama/app/Controllers/Login.php(13): App\Libraries\Init->nologin('login', Array)
#6 /home/sorotnus/public_html/floratama/system/CodeIgniter.php(928): App\Controllers\Login->index()
#7 /home/sorotnus/public_html/floratama/system/CodeIgniter.php(436): CodeIgniter\CodeIgniter->runController(Object(App\Controllers\Login))
#8 /home/sorotnus/public_html/floratama/system/CodeIgniter.php(336): CodeIgniter\CodeIgniter->handleRequest(NULL, Object(Config\Cache), false)
#9 /home/sorotnus/public_html/floratama/index.php(45): CodeIgniter\CodeIgniter->run()
#10 {main}
CRITICAL - 2021-11-01 16:51:37 --> Undefined property: App\Libraries\Init::$load
#0 /home/sorotnus/public_html/floratama/app/Libraries/Init.php(231): CodeIgniter\Debug\Exceptions->errorHandler(8, 'Undefined prope...', '/home/sorotnus/...', 231, Array)
#1 /home/sorotnus/public_html/floratama/app/Controllers/Admin/Home.php(10): App\Libraries\Init->generate_admin('admin/user_acco...')
#2 /home/sorotnus/public_html/floratama/system/CodeIgniter.php(928): App\Controllers\Admin\Home->index()
#3 /home/sorotnus/public_html/floratama/system/CodeIgniter.php(436): CodeIgniter\CodeIgniter->runController(Object(App\Controllers\Admin\Home))
#4 /home/sorotnus/public_html/floratama/system/CodeIgniter.php(336): CodeIgniter\CodeIgniter->handleRequest(NULL, Object(Config\Cache), false)
#5 /home/sorotnus/public_html/floratama/index.php(45): CodeIgniter\CodeIgniter->run()
#6 {main}
ERROR - 2021-11-01 16:55:30 --> Table 'sorotnus_floratama.member' doesn't exist
CRITICAL - 2021-11-01 16:55:30 --> Table 'sorotnus_floratama.member' doesn't exist
#0 /home/sorotnus/public_html/floratama/system/Database/MySQLi/Connection.php(329): mysqli->query('SELECT *\nFROM `...')
#1 /home/sorotnus/public_html/floratama/system/Database/BaseConnection.php(732): CodeIgniter\Database\MySQLi\Connection->execute('SELECT *\nFROM `...')
#2 /home/sorotnus/public_html/floratama/system/Database/BaseConnection.php(647): CodeIgniter\Database\BaseConnection->simpleQuery('SELECT *\nFROM `...')
#3 /home/sorotnus/public_html/floratama/system/Database/BaseBuilder.php(1881): CodeIgniter\Database\BaseConnection->query('SELECT *\nFROM `...', Array, false)
#4 /home/sorotnus/public_html/floratama/app/Models/Login.php(13): CodeIgniter\Database\BaseBuilder->get()
#5 /home/sorotnus/public_html/floratama/app/Controllers/Login.php(24): App\Models\Login->set_login(false, 'f6703ebca1ebda2...')
#6 /home/sorotnus/public_html/floratama/system/CodeIgniter.php(928): App\Controllers\Login->do_login()
#7 /home/sorotnus/public_html/floratama/system/CodeIgniter.php(436): CodeIgniter\CodeIgniter->runController(Object(App\Controllers\Login))
#8 /home/sorotnus/public_html/floratama/system/CodeIgniter.php(336): CodeIgniter\CodeIgniter->handleRequest(NULL, Object(Config\Cache), false)
#9 /home/sorotnus/public_html/floratama/index.php(45): CodeIgniter\CodeIgniter->run()
#10 {main}
ERROR - 2021-11-01 16:55:41 --> Table 'sorotnus_floratama.member' doesn't exist
CRITICAL - 2021-11-01 16:55:41 --> Table 'sorotnus_floratama.member' doesn't exist
#0 /home/sorotnus/public_html/floratama/system/Database/MySQLi/Connection.php(329): mysqli->query('SELECT *\nFROM `...')
#1 /home/sorotnus/public_html/floratama/system/Database/BaseConnection.php(732): CodeIgniter\Database\MySQLi\Connection->execute('SELECT *\nFROM `...')
#2 /home/sorotnus/public_html/floratama/system/Database/BaseConnection.php(647): CodeIgniter\Database\BaseConnection->simpleQuery('SELECT *\nFROM `...')
#3 /home/sorotnus/public_html/floratama/system/Database/BaseBuilder.php(1881): CodeIgniter\Database\BaseConnection->query('SELECT *\nFROM `...', Array, false)
#4 /home/sorotnus/public_html/floratama/app/Models/Login.php(13): CodeIgniter\Database\BaseBuilder->get()
#5 /home/sorotnus/public_html/floratama/app/Controllers/Admin/Login.php(21): App\Models\Login->set_login(false, 'f6703ebca1ebda2...')
#6 /home/sorotnus/public_html/floratama/system/CodeIgniter.php(928): App\Controllers\Admin\Login->do_login()
#7 /home/sorotnus/public_html/floratama/system/CodeIgniter.php(436): CodeIgniter\CodeIgniter->runController(Object(App\Controllers\Admin\Login))
#8 /home/sorotnus/public_html/floratama/system/CodeIgniter.php(336): CodeIgniter\CodeIgniter->handleRequest(NULL, Object(Config\Cache), false)
#9 /home/sorotnus/public_html/floratama/index.php(45): CodeIgniter\CodeIgniter->run()
#10 {main}
ERROR - 2021-11-01 16:58:23 --> Table 'sorotnus_floratama.member' doesn't exist
CRITICAL - 2021-11-01 16:58:23 --> Table 'sorotnus_floratama.member' doesn't exist
#0 /home/sorotnus/public_html/floratama/system/Database/MySQLi/Connection.php(329): mysqli->query('SELECT *\nFROM `...')
#1 /home/sorotnus/public_html/floratama/system/Database/BaseConnection.php(732): CodeIgniter\Database\MySQLi\Connection->execute('SELECT *\nFROM `...')
#2 /home/sorotnus/public_html/floratama/system/Database/BaseConnection.php(647): CodeIgniter\Database\BaseConnection->simpleQuery('SELECT *\nFROM `...')
#3 /home/sorotnus/public_html/floratama/system/Database/BaseBuilder.php(1881): CodeIgniter\Database\BaseConnection->query('SELECT *\nFROM `...', Array, false)
#4 /home/sorotnus/public_html/floratama/app/Models/Login.php(13): CodeIgniter\Database\BaseBuilder->get()
#5 /home/sorotnus/public_html/floratama/app/Controllers/Admin/Login.php(21): App\Models\Login->set_login(false, 'f6703ebca1ebda2...')
#6 /home/sorotnus/public_html/floratama/system/CodeIgniter.php(928): App\Controllers\Admin\Login->do_login()
#7 /home/sorotnus/public_html/floratama/system/CodeIgniter.php(436): CodeIgniter\CodeIgniter->runController(Object(App\Controllers\Admin\Login))
#8 /home/sorotnus/public_html/floratama/system/CodeIgniter.php(336): CodeIgniter\CodeIgniter->handleRequest(NULL, Object(Config\Cache), false)
#9 /home/sorotnus/public_html/floratama/index.php(45): CodeIgniter\CodeIgniter->run()
#10 {main}
ERROR - 2021-11-01 16:59:48 --> Table 'sorotnus_floratama.member' doesn't exist
CRITICAL - 2021-11-01 16:59:48 --> Table 'sorotnus_floratama.member' doesn't exist
#0 /home/sorotnus/public_html/floratama/system/Database/MySQLi/Connection.php(329): mysqli->query('SELECT *\nFROM `...')
#1 /home/sorotnus/public_html/floratama/system/Database/BaseConnection.php(732): CodeIgniter\Database\MySQLi\Connection->execute('SELECT *\nFROM `...')
#2 /home/sorotnus/public_html/floratama/system/Database/BaseConnection.php(647): CodeIgniter\Database\BaseConnection->simpleQuery('SELECT *\nFROM `...')
#3 /home/sorotnus/public_html/floratama/system/Database/BaseBuilder.php(1881): CodeIgniter\Database\BaseConnection->query('SELECT *\nFROM `...', Array, false)
#4 /home/sorotnus/public_html/floratama/app/Models/Login.php(13): CodeIgniter\Database\BaseBuilder->get()
#5 /home/sorotnus/public_html/floratama/app/Controllers/Admin/Login.php(21): App\Models\Login->set_login(false, 'f6703ebca1ebda2...')
#6 /home/sorotnus/public_html/floratama/system/CodeIgniter.php(928): App\Controllers\Admin\Login->do_login()
#7 /home/sorotnus/public_html/floratama/system/CodeIgniter.php(436): CodeIgniter\CodeIgniter->runController(Object(App\Controllers\Admin\Login))
#8 /home/sorotnus/public_html/floratama/system/CodeIgniter.php(336): CodeIgniter\CodeIgniter->handleRequest(NULL, Object(Config\Cache), false)
#9 /home/sorotnus/public_html/floratama/index.php(45): CodeIgniter\CodeIgniter->run()
#10 {main}
CRITICAL - 2021-11-01 17:02:19 --> Undefined property: App\Libraries\Init::$load
#0 /home/sorotnus/public_html/floratama/app/Libraries/Init.php(223): CodeIgniter\Debug\Exceptions->errorHandler(8, 'Undefined prope...', '/home/sorotnus/...', 223, Array)
#1 /home/sorotnus/public_html/floratama/app/Controllers/Admin/Dashboard.php(14): App\Libraries\Init->generate_admin('welcome_message')
#2 /home/sorotnus/public_html/floratama/system/CodeIgniter.php(928): App\Controllers\Admin\Dashboard->index()
#3 /home/sorotnus/public_html/floratama/system/CodeIgniter.php(436): CodeIgniter\CodeIgniter->runController(Object(App\Controllers\Admin\Dashboard))
#4 /home/sorotnus/public_html/floratama/system/CodeIgniter.php(336): CodeIgniter\CodeIgniter->handleRequest(NULL, Object(Config\Cache), false)
#5 /home/sorotnus/public_html/floratama/index.php(45): CodeIgniter\CodeIgniter->run()
#6 {main}
CRITICAL - 2021-11-01 17:03:04 --> Undefined variable: sidebar
#0 /home/sorotnus/public_html/floratama/app/Views/template/admin/media.php(8): CodeIgniter\Debug\Exceptions->errorHandler(8, 'Undefined varia...', '/home/sorotnus/...', 8, Array)
#1 /home/sorotnus/public_html/floratama/system/View/View.php(230): include('/home/sorotnus/...')
#2 /home/sorotnus/public_html/floratama/system/View/View.php(232): CodeIgniter\View\View->CodeIgniter\View\{closure}()
#3 /home/sorotnus/public_html/floratama/system/Common.php(1271): CodeIgniter\View\View->render('template/admin/...', Array, true)
#4 /home/sorotnus/public_html/floratama/app/Libraries/Init.php(229): view('template/admin/...', Array)
#5 /home/sorotnus/public_html/floratama/app/Controllers/Admin/Dashboard.php(14): App\Libraries\Init->generate_admin('welcome_message')
#6 /home/sorotnus/public_html/floratama/system/CodeIgniter.php(928): App\Controllers\Admin\Dashboard->index()
#7 /home/sorotnus/public_html/floratama/system/CodeIgniter.php(436): CodeIgniter\CodeIgniter->runController(Object(App\Controllers\Admin\Dashboard))
#8 /home/sorotnus/public_html/floratama/system/CodeIgniter.php(336): CodeIgniter\CodeIgniter->handleRequest(NULL, Object(Config\Cache), false)
#9 /home/sorotnus/public_html/floratama/index.php(45): CodeIgniter\CodeIgniter->run()
#10 {main}
CRITICAL - 2021-11-01 17:03:43 --> Undefined variable: footerjs
#0 /home/sorotnus/public_html/floratama/app/Views/template/admin/media.php(17): CodeIgniter\Debug\Exceptions->errorHandler(8, 'Undefined varia...', '/home/sorotnus/...', 17, Array)
#1 /home/sorotnus/public_html/floratama/system/View/View.php(230): include('/home/sorotnus/...')
#2 /home/sorotnus/public_html/floratama/system/View/View.php(232): CodeIgniter\View\View->CodeIgniter\View\{closure}()
#3 /home/sorotnus/public_html/floratama/system/Common.php(1271): CodeIgniter\View\View->render('template/admin/...', Array, true)
#4 /home/sorotnus/public_html/floratama/app/Libraries/Init.php(229): view('template/admin/...', Array)
#5 /home/sorotnus/public_html/floratama/app/Controllers/Admin/Dashboard.php(14): App\Libraries\Init->generate_admin('welcome_message')
#6 /home/sorotnus/public_html/floratama/system/CodeIgniter.php(928): App\Controllers\Admin\Dashboard->index()
#7 /home/sorotnus/public_html/floratama/system/CodeIgniter.php(436): CodeIgniter\CodeIgniter->runController(Object(App\Controllers\Admin\Dashboard))
#8 /home/sorotnus/public_html/floratama/system/CodeIgniter.php(336): CodeIgniter\CodeIgniter->handleRequest(NULL, Object(Config\Cache), false)
#9 /home/sorotnus/public_html/floratama/index.php(45): CodeIgniter\CodeIgniter->run()
#10 {main}
CRITICAL - 2021-11-01 17:05:36 --> syntax error, unexpected ''footerjs'' (T_CONSTANT_ENCAPSED_STRING), expecting ']'
#0 /home/sorotnus/public_html/floratama/system/Autoloader/Autoloader.php(273): CodeIgniter\Autoloader\Autoloader->includeFile('/home/sorotnus/...')
#1 /home/sorotnus/public_html/floratama/system/Autoloader/Autoloader.php(247): CodeIgniter\Autoloader\Autoloader->loadInNamespace('App\\Libraries\\I...')
#2 [internal function]: CodeIgniter\Autoloader\Autoloader->loadClass('App\\Libraries\\I...')
#3 /home/sorotnus/public_html/floratama/app/Controllers/Admin/ResController.php(80): spl_autoload_call('App\\Libraries\\I...')
#4 /home/sorotnus/public_html/floratama/system/CodeIgniter.php(901): App\Controllers\Admin\ResController->initController(Object(CodeIgniter\HTTP\IncomingRequest), Object(CodeIgniter\HTTP\Response), Object(CodeIgniter\Log\Logger))
#5 /home/sorotnus/public_html/floratama/system/CodeIgniter.php(426): CodeIgniter\CodeIgniter->createController()
#6 /home/sorotnus/public_html/floratama/system/CodeIgniter.php(336): CodeIgniter\CodeIgniter->handleRequest(NULL, Object(Config\Cache), false)
#7 /home/sorotnus/public_html/floratama/index.php(45): CodeIgniter\CodeIgniter->run()
#8 {main}
CRITICAL - 2021-11-01 17:06:15 --> syntax error, unexpected ''footerjs'' (T_CONSTANT_ENCAPSED_STRING), expecting ']'
#0 /home/sorotnus/public_html/floratama/system/Autoloader/Autoloader.php(273): CodeIgniter\Autoloader\Autoloader->includeFile('/home/sorotnus/...')
#1 /home/sorotnus/public_html/floratama/system/Autoloader/Autoloader.php(247): CodeIgniter\Autoloader\Autoloader->loadInNamespace('App\\Libraries\\I...')
#2 [internal function]: CodeIgniter\Autoloader\Autoloader->loadClass('App\\Libraries\\I...')
#3 /home/sorotnus/public_html/floratama/app/Controllers/Admin/ResController.php(80): spl_autoload_call('App\\Libraries\\I...')
#4 /home/sorotnus/public_html/floratama/system/CodeIgniter.php(901): App\Controllers\Admin\ResController->initController(Object(CodeIgniter\HTTP\IncomingRequest), Object(CodeIgniter\HTTP\Response), Object(CodeIgniter\Log\Logger))
#5 /home/sorotnus/public_html/floratama/system/CodeIgniter.php(426): CodeIgniter\CodeIgniter->createController()
#6 /home/sorotnus/public_html/floratama/system/CodeIgniter.php(336): CodeIgniter\CodeIgniter->handleRequest(NULL, Object(Config\Cache), false)
#7 /home/sorotnus/public_html/floratama/index.php(45): CodeIgniter\CodeIgniter->run()
#8 {main}
CRITICAL - 2021-11-01 17:08:56 --> Undefined variable: sidemenu
#0 /home/sorotnus/public_html/floratama/app/Views/template/admin/media.php(10): CodeIgniter\Debug\Exceptions->errorHandler(8, 'Undefined varia...', '/home/sorotnus/...', 10, Array)
#1 /home/sorotnus/public_html/floratama/system/View/View.php(230): include('/home/sorotnus/...')
#2 /home/sorotnus/public_html/floratama/system/View/View.php(232): CodeIgniter\View\View->CodeIgniter\View\{closure}()
#3 /home/sorotnus/public_html/floratama/system/Common.php(1271): CodeIgniter\View\View->render('template/admin/...', Array, true)
#4 /home/sorotnus/public_html/floratama/app/Libraries/Init.php(230): view('template/admin/...', Array)
#5 /home/sorotnus/public_html/floratama/app/Controllers/Admin/Dashboard.php(14): App\Libraries\Init->generate_admin('welcome_message')
#6 /home/sorotnus/public_html/floratama/system/CodeIgniter.php(928): App\Controllers\Admin\Dashboard->index()
#7 /home/sorotnus/public_html/floratama/system/CodeIgniter.php(436): CodeIgniter\CodeIgniter->runController(Object(App\Controllers\Admin\Dashboard))
#8 /home/sorotnus/public_html/floratama/system/CodeIgniter.php(336): CodeIgniter\CodeIgniter->handleRequest(NULL, Object(Config\Cache), false)
#9 /home/sorotnus/public_html/floratama/index.php(45): CodeIgniter\CodeIgniter->run()
#10 {main}
CRITICAL - 2021-11-01 17:16:51 --> Invalid file: admin/template/meta.php
#0 /home/sorotnus/public_html/floratama/system/View/View.php(213): CodeIgniter\Exceptions\FrameworkException::forInvalidFile('admin/template/...')
#1 /home/sorotnus/public_html/floratama/system/Common.php(1271): CodeIgniter\View\View->render('admin/template/...', Array, true)
#2 /home/sorotnus/public_html/floratama/app/Libraries/Init.php(223): view('admin/template/...', Array)
#3 /home/sorotnus/public_html/floratama/app/Controllers/Admin/Dashboard.php(14): App\Libraries\Init->generate_admin('admin/welcome_m...')
#4 /home/sorotnus/public_html/floratama/system/CodeIgniter.php(928): App\Controllers\Admin\Dashboard->index()
#5 /home/sorotnus/public_html/floratama/system/CodeIgniter.php(436): CodeIgniter\CodeIgniter->runController(Object(App\Controllers\Admin\Dashboard))
#6 /home/sorotnus/public_html/floratama/system/CodeIgniter.php(336): CodeIgniter\CodeIgniter->handleRequest(NULL, Object(Config\Cache), false)
#7 /home/sorotnus/public_html/floratama/index.php(45): CodeIgniter\CodeIgniter->run()
#8 {main}
CRITICAL - 2021-11-01 17:17:17 --> Invalid file: admin/template/meta.php
#0 /home/sorotnus/public_html/floratama/system/View/View.php(213): CodeIgniter\Exceptions\FrameworkException::forInvalidFile('admin/template/...')
#1 /home/sorotnus/public_html/floratama/system/Common.php(1271): CodeIgniter\View\View->render('admin/template/...', Array, true)
#2 /home/sorotnus/public_html/floratama/app/Libraries/Init.php(223): view('admin/template/...', Array)
#3 /home/sorotnus/public_html/floratama/app/Controllers/Admin/Home.php(10): App\Libraries\Init->generate_admin('admin/user_acco...')
#4 /home/sorotnus/public_html/floratama/system/CodeIgniter.php(928): App\Controllers\Admin\Home->index()
#5 /home/sorotnus/public_html/floratama/system/CodeIgniter.php(436): CodeIgniter\CodeIgniter->runController(Object(App\Controllers\Admin\Home))
#6 /home/sorotnus/public_html/floratama/system/CodeIgniter.php(336): CodeIgniter\CodeIgniter->handleRequest(NULL, Object(Config\Cache), false)
#7 /home/sorotnus/public_html/floratama/index.php(45): CodeIgniter\CodeIgniter->run()
#8 {main}
CRITICAL - 2021-11-01 17:18:38 --> Undefined index: name
#0 /home/sorotnus/public_html/floratama/app/Views/admin/user_account.php(58): CodeIgniter\Debug\Exceptions->errorHandler(8, 'Undefined index...', '/home/sorotnus/...', 58, Array)
#1 /home/sorotnus/public_html/floratama/system/View/View.php(230): include('/home/sorotnus/...')
#2 /home/sorotnus/public_html/floratama/system/View/View.php(232): CodeIgniter\View\View->CodeIgniter\View\{closure}()
#3 /home/sorotnus/public_html/floratama/system/Common.php(1271): CodeIgniter\View\View->render('admin/user_acco...', Array, true)
#4 /home/sorotnus/public_html/floratama/app/Libraries/Init.php(226): view('admin/user_acco...', Array)
#5 /home/sorotnus/public_html/floratama/app/Controllers/Admin/Home.php(10): App\Libraries\Init->generate_admin('admin/user_acco...')
#6 /home/sorotnus/public_html/floratama/system/CodeIgniter.php(928): App\Controllers\Admin\Home->index()
#7 /home/sorotnus/public_html/floratama/system/CodeIgniter.php(436): CodeIgniter\CodeIgniter->runController(Object(App\Controllers\Admin\Home))
#8 /home/sorotnus/public_html/floratama/system/CodeIgniter.php(336): CodeIgniter\CodeIgniter->handleRequest(NULL, Object(Config\Cache), false)
#9 /home/sorotnus/public_html/floratama/index.php(45): CodeIgniter\CodeIgniter->run()
#10 {main}
CRITICAL - 2021-11-01 17:25:14 --> Class 'App\Controllers\Bajocontrol\ResController' not found
#0 /home/sorotnus/public_html/floratama/system/Router/Router.php(566): include_once()
#1 /home/sorotnus/public_html/floratama/system/Router/Router.php(169): CodeIgniter\Router\Router->autoRoute('bajocontrol/hom...')
#2 /home/sorotnus/public_html/floratama/system/CodeIgniter.php(809): CodeIgniter\Router\Router->handle('bajocontrol/hom...')
#3 /home/sorotnus/public_html/floratama/system/CodeIgniter.php(389): CodeIgniter\CodeIgniter->tryToRouteIt(Object(CodeIgniter\Router\RouteCollection))
#4 /home/sorotnus/public_html/floratama/system/CodeIgniter.php(336): CodeIgniter\CodeIgniter->handleRequest(NULL, Object(Config\Cache), false)
#5 /home/sorotnus/public_html/floratama/index.php(45): CodeIgniter\CodeIgniter->run()
#6 {main}
CRITICAL - 2021-11-01 17:25:27 --> Class 'App\Controllers\Bajocontrol\ResController' not found
#0 /home/sorotnus/public_html/floratama/system/Router/Router.php(566): include_once()
#1 /home/sorotnus/public_html/floratama/system/Router/Router.php(169): CodeIgniter\Router\Router->autoRoute('Bajocontrol/hom...')
#2 /home/sorotnus/public_html/floratama/system/CodeIgniter.php(809): CodeIgniter\Router\Router->handle('Bajocontrol/hom...')
#3 /home/sorotnus/public_html/floratama/system/CodeIgniter.php(389): CodeIgniter\CodeIgniter->tryToRouteIt(Object(CodeIgniter\Router\RouteCollection))
#4 /home/sorotnus/public_html/floratama/system/CodeIgniter.php(336): CodeIgniter\CodeIgniter->handleRequest(NULL, Object(Config\Cache), false)
#5 /home/sorotnus/public_html/floratama/index.php(45): CodeIgniter\CodeIgniter->run()
#6 {main}
CRITICAL - 2021-11-01 17:26:20 --> Class 'App\Controllers\Bajocontrol\ResController' not found
#0 /home/sorotnus/public_html/floratama/system/Router/Router.php(566): include_once()
#1 /home/sorotnus/public_html/floratama/system/Router/Router.php(169): CodeIgniter\Router\Router->autoRoute('Bajocontrol/hom...')
#2 /home/sorotnus/public_html/floratama/system/CodeIgniter.php(809): CodeIgniter\Router\Router->handle('Bajocontrol/hom...')
#3 /home/sorotnus/public_html/floratama/system/CodeIgniter.php(389): CodeIgniter\CodeIgniter->tryToRouteIt(Object(CodeIgniter\Router\RouteCollection))
#4 /home/sorotnus/public_html/floratama/system/CodeIgniter.php(336): CodeIgniter\CodeIgniter->handleRequest(NULL, Object(Config\Cache), false)
#5 /home/sorotnus/public_html/floratama/index.php(45): CodeIgniter\CodeIgniter->run()
#6 {main}
CRITICAL - 2021-11-01 17:29:41 --> Invalid file: Bajocontrol/peluang_investasi.php
#0 /home/sorotnus/public_html/floratama/system/View/View.php(213): CodeIgniter\Exceptions\FrameworkException::forInvalidFile('Bajocontrol/pel...')
#1 /home/sorotnus/public_html/floratama/system/Common.php(1271): CodeIgniter\View\View->render('Bajocontrol/pel...', Array, true)
#2 /home/sorotnus/public_html/floratama/app/Libraries/Init.php(226): view('Bajocontrol/pel...', Array)
#3 /home/sorotnus/public_html/floratama/app/Controllers/Bajocontrol/Peluang_investasi.php(14): App\Libraries\Init->generate_admin('Bajocontrol/pel...', Array)
#4 /home/sorotnus/public_html/floratama/system/CodeIgniter.php(928): App\Controllers\Bajocontrol\Peluang_investasi->index()
#5 /home/sorotnus/public_html/floratama/system/CodeIgniter.php(436): CodeIgniter\CodeIgniter->runController(Object(App\Controllers\Bajocontrol\Peluang_investasi))
#6 /home/sorotnus/public_html/floratama/system/CodeIgniter.php(336): CodeIgniter\CodeIgniter->handleRequest(NULL, Object(Config\Cache), false)
#7 /home/sorotnus/public_html/floratama/index.php(45): CodeIgniter\CodeIgniter->run()
#8 {main}
CRITICAL - 2021-11-01 17:31:05 --> Call to a member function datatables() on null
#0 /home/sorotnus/public_html/floratama/app/Controllers/Bajocontrol/Peluang_investasi.php(18): App\Models\Peluang_investasi->get_list()
#1 /home/sorotnus/public_html/floratama/system/CodeIgniter.php(928): App\Controllers\Bajocontrol\Peluang_investasi->list_forum()
#2 /home/sorotnus/public_html/floratama/system/CodeIgniter.php(436): CodeIgniter\CodeIgniter->runController(Object(App\Controllers\Bajocontrol\Peluang_investasi))
#3 /home/sorotnus/public_html/floratama/system/CodeIgniter.php(336): CodeIgniter\CodeIgniter->handleRequest(NULL, Object(Config\Cache), false)
#4 /home/sorotnus/public_html/floratama/index.php(45): CodeIgniter\CodeIgniter->run()
#5 {main}
CRITICAL - 2021-11-01 17:31:29 --> Call to a member function datatables() on null
#0 /home/sorotnus/public_html/floratama/app/Controllers/Bajocontrol/Peluang_investasi.php(18): App\Models\Peluang_investasi->get_list()
#1 /home/sorotnus/public_html/floratama/system/CodeIgniter.php(928): App\Controllers\Bajocontrol\Peluang_investasi->list_forum()
#2 /home/sorotnus/public_html/floratama/system/CodeIgniter.php(436): CodeIgniter\CodeIgniter->runController(Object(App\Controllers\Bajocontrol\Peluang_investasi))
#3 /home/sorotnus/public_html/floratama/system/CodeIgniter.php(336): CodeIgniter\CodeIgniter->handleRequest(NULL, Object(Config\Cache), false)
#4 /home/sorotnus/public_html/floratama/index.php(45): CodeIgniter\CodeIgniter->run()
#5 {main}
CRITICAL - 2021-11-01 17:32:10 --> Call to a member function datatables() on null
#0 /home/sorotnus/public_html/floratama/app/Controllers/Bajocontrol/Peluang_investasi.php(18): App\Models\Admin\Peluang_investasi->get_list()
#1 /home/sorotnus/public_html/floratama/system/CodeIgniter.php(928): App\Controllers\Bajocontrol\Peluang_investasi->list_forum()
#2 /home/sorotnus/public_html/floratama/system/CodeIgniter.php(436): CodeIgniter\CodeIgniter->runController(Object(App\Controllers\Bajocontrol\Peluang_investasi))
#3 /home/sorotnus/public_html/floratama/system/CodeIgniter.php(336): CodeIgniter\CodeIgniter->handleRequest(NULL, Object(Config\Cache), false)
#4 /home/sorotnus/public_html/floratama/index.php(45): CodeIgniter\CodeIgniter->run()
#5 {main}
CRITICAL - 2021-11-01 18:48:13 --> Call to a member function datatables() on null
#0 /home/sorotnus/public_html/floratama/app/Controllers/Bajocontrol/Forum_floratama.php(18): App\Models\Forum_floratama->get_list()
#1 /home/sorotnus/public_html/floratama/system/CodeIgniter.php(928): App\Controllers\Bajocontrol\Forum_floratama->list_forum()
#2 /home/sorotnus/public_html/floratama/system/CodeIgniter.php(436): CodeIgniter\CodeIgniter->runController(Object(App\Controllers\Bajocontrol\Forum_floratama))
#3 /home/sorotnus/public_html/floratama/system/CodeIgniter.php(336): CodeIgniter\CodeIgniter->handleRequest(NULL, Object(Config\Cache), false)
#4 /home/sorotnus/public_html/floratama/index.php(45): CodeIgniter\CodeIgniter->run()
#5 {main}
CRITICAL - 2021-11-01 18:48:29 --> Call to a member function datatables() on null
#0 /home/sorotnus/public_html/floratama/app/Controllers/Bajocontrol/Forum_floratama.php(18): App\Models\Forum_floratama->get_list()
#1 /home/sorotnus/public_html/floratama/system/CodeIgniter.php(928): App\Controllers\Bajocontrol\Forum_floratama->list_forum()
#2 /home/sorotnus/public_html/floratama/system/CodeIgniter.php(436): CodeIgniter\CodeIgniter->runController(Object(App\Controllers\Bajocontrol\Forum_floratama))
#3 /home/sorotnus/public_html/floratama/system/CodeIgniter.php(336): CodeIgniter\CodeIgniter->handleRequest(NULL, Object(Config\Cache), false)
#4 /home/sorotnus/public_html/floratama/index.php(45): CodeIgniter\CodeIgniter->run()
#5 {main}
CRITICAL - 2021-11-01 18:52:45 --> Call to a member function datatables() on null
#0 /home/sorotnus/public_html/floratama/app/Controllers/Bajocontrol/Berita.php(18): App\Models\Admin\Berita->get_list()
#1 /home/sorotnus/public_html/floratama/system/CodeIgniter.php(928): App\Controllers\Bajocontrol\Berita->list_forum()
#2 /home/sorotnus/public_html/floratama/system/CodeIgniter.php(436): CodeIgniter\CodeIgniter->runController(Object(App\Controllers\Bajocontrol\Berita))
#3 /home/sorotnus/public_html/floratama/system/CodeIgniter.php(336): CodeIgniter\CodeIgniter->handleRequest(NULL, Object(Config\Cache), false)
#4 /home/sorotnus/public_html/floratama/index.php(45): CodeIgniter\CodeIgniter->run()
#5 {main}
CRITICAL - 2021-11-01 19:06:09 --> You must set the database table to be used with your query.
#0 /home/sorotnus/public_html/floratama/system/Model.php(602): CodeIgniter\Database\BaseConnection->table(NULL)
#1 /home/sorotnus/public_html/floratama/system/Model.php(798): CodeIgniter\Model->builder()
#2 /home/sorotnus/public_html/floratama/app/Controllers/Bajocontrol/Regulasi.php(18): CodeIgniter\Model->__call('get_list', Array)
#3 /home/sorotnus/public_html/floratama/system/CodeIgniter.php(928): App\Controllers\Bajocontrol\Regulasi->list_forum()
#4 /home/sorotnus/public_html/floratama/system/CodeIgniter.php(436): CodeIgniter\CodeIgniter->runController(Object(App\Controllers\Bajocontrol\Regulasi))
#5 /home/sorotnus/public_html/floratama/system/CodeIgniter.php(336): CodeIgniter\CodeIgniter->handleRequest(NULL, Object(Config\Cache), false)
#6 /home/sorotnus/public_html/floratama/index.php(45): CodeIgniter\CodeIgniter->run()
#7 {main}
CRITICAL - 2021-11-01 19:08:50 --> You must set the database table to be used with your query.
#0 /home/sorotnus/public_html/floratama/system/Model.php(602): CodeIgniter\Database\BaseConnection->table(NULL)
#1 /home/sorotnus/public_html/floratama/system/Model.php(798): CodeIgniter\Model->builder()
#2 /home/sorotnus/public_html/floratama/app/Controllers/Bajocontrol/Regulasi.php(18): CodeIgniter\Model->__call('get_list', Array)
#3 /home/sorotnus/public_html/floratama/system/CodeIgniter.php(928): App\Controllers\Bajocontrol\Regulasi->list_forum()
#4 /home/sorotnus/public_html/floratama/system/CodeIgniter.php(436): CodeIgniter\CodeIgniter->runController(Object(App\Controllers\Bajocontrol\Regulasi))
#5 /home/sorotnus/public_html/floratama/system/CodeIgniter.php(336): CodeIgniter\CodeIgniter->handleRequest(NULL, Object(Config\Cache), false)
#6 /home/sorotnus/public_html/floratama/index.php(45): CodeIgniter\CodeIgniter->run()
#7 {main}
CRITICAL - 2021-11-01 21:49:35 --> syntax error, unexpected ';', expecting ']'
#0 /home/sorotnus/public_html/floratama/system/Router/Router.php(169): CodeIgniter\Router\Router->autoRoute('Bajocontrol/pel...')
#1 /home/sorotnus/public_html/floratama/system/CodeIgniter.php(809): CodeIgniter\Router\Router->handle('Bajocontrol/pel...')
#2 /home/sorotnus/public_html/floratama/system/CodeIgniter.php(389): CodeIgniter\CodeIgniter->tryToRouteIt(Object(CodeIgniter\Router\RouteCollection))
#3 /home/sorotnus/public_html/floratama/system/CodeIgniter.php(336): CodeIgniter\CodeIgniter->handleRequest(NULL, Object(Config\Cache), false)
#4 /home/sorotnus/public_html/floratama/index.php(45): CodeIgniter\CodeIgniter->run()
#5 {main}
CRITICAL - 2021-11-01 22:12:47 --> Undefined variable: sektor
#0 /home/sorotnus/public_html/floratama/app/Controllers/Peluang_investasi.php(13): CodeIgniter\Debug\Exceptions->errorHandler(8, 'Undefined varia...', '/home/sorotnus/...', 13, Array)
#1 /home/sorotnus/public_html/floratama/system/CodeIgniter.php(928): App\Controllers\Peluang_investasi->index()
#2 /home/sorotnus/public_html/floratama/system/CodeIgniter.php(436): CodeIgniter\CodeIgniter->runController(Object(App\Controllers\Peluang_investasi))
#3 /home/sorotnus/public_html/floratama/system/CodeIgniter.php(336): CodeIgniter\CodeIgniter->handleRequest(NULL, Object(Config\Cache), false)
#4 /home/sorotnus/public_html/floratama/index.php(45): CodeIgniter\CodeIgniter->run()
#5 {main}
CRITICAL - 2021-11-01 22:13:22 --> Call to undefined method CodeIgniter\Database\MySQLi\Connection::where()
#0 /home/sorotnus/public_html/floratama/app/Controllers/Peluang_investasi.php(13): App\Controllers\Peluang_investasi->get_investasi('0', '0')
#1 /home/sorotnus/public_html/floratama/system/CodeIgniter.php(928): App\Controllers\Peluang_investasi->index()
#2 /home/sorotnus/public_html/floratama/system/CodeIgniter.php(436): CodeIgniter\CodeIgniter->runController(Object(App\Controllers\Peluang_investasi))
#3 /home/sorotnus/public_html/floratama/system/CodeIgniter.php(336): CodeIgniter\CodeIgniter->handleRequest(NULL, Object(Config\Cache), false)
#4 /home/sorotnus/public_html/floratama/index.php(45): CodeIgniter\CodeIgniter->run()
#5 {main}
CRITICAL - 2021-11-01 22:14:15 --> Call to undefined method CodeIgniter\Database\MySQLi\Connection::where()
#0 /home/sorotnus/public_html/floratama/app/Controllers/Peluang_investasi.php(13): App\Controllers\Peluang_investasi->get_investasi('0', '0')
#1 /home/sorotnus/public_html/floratama/system/CodeIgniter.php(928): App\Controllers\Peluang_investasi->index()
#2 /home/sorotnus/public_html/floratama/system/CodeIgniter.php(436): CodeIgniter\CodeIgniter->runController(Object(App\Controllers\Peluang_investasi))
#3 /home/sorotnus/public_html/floratama/system/CodeIgniter.php(336): CodeIgniter\CodeIgniter->handleRequest(NULL, Object(Config\Cache), false)
#4 /home/sorotnus/public_html/floratama/index.php(45): CodeIgniter\CodeIgniter->run()
#5 {main}
CRITICAL - 2021-11-01 22:14:52 --> Call to undefined method CodeIgniter\Database\MySQLi\Connection::getWhere()
#0 /home/sorotnus/public_html/floratama/app/Controllers/Peluang_investasi.php(13): App\Controllers\Peluang_investasi->get_investasi('0', '0')
#1 /home/sorotnus/public_html/floratama/system/CodeIgniter.php(928): App\Controllers\Peluang_investasi->index()
#2 /home/sorotnus/public_html/floratama/system/CodeIgniter.php(436): CodeIgniter\CodeIgniter->runController(Object(App\Controllers\Peluang_investasi))
#3 /home/sorotnus/public_html/floratama/system/CodeIgniter.php(336): CodeIgniter\CodeIgniter->handleRequest(NULL, Object(Config\Cache), false)
#4 /home/sorotnus/public_html/floratama/index.php(45): CodeIgniter\CodeIgniter->run()
#5 {main}
CRITICAL - 2021-11-01 22:15:21 --> Call to undefined method CodeIgniter\Database\MySQLi\Connection::where()
#0 /home/sorotnus/public_html/floratama/app/Controllers/Peluang_investasi.php(13): App\Controllers\Peluang_investasi->get_investasi('0', '0')
#1 /home/sorotnus/public_html/floratama/system/CodeIgniter.php(928): App\Controllers\Peluang_investasi->index()
#2 /home/sorotnus/public_html/floratama/system/CodeIgniter.php(436): CodeIgniter\CodeIgniter->runController(Object(App\Controllers\Peluang_investasi))
#3 /home/sorotnus/public_html/floratama/system/CodeIgniter.php(336): CodeIgniter\CodeIgniter->handleRequest(NULL, Object(Config\Cache), false)
#4 /home/sorotnus/public_html/floratama/index.php(45): CodeIgniter\CodeIgniter->run()
#5 {main}
CRITICAL - 2021-11-01 22:15:56 --> Call to undefined method CodeIgniter\Database\MySQLi\Connection::where()
#0 /home/sorotnus/public_html/floratama/app/Controllers/Peluang_investasi.php(13): App\Controllers\Peluang_investasi->get_investasi('0', '0')
#1 /home/sorotnus/public_html/floratama/system/CodeIgniter.php(928): App\Controllers\Peluang_investasi->index()
#2 /home/sorotnus/public_html/floratama/system/CodeIgniter.php(436): CodeIgniter\CodeIgniter->runController(Object(App\Controllers\Peluang_investasi))
#3 /home/sorotnus/public_html/floratama/system/CodeIgniter.php(336): CodeIgniter\CodeIgniter->handleRequest(NULL, Object(Config\Cache), false)
#4 /home/sorotnus/public_html/floratama/index.php(45): CodeIgniter\CodeIgniter->run()
#5 {main}
CRITICAL - 2021-11-01 22:17:37 --> Call to undefined method CodeIgniter\Database\MySQLi\Connection::where()
#0 /home/sorotnus/public_html/floratama/app/Controllers/Peluang_investasi.php(15): App\Controllers\Peluang_investasi->get_investasi()
#1 /home/sorotnus/public_html/floratama/system/CodeIgniter.php(928): App\Controllers\Peluang_investasi->index()
#2 /home/sorotnus/public_html/floratama/system/CodeIgniter.php(436): CodeIgniter\CodeIgniter->runController(Object(App\Controllers\Peluang_investasi))
#3 /home/sorotnus/public_html/floratama/system/CodeIgniter.php(336): CodeIgniter\CodeIgniter->handleRequest(NULL, Object(Config\Cache), false)
#4 /home/sorotnus/public_html/floratama/index.php(45): CodeIgniter\CodeIgniter->run()
#5 {main}
CRITICAL - 2021-11-01 22:28:12 --> Call to undefined method CodeIgniter\Database\MySQLi\Connection::where()
#0 /home/sorotnus/public_html/floratama/app/Controllers/Peluang_investasi.php(15): App\Controllers\Peluang_investasi->get_investasi()
#1 /home/sorotnus/public_html/floratama/system/CodeIgniter.php(928): App\Controllers\Peluang_investasi->index()
#2 /home/sorotnus/public_html/floratama/system/CodeIgniter.php(436): CodeIgniter\CodeIgniter->runController(Object(App\Controllers\Peluang_investasi))
#3 /home/sorotnus/public_html/floratama/system/CodeIgniter.php(336): CodeIgniter\CodeIgniter->handleRequest(NULL, Object(Config\Cache), false)
#4 /home/sorotnus/public_html/floratama/index.php(45): CodeIgniter\CodeIgniter->run()
#5 {main}
CRITICAL - 2021-11-01 22:29:41 --> Call to undefined method CodeIgniter\Database\MySQLi\Connection::where()
#0 /home/sorotnus/public_html/floratama/app/Controllers/Peluang_investasi.php(15): App\Controllers\Peluang_investasi->get_investasi()
#1 /home/sorotnus/public_html/floratama/system/CodeIgniter.php(928): App\Controllers\Peluang_investasi->index()
#2 /home/sorotnus/public_html/floratama/system/CodeIgniter.php(436): CodeIgniter\CodeIgniter->runController(Object(App\Controllers\Peluang_investasi))
#3 /home/sorotnus/public_html/floratama/system/CodeIgniter.php(336): CodeIgniter\CodeIgniter->handleRequest(NULL, Object(Config\Cache), false)
#4 /home/sorotnus/public_html/floratama/index.php(45): CodeIgniter\CodeIgniter->run()
#5 {main}
CRITICAL - 2021-11-01 22:32:33 --> Call to undefined method CodeIgniter\Database\MySQLi\Connection::join()
#0 /home/sorotnus/public_html/floratama/app/Controllers/Peluang_investasi.php(15): App\Controllers\Peluang_investasi->get_investasi()
#1 /home/sorotnus/public_html/floratama/system/CodeIgniter.php(928): App\Controllers\Peluang_investasi->index()
#2 /home/sorotnus/public_html/floratama/system/CodeIgniter.php(436): CodeIgniter\CodeIgniter->runController(Object(App\Controllers\Peluang_investasi))
#3 /home/sorotnus/public_html/floratama/system/CodeIgniter.php(336): CodeIgniter\CodeIgniter->handleRequest(NULL, Object(Config\Cache), false)
#4 /home/sorotnus/public_html/floratama/index.php(45): CodeIgniter\CodeIgniter->run()
#5 {main}
CRITICAL - 2021-11-01 22:36:13 --> Undefined property: stdClass::$judul
#0 /home/sorotnus/public_html/floratama/app/Views/peluang_investasi.php(65): CodeIgniter\Debug\Exceptions->errorHandler(8, 'Undefined prope...', '/home/sorotnus/...', 65, Array)
#1 /home/sorotnus/public_html/floratama/system/View/View.php(230): include('/home/sorotnus/...')
#2 /home/sorotnus/public_html/floratama/system/View/View.php(232): CodeIgniter\View\View->CodeIgniter\View\{closure}()
#3 /home/sorotnus/public_html/floratama/system/Common.php(1271): CodeIgniter\View\View->render('peluang_investa...', Array, true)
#4 /home/sorotnus/public_html/floratama/app/Libraries/Init.php(53): view('peluang_investa...', Array)
#5 /home/sorotnus/public_html/floratama/app/Controllers/Peluang_investasi.php(18): App\Libraries\Init->no_slider('peluang_investa...', Array)
#6 /home/sorotnus/public_html/floratama/system/CodeIgniter.php(928): App\Controllers\Peluang_investasi->index()
#7 /home/sorotnus/public_html/floratama/system/CodeIgniter.php(436): CodeIgniter\CodeIgniter->runController(Object(App\Controllers\Peluang_investasi))
#8 /home/sorotnus/public_html/floratama/system/CodeIgniter.php(336): CodeIgniter\CodeIgniter->handleRequest(NULL, Object(Config\Cache), false)
#9 /home/sorotnus/public_html/floratama/index.php(45): CodeIgniter\CodeIgniter->run()
#10 {main}
CRITICAL - 2021-11-01 22:37:22 --> Call to undefined method CodeIgniter\Database\MySQLi\Connection::where()
#0 /home/sorotnus/public_html/floratama/app/Controllers/Peluang_investasi.php(15): App\Controllers\Peluang_investasi->get_investasi()
#1 /home/sorotnus/public_html/floratama/system/CodeIgniter.php(928): App\Controllers\Peluang_investasi->index()
#2 /home/sorotnus/public_html/floratama/system/CodeIgniter.php(436): CodeIgniter\CodeIgniter->runController(Object(App\Controllers\Peluang_investasi))
#3 /home/sorotnus/public_html/floratama/system/CodeIgniter.php(336): CodeIgniter\CodeIgniter->handleRequest(NULL, Object(Config\Cache), false)
#4 /home/sorotnus/public_html/floratama/index.php(45): CodeIgniter\CodeIgniter->run()
#5 {main}
CRITICAL - 2021-11-01 22:37:45 --> Call to undefined method CodeIgniter\Database\MySQLi\Connection::where()
#0 /home/sorotnus/public_html/floratama/app/Controllers/Peluang_investasi.php(15): App\Controllers\Peluang_investasi->get_investasi()
#1 /home/sorotnus/public_html/floratama/system/CodeIgniter.php(928): App\Controllers\Peluang_investasi->index()
#2 /home/sorotnus/public_html/floratama/system/CodeIgniter.php(436): CodeIgniter\CodeIgniter->runController(Object(App\Controllers\Peluang_investasi))
#3 /home/sorotnus/public_html/floratama/system/CodeIgniter.php(336): CodeIgniter\CodeIgniter->handleRequest(NULL, Object(Config\Cache), false)
#4 /home/sorotnus/public_html/floratama/index.php(45): CodeIgniter\CodeIgniter->run()
#5 {main}
CRITICAL - 2021-11-01 22:38:35 --> Call to undefined method CodeIgniter\Database\MySQLi\Connection::where()
#0 /home/sorotnus/public_html/floratama/app/Controllers/Peluang_investasi.php(15): App\Controllers\Peluang_investasi->get_investasi()
#1 /home/sorotnus/public_html/floratama/system/CodeIgniter.php(928): App\Controllers\Peluang_investasi->index()
#2 /home/sorotnus/public_html/floratama/system/CodeIgniter.php(436): CodeIgniter\CodeIgniter->runController(Object(App\Controllers\Peluang_investasi))
#3 /home/sorotnus/public_html/floratama/system/CodeIgniter.php(336): CodeIgniter\CodeIgniter->handleRequest(NULL, Object(Config\Cache), false)
#4 /home/sorotnus/public_html/floratama/index.php(45): CodeIgniter\CodeIgniter->run()
#5 {main}
CRITICAL - 2021-11-01 22:40:53 --> syntax error, unexpected '->' (T_OBJECT_OPERATOR)
#0 /home/sorotnus/public_html/floratama/system/Router/Router.php(169): CodeIgniter\Router\Router->autoRoute('peluang_investa...')
#1 /home/sorotnus/public_html/floratama/system/CodeIgniter.php(809): CodeIgniter\Router\Router->handle('peluang_investa...')
#2 /home/sorotnus/public_html/floratama/system/CodeIgniter.php(389): CodeIgniter\CodeIgniter->tryToRouteIt(Object(CodeIgniter\Router\RouteCollection))
#3 /home/sorotnus/public_html/floratama/system/CodeIgniter.php(336): CodeIgniter\CodeIgniter->handleRequest(NULL, Object(Config\Cache), false)
#4 /home/sorotnus/public_html/floratama/index.php(45): CodeIgniter\CodeIgniter->run()
#5 {main}
CRITICAL - 2021-11-01 22:41:06 --> Undefined property: stdClass::$judul
#0 /home/sorotnus/public_html/floratama/app/Views/peluang_investasi.php(65): CodeIgniter\Debug\Exceptions->errorHandler(8, 'Undefined prope...', '/home/sorotnus/...', 65, Array)
#1 /home/sorotnus/public_html/floratama/system/View/View.php(230): include('/home/sorotnus/...')
#2 /home/sorotnus/public_html/floratama/system/View/View.php(232): CodeIgniter\View\View->CodeIgniter\View\{closure}()
#3 /home/sorotnus/public_html/floratama/system/Common.php(1271): CodeIgniter\View\View->render('peluang_investa...', Array, true)
#4 /home/sorotnus/public_html/floratama/app/Libraries/Init.php(53): view('peluang_investa...', Array)
#5 /home/sorotnus/public_html/floratama/app/Controllers/Peluang_investasi.php(11): App\Libraries\Init->no_slider('peluang_investa...', Array)
#6 /home/sorotnus/public_html/floratama/system/CodeIgniter.php(928): App\Controllers\Peluang_investasi->index()
#7 /home/sorotnus/public_html/floratama/system/CodeIgniter.php(436): CodeIgniter\CodeIgniter->runController(Object(App\Controllers\Peluang_investasi))
#8 /home/sorotnus/public_html/floratama/system/CodeIgniter.php(336): CodeIgniter\CodeIgniter->handleRequest(NULL, Object(Config\Cache), false)
#9 /home/sorotnus/public_html/floratama/index.php(45): CodeIgniter\CodeIgniter->run()
#10 {main}
ERROR - 2021-11-01 22:53:54 --> Unknown column 'd.id_page' in 'where clause'
CRITICAL - 2021-11-01 22:53:54 --> Unknown column 'd.id_page' in 'where clause'
#0 /home/sorotnus/public_html/floratama/system/Database/MySQLi/Connection.php(329): mysqli->query('SELECT *\nFROM `...')
#1 /home/sorotnus/public_html/floratama/system/Database/BaseConnection.php(732): CodeIgniter\Database\MySQLi\Connection->execute('SELECT *\nFROM `...')
#2 /home/sorotnus/public_html/floratama/system/Database/BaseConnection.php(647): CodeIgniter\Database\BaseConnection->simpleQuery('SELECT *\nFROM `...')
#3 /home/sorotnus/public_html/floratama/system/Database/BaseBuilder.php(1881): CodeIgniter\Database\BaseConnection->query('SELECT *\nFROM `...', Array, false)
#4 /home/sorotnus/public_html/floratama/app/Controllers/Peluang_investasi.php(36): CodeIgniter\Database\BaseBuilder->get()
#5 /home/sorotnus/public_html/floratama/app/Controllers/Peluang_investasi.php(10): App\Controllers\Peluang_investasi->get_investasi()
#6 /home/sorotnus/public_html/floratama/system/CodeIgniter.php(928): App\Controllers\Peluang_investasi->index()
#7 /home/sorotnus/public_html/floratama/system/CodeIgniter.php(436): CodeIgniter\CodeIgniter->runController(Object(App\Controllers\Peluang_investasi))
#8 /home/sorotnus/public_html/floratama/system/CodeIgniter.php(336): CodeIgniter\CodeIgniter->handleRequest(NULL, Object(Config\Cache), false)
#9 /home/sorotnus/public_html/floratama/index.php(45): CodeIgniter\CodeIgniter->run()
#10 {main}
ERROR - 2021-11-01 23:34:40 --> Unknown column 'd.id_page' in 'where clause'
CRITICAL - 2021-11-01 23:34:40 --> Unknown column 'd.id_page' in 'where clause'
#0 /home/sorotnus/public_html/floratama/system/Database/MySQLi/Connection.php(329): mysqli->query('SELECT *\nFROM `...')
#1 /home/sorotnus/public_html/floratama/system/Database/BaseConnection.php(732): CodeIgniter\Database\MySQLi\Connection->execute('SELECT *\nFROM `...')
#2 /home/sorotnus/public_html/floratama/system/Database/BaseConnection.php(647): CodeIgniter\Database\BaseConnection->simpleQuery('SELECT *\nFROM `...')
#3 /home/sorotnus/public_html/floratama/system/Database/BaseBuilder.php(1881): CodeIgniter\Database\BaseConnection->query('SELECT *\nFROM `...', Array, false)
#4 /home/sorotnus/public_html/floratama/app/Controllers/Peluang_investasi.php(36): CodeIgniter\Database\BaseBuilder->get()
#5 /home/sorotnus/public_html/floratama/app/Controllers/Peluang_investasi.php(10): App\Controllers\Peluang_investasi->get_investasi()
#6 /home/sorotnus/public_html/floratama/system/CodeIgniter.php(928): App\Controllers\Peluang_investasi->index()
#7 /home/sorotnus/public_html/floratama/system/CodeIgniter.php(436): CodeIgniter\CodeIgniter->runController(Object(App\Controllers\Peluang_investasi))
#8 /home/sorotnus/public_html/floratama/system/CodeIgniter.php(336): CodeIgniter\CodeIgniter->handleRequest(NULL, Object(Config\Cache), false)
#9 /home/sorotnus/public_html/floratama/index.php(45): CodeIgniter\CodeIgniter->run()
#10 {main}
