CRITICAL - 2021-10-30 17:12:08 --> Cannot use object of type stdClass as array
#0 /home/sorotnus/public_html/floratama/system/View/View.php(230): include()
#1 /home/sorotnus/public_html/floratama/system/View/View.php(232): CodeIgniter\View\View->CodeIgniter\View\{closure}()
#2 /home/sorotnus/public_html/floratama/system/Common.php(1271): CodeIgniter\View\View->render('template/head', Array, true)
#3 /home/sorotnus/public_html/floratama/app/Libraries/Init.php(50): view('template/head')
#4 /home/sorotnus/public_html/floratama/app/Controllers/Laporan.php(21): App\Libraries\Init->no_slider('laporan', Array)
#5 /home/sorotnus/public_html/floratama/system/CodeIgniter.php(928): App\Controllers\Laporan->index()
#6 /home/sorotnus/public_html/floratama/system/CodeIgniter.php(436): CodeIgniter\CodeIgniter->runController(Object(App\Controllers\Laporan))
#7 /home/sorotnus/public_html/floratama/system/CodeIgniter.php(336): CodeIgniter\CodeIgniter->handleRequest(NULL, Object(Config\Cache), false)
#8 /home/sorotnus/public_html/floratama/index.php(45): CodeIgniter\CodeIgniter->run()
#9 {main}
CRITICAL - 2021-10-30 17:20:45 --> syntax error, unexpected ';', expecting ']'
#0 /home/sorotnus/public_html/floratama/system/Autoloader/Autoloader.php(273): CodeIgniter\Autoloader\Autoloader->includeFile('/home/sorotnus/...')
#1 /home/sorotnus/public_html/floratama/system/Autoloader/Autoloader.php(247): CodeIgniter\Autoloader\Autoloader->loadInNamespace('App\\Libraries\\I...')
#2 [internal function]: CodeIgniter\Autoloader\Autoloader->loadClass('App\\Libraries\\I...')
#3 /home/sorotnus/public_html/floratama/app/Controllers/ResController.php(87): spl_autoload_call('App\\Libraries\\I...')
#4 /home/sorotnus/public_html/floratama/system/CodeIgniter.php(901): App\Controllers\ResController->initController(Object(CodeIgniter\HTTP\IncomingRequest), Object(CodeIgniter\HTTP\Response), Object(CodeIgniter\Log\Logger))
#5 /home/sorotnus/public_html/floratama/system/CodeIgniter.php(426): CodeIgniter\CodeIgniter->createController()
#6 /home/sorotnus/public_html/floratama/system/CodeIgniter.php(336): CodeIgniter\CodeIgniter->handleRequest(NULL, Object(Config\Cache), false)
#7 /home/sorotnus/public_html/floratama/index.php(45): CodeIgniter\CodeIgniter->run()
#8 {main}
CRITICAL - 2021-10-30 17:21:07 --> syntax error, unexpected ';', expecting ']'
#0 /home/sorotnus/public_html/floratama/system/Autoloader/Autoloader.php(273): CodeIgniter\Autoloader\Autoloader->includeFile('/home/sorotnus/...')
#1 /home/sorotnus/public_html/floratama/system/Autoloader/Autoloader.php(247): CodeIgniter\Autoloader\Autoloader->loadInNamespace('App\\Libraries\\I...')
#2 [internal function]: CodeIgniter\Autoloader\Autoloader->loadClass('App\\Libraries\\I...')
#3 /home/sorotnus/public_html/floratama/app/Controllers/ResController.php(87): spl_autoload_call('App\\Libraries\\I...')
#4 /home/sorotnus/public_html/floratama/system/CodeIgniter.php(901): App\Controllers\ResController->initController(Object(CodeIgniter\HTTP\IncomingRequest), Object(CodeIgniter\HTTP\Response), Object(CodeIgniter\Log\Logger))
#5 /home/sorotnus/public_html/floratama/system/CodeIgniter.php(426): CodeIgniter\CodeIgniter->createController()
#6 /home/sorotnus/public_html/floratama/system/CodeIgniter.php(336): CodeIgniter\CodeIgniter->handleRequest(NULL, Object(Config\Cache), false)
#7 /home/sorotnus/public_html/floratama/index.php(45): CodeIgniter\CodeIgniter->run()
#8 {main}
CRITICAL - 2021-10-30 17:21:21 --> Array to string conversion
#0 /home/sorotnus/public_html/floratama/app/Views/template/head.php(17): CodeIgniter\Debug\Exceptions->errorHandler(8, 'Array to string...', '/home/sorotnus/...', 17, Array)
#1 /home/sorotnus/public_html/floratama/system/View/View.php(230): include('/home/sorotnus/...')
#2 /home/sorotnus/public_html/floratama/system/View/View.php(232): CodeIgniter\View\View->CodeIgniter\View\{closure}()
#3 /home/sorotnus/public_html/floratama/system/Common.php(1271): CodeIgniter\View\View->render('template/head', Array, true)
#4 /home/sorotnus/public_html/floratama/app/Libraries/Init.php(50): view('template/head')
#5 /home/sorotnus/public_html/floratama/app/Controllers/Laporan.php(21): App\Libraries\Init->no_slider('laporan', Array)
#6 /home/sorotnus/public_html/floratama/system/CodeIgniter.php(928): App\Controllers\Laporan->index()
#7 /home/sorotnus/public_html/floratama/system/CodeIgniter.php(436): CodeIgniter\CodeIgniter->runController(Object(App\Controllers\Laporan))
#8 /home/sorotnus/public_html/floratama/system/CodeIgniter.php(336): CodeIgniter\CodeIgniter->handleRequest(NULL, Object(Config\Cache), false)
#9 /home/sorotnus/public_html/floratama/index.php(45): CodeIgniter\CodeIgniter->run()
#10 {main}
CRITICAL - 2021-10-30 17:30:12 --> Undefined variable: berita
#0 /home/sorotnus/public_html/floratama/app/Views/berita.php(10): CodeIgniter\Debug\Exceptions->errorHandler(8, 'Undefined varia...', '/home/sorotnus/...', 10, Array)
#1 /home/sorotnus/public_html/floratama/system/View/View.php(230): include('/home/sorotnus/...')
#2 /home/sorotnus/public_html/floratama/system/View/View.php(232): CodeIgniter\View\View->CodeIgniter\View\{closure}()
#3 /home/sorotnus/public_html/floratama/system/Common.php(1271): CodeIgniter\View\View->render('berita', Array, true)
#4 /home/sorotnus/public_html/floratama/app/Libraries/Init.php(51): view('berita', Array)
#5 /home/sorotnus/public_html/floratama/app/Controllers/Berita.php(17): App\Libraries\Init->no_slider('berita')
#6 /home/sorotnus/public_html/floratama/system/CodeIgniter.php(928): App\Controllers\Berita->index()
#7 /home/sorotnus/public_html/floratama/system/CodeIgniter.php(436): CodeIgniter\CodeIgniter->runController(Object(App\Controllers\Berita))
#8 /home/sorotnus/public_html/floratama/system/CodeIgniter.php(336): CodeIgniter\CodeIgniter->handleRequest(NULL, Object(Config\Cache), false)
#9 /home/sorotnus/public_html/floratama/index.php(45): CodeIgniter\CodeIgniter->run()
#10 {main}
CRITICAL - 2021-10-30 17:30:35 --> Undefined variable: berita
#0 /home/sorotnus/public_html/floratama/app/Views/berita.php(10): CodeIgniter\Debug\Exceptions->errorHandler(8, 'Undefined varia...', '/home/sorotnus/...', 10, Array)
#1 /home/sorotnus/public_html/floratama/system/View/View.php(230): include('/home/sorotnus/...')
#2 /home/sorotnus/public_html/floratama/system/View/View.php(232): CodeIgniter\View\View->CodeIgniter\View\{closure}()
#3 /home/sorotnus/public_html/floratama/system/Common.php(1271): CodeIgniter\View\View->render('berita', Array, true)
#4 /home/sorotnus/public_html/floratama/app/Libraries/Init.php(51): view('berita', Array)
#5 /home/sorotnus/public_html/floratama/app/Controllers/Berita.php(17): App\Libraries\Init->no_slider('berita')
#6 /home/sorotnus/public_html/floratama/system/CodeIgniter.php(928): App\Controllers\Berita->index()
#7 /home/sorotnus/public_html/floratama/system/CodeIgniter.php(436): CodeIgniter\CodeIgniter->runController(Object(App\Controllers\Berita))
#8 /home/sorotnus/public_html/floratama/system/CodeIgniter.php(336): CodeIgniter\CodeIgniter->handleRequest(NULL, Object(Config\Cache), false)
#9 /home/sorotnus/public_html/floratama/index.php(45): CodeIgniter\CodeIgniter->run()
#10 {main}
CRITICAL - 2021-10-30 17:30:55 --> Undefined variable: berita
#0 /home/sorotnus/public_html/floratama/app/Views/berita.php(10): CodeIgniter\Debug\Exceptions->errorHandler(8, 'Undefined varia...', '/home/sorotnus/...', 10, Array)
#1 /home/sorotnus/public_html/floratama/system/View/View.php(230): include('/home/sorotnus/...')
#2 /home/sorotnus/public_html/floratama/system/View/View.php(232): CodeIgniter\View\View->CodeIgniter\View\{closure}()
#3 /home/sorotnus/public_html/floratama/system/Common.php(1271): CodeIgniter\View\View->render('berita', Array, true)
#4 /home/sorotnus/public_html/floratama/app/Libraries/Init.php(51): view('berita', Array)
#5 /home/sorotnus/public_html/floratama/app/Controllers/Berita.php(20): App\Libraries\Init->no_slider('berita')
#6 /home/sorotnus/public_html/floratama/system/CodeIgniter.php(928): App\Controllers\Berita->index()
#7 /home/sorotnus/public_html/floratama/system/CodeIgniter.php(436): CodeIgniter\CodeIgniter->runController(Object(App\Controllers\Berita))
#8 /home/sorotnus/public_html/floratama/system/CodeIgniter.php(336): CodeIgniter\CodeIgniter->handleRequest(NULL, Object(Config\Cache), false)
#9 /home/sorotnus/public_html/floratama/index.php(45): CodeIgniter\CodeIgniter->run()
#10 {main}
CRITICAL - 2021-10-30 17:41:57 --> Call to undefined method App\Controllers\Peluang_pendanaan::get_berita()
#0 /home/sorotnus/public_html/floratama/system/CodeIgniter.php(928): App\Controllers\Peluang_pendanaan->index()
#1 /home/sorotnus/public_html/floratama/system/CodeIgniter.php(436): CodeIgniter\CodeIgniter->runController(Object(App\Controllers\Peluang_pendanaan))
#2 /home/sorotnus/public_html/floratama/system/CodeIgniter.php(336): CodeIgniter\CodeIgniter->handleRequest(NULL, Object(Config\Cache), false)
#3 /home/sorotnus/public_html/floratama/index.php(45): CodeIgniter\CodeIgniter->run()
#4 {main}
CRITICAL - 2021-10-30 23:47:40 --> Too few arguments to function App\Models\Regulasi::get_data(), 2 passed in /home/sorotnus/public_html/floratama/app/Controllers/Regulasi.php on line 15 and exactly 3 expected
#0 /home/sorotnus/public_html/floratama/app/Controllers/Regulasi.php(15): App\Models\Regulasi->get_data('regulasi', 'investasi')
#1 /home/sorotnus/public_html/floratama/system/CodeIgniter.php(928): App\Controllers\Regulasi->index()
#2 /home/sorotnus/public_html/floratama/system/CodeIgniter.php(436): CodeIgniter\CodeIgniter->runController(Object(App\Controllers\Regulasi))
#3 /home/sorotnus/public_html/floratama/system/CodeIgniter.php(336): CodeIgniter\CodeIgniter->handleRequest(NULL, Object(Config\Cache), false)
#4 /home/sorotnus/public_html/floratama/index.php(45): CodeIgniter\CodeIgniter->run()
#5 {main}
CRITICAL - 2021-10-30 23:48:08 --> Too few arguments to function App\Models\Regulasi::get_data(), 2 passed in /home/sorotnus/public_html/floratama/app/Controllers/Regulasi.php on line 15 and exactly 3 expected
#0 /home/sorotnus/public_html/floratama/app/Controllers/Regulasi.php(15): App\Models\Regulasi->get_data('regulasi', 'investasi')
#1 /home/sorotnus/public_html/floratama/system/CodeIgniter.php(928): App\Controllers\Regulasi->index()
#2 /home/sorotnus/public_html/floratama/system/CodeIgniter.php(436): CodeIgniter\CodeIgniter->runController(Object(App\Controllers\Regulasi))
#3 /home/sorotnus/public_html/floratama/system/CodeIgniter.php(336): CodeIgniter\CodeIgniter->handleRequest(NULL, Object(Config\Cache), false)
#4 /home/sorotnus/public_html/floratama/index.php(45): CodeIgniter\CodeIgniter->run()
#5 {main}
CRITICAL - 2021-10-30 23:49:06 --> Undefined variable: value
#0 /home/sorotnus/public_html/floratama/app/Models/Regulasi.php(11): CodeIgniter\Debug\Exceptions->errorHandler(8, 'Undefined varia...', '/home/sorotnus/...', 11, Array)
#1 /home/sorotnus/public_html/floratama/app/Controllers/Regulasi.php(15): App\Models\Regulasi->get_data('regulasi', 'investasi', '')
#2 /home/sorotnus/public_html/floratama/system/CodeIgniter.php(928): App\Controllers\Regulasi->index()
#3 /home/sorotnus/public_html/floratama/system/CodeIgniter.php(436): CodeIgniter\CodeIgniter->runController(Object(App\Controllers\Regulasi))
#4 /home/sorotnus/public_html/floratama/system/CodeIgniter.php(336): CodeIgniter\CodeIgniter->handleRequest(NULL, Object(Config\Cache), false)
#5 /home/sorotnus/public_html/floratama/index.php(45): CodeIgniter\CodeIgniter->run()
#6 {main}
CRITICAL - 2021-10-30 23:49:39 --> Call to undefined method CodeIgniter\Database\MySQLi\Connection::where()
#0 /home/sorotnus/public_html/floratama/app/Controllers/Regulasi.php(15): App\Models\Regulasi->get_data('regulasi', 'investasi', '')
#1 /home/sorotnus/public_html/floratama/system/CodeIgniter.php(928): App\Controllers\Regulasi->index()
#2 /home/sorotnus/public_html/floratama/system/CodeIgniter.php(436): CodeIgniter\CodeIgniter->runController(Object(App\Controllers\Regulasi))
#3 /home/sorotnus/public_html/floratama/system/CodeIgniter.php(336): CodeIgniter\CodeIgniter->handleRequest(NULL, Object(Config\Cache), false)
#4 /home/sorotnus/public_html/floratama/index.php(45): CodeIgniter\CodeIgniter->run()
#5 {main}
CRITICAL - 2021-10-30 23:50:32 --> Call to undefined method CodeIgniter\Database\MySQLi\Connection::where()
#0 /home/sorotnus/public_html/floratama/app/Controllers/Regulasi.php(15): App\Models\Regulasi->get_data('regulasi', 'investasi', '')
#1 /home/sorotnus/public_html/floratama/system/CodeIgniter.php(928): App\Controllers\Regulasi->index()
#2 /home/sorotnus/public_html/floratama/system/CodeIgniter.php(436): CodeIgniter\CodeIgniter->runController(Object(App\Controllers\Regulasi))
#3 /home/sorotnus/public_html/floratama/system/CodeIgniter.php(336): CodeIgniter\CodeIgniter->handleRequest(NULL, Object(Config\Cache), false)
#4 /home/sorotnus/public_html/floratama/index.php(45): CodeIgniter\CodeIgniter->run()
#5 {main}
CRITICAL - 2021-10-30 23:54:59 --> Call to undefined method CodeIgniter\Database\MySQLi\Connection::where()
#0 /home/sorotnus/public_html/floratama/app/Controllers/Regulasi.php(15): App\Models\Regulasi->get_data('regulasi', 'investasi', '')
#1 /home/sorotnus/public_html/floratama/system/CodeIgniter.php(928): App\Controllers\Regulasi->index()
#2 /home/sorotnus/public_html/floratama/system/CodeIgniter.php(436): CodeIgniter\CodeIgniter->runController(Object(App\Controllers\Regulasi))
#3 /home/sorotnus/public_html/floratama/system/CodeIgniter.php(336): CodeIgniter\CodeIgniter->handleRequest(NULL, Object(Config\Cache), false)
#4 /home/sorotnus/public_html/floratama/index.php(45): CodeIgniter\CodeIgniter->run()
#5 {main}
CRITICAL - 2021-10-30 23:55:53 --> Call to undefined method CodeIgniter\Database\MySQLi\Connection::where()
#0 /home/sorotnus/public_html/floratama/app/Controllers/Regulasi.php(15): App\Models\Regulasi->get_data('regulasi', 'investasi', '')
#1 /home/sorotnus/public_html/floratama/system/CodeIgniter.php(928): App\Controllers\Regulasi->index()
#2 /home/sorotnus/public_html/floratama/system/CodeIgniter.php(436): CodeIgniter\CodeIgniter->runController(Object(App\Controllers\Regulasi))
#3 /home/sorotnus/public_html/floratama/system/CodeIgniter.php(336): CodeIgniter\CodeIgniter->handleRequest(NULL, Object(Config\Cache), false)
#4 /home/sorotnus/public_html/floratama/index.php(45): CodeIgniter\CodeIgniter->run()
#5 {main}
CRITICAL - 2021-10-30 23:56:28 --> syntax error, unexpected ','
#0 /home/sorotnus/public_html/floratama/system/Autoloader/Autoloader.php(273): CodeIgniter\Autoloader\Autoloader->includeFile('/home/sorotnus/...')
#1 /home/sorotnus/public_html/floratama/system/Autoloader/Autoloader.php(247): CodeIgniter\Autoloader\Autoloader->loadInNamespace('App\\Models\\Regu...')
#2 [internal function]: CodeIgniter\Autoloader\Autoloader->loadClass('App\\Models\\Regu...')
#3 [internal function]: spl_autoload_call('App\\Models\\Regu...')
#4 /home/sorotnus/public_html/floratama/system/Config/Factories.php(149): class_exists('App\\Models\\Regu...')
#5 /home/sorotnus/public_html/floratama/system/Config/Factories.php(115): CodeIgniter\Config\Factories::locateClass(Array, 'App\\Models\\Regu...')
#6 /home/sorotnus/public_html/floratama/system/Common.php(904): CodeIgniter\Config\Factories::__callStatic('models', Array)
#7 /home/sorotnus/public_html/floratama/app/Controllers/Regulasi.php(9): model('App\\Models\\Regu...')
#8 /home/sorotnus/public_html/floratama/system/CodeIgniter.php(900): App\Controllers\Regulasi->__construct()
#9 /home/sorotnus/public_html/floratama/system/CodeIgniter.php(426): CodeIgniter\CodeIgniter->createController()
#10 /home/sorotnus/public_html/floratama/system/CodeIgniter.php(336): CodeIgniter\CodeIgniter->handleRequest(NULL, Object(Config\Cache), false)
#11 /home/sorotnus/public_html/floratama/index.php(45): CodeIgniter\CodeIgniter->run()
#12 {main}
CRITICAL - 2021-10-30 23:56:41 --> Call to undefined method CodeIgniter\Database\MySQLi\Connection::where()
#0 /home/sorotnus/public_html/floratama/app/Controllers/Regulasi.php(15): App\Models\Regulasi->get_data('regulasi', 'investasi', '')
#1 /home/sorotnus/public_html/floratama/system/CodeIgniter.php(928): App\Controllers\Regulasi->index()
#2 /home/sorotnus/public_html/floratama/system/CodeIgniter.php(436): CodeIgniter\CodeIgniter->runController(Object(App\Controllers\Regulasi))
#3 /home/sorotnus/public_html/floratama/system/CodeIgniter.php(336): CodeIgniter\CodeIgniter->handleRequest(NULL, Object(Config\Cache), false)
#4 /home/sorotnus/public_html/floratama/index.php(45): CodeIgniter\CodeIgniter->run()
#5 {main}
CRITICAL - 2021-10-30 23:57:01 --> Call to undefined method CodeIgniter\Database\MySQLi\Connection::get()
#0 /home/sorotnus/public_html/floratama/app/Controllers/Regulasi.php(15): App\Models\Regulasi->get_data('regulasi', 'investasi', '')
#1 /home/sorotnus/public_html/floratama/system/CodeIgniter.php(928): App\Controllers\Regulasi->index()
#2 /home/sorotnus/public_html/floratama/system/CodeIgniter.php(436): CodeIgniter\CodeIgniter->runController(Object(App\Controllers\Regulasi))
#3 /home/sorotnus/public_html/floratama/system/CodeIgniter.php(336): CodeIgniter\CodeIgniter->handleRequest(NULL, Object(Config\Cache), false)
#4 /home/sorotnus/public_html/floratama/index.php(45): CodeIgniter\CodeIgniter->run()
#5 {main}
CRITICAL - 2021-10-30 23:57:18 --> Call to undefined method CodeIgniter\Database\MySQLi\Connection::get()
#0 /home/sorotnus/public_html/floratama/app/Controllers/Regulasi.php(15): App\Models\Regulasi->get_data('regulasi', 'investasi', '')
#1 /home/sorotnus/public_html/floratama/system/CodeIgniter.php(928): App\Controllers\Regulasi->index()
#2 /home/sorotnus/public_html/floratama/system/CodeIgniter.php(436): CodeIgniter\CodeIgniter->runController(Object(App\Controllers\Regulasi))
#3 /home/sorotnus/public_html/floratama/system/CodeIgniter.php(336): CodeIgniter\CodeIgniter->handleRequest(NULL, Object(Config\Cache), false)
#4 /home/sorotnus/public_html/floratama/index.php(45): CodeIgniter\CodeIgniter->run()
#5 {main}
CRITICAL - 2021-10-30 23:59:38 --> You must set the database table to be used with your query.
#0 /home/sorotnus/public_html/floratama/system/Model.php(602): CodeIgniter\Database\BaseConnection->table(NULL)
#1 /home/sorotnus/public_html/floratama/system/Model.php(798): CodeIgniter\Model->builder()
#2 /home/sorotnus/public_html/floratama/app/Controllers/Regulasi.php(15): CodeIgniter\Model->__call('get_investasi', Array)
#3 /home/sorotnus/public_html/floratama/system/CodeIgniter.php(928): App\Controllers\Regulasi->index()
#4 /home/sorotnus/public_html/floratama/system/CodeIgniter.php(436): CodeIgniter\CodeIgniter->runController(Object(App\Controllers\Regulasi))
#5 /home/sorotnus/public_html/floratama/system/CodeIgniter.php(336): CodeIgniter\CodeIgniter->handleRequest(NULL, Object(Config\Cache), false)
#6 /home/sorotnus/public_html/floratama/index.php(45): CodeIgniter\CodeIgniter->run()
#7 {main}
