CRITICAL - 2021-10-25 20:30:20 --> Undefined offset: 0
#0 /home/sorotnus/public_html/floratama/app/Views/pages.php(12): CodeIgniter\Debug\Exceptions->errorHandler(8, 'Undefined offse...', '/home/sorotnus/...', 12, Array)
#1 /home/sorotnus/public_html/floratama/system/View/View.php(230): include('/home/sorotnus/...')
#2 /home/sorotnus/public_html/floratama/system/View/View.php(232): CodeIgniter\View\View->CodeIgniter\View\{closure}()
#3 /home/sorotnus/public_html/floratama/system/Common.php(1271): CodeIgniter\View\View->render('pages', Array, true)
#4 /home/sorotnus/public_html/floratama/app/Libraries/Init.php(130): view('pages', Array)
#5 /home/sorotnus/public_html/floratama/app/Controllers/Home.php(88): App\Libraries\Init->no_slider('pages', Array)
#6 /home/sorotnus/public_html/floratama/system/CodeIgniter.php(928): App\Controllers\Home->pages('<')
#7 /home/sorotnus/public_html/floratama/system/CodeIgniter.php(436): CodeIgniter\CodeIgniter->runController(Object(App\Controllers\Home))
#8 /home/sorotnus/public_html/floratama/system/CodeIgniter.php(336): CodeIgniter\CodeIgniter->handleRequest(NULL, Object(Config\Cache), false)
#9 /home/sorotnus/public_html/floratama/index.php(45): CodeIgniter\CodeIgniter->run()
#10 {main}
CRITICAL - 2021-10-25 21:59:33 --> Undefined index: category
#0 /home/sorotnus/public_html/floratama/app/Views/pages.php(38): CodeIgniter\Debug\Exceptions->errorHandler(8, 'Undefined index...', '/home/sorotnus/...', 38, Array)
#1 /home/sorotnus/public_html/floratama/system/View/View.php(230): include('/home/sorotnus/...')
#2 /home/sorotnus/public_html/floratama/system/View/View.php(232): CodeIgniter\View\View->CodeIgniter\View\{closure}()
#3 /home/sorotnus/public_html/floratama/system/Common.php(1271): CodeIgniter\View\View->render('pages', Array, true)
#4 /home/sorotnus/public_html/floratama/app/Libraries/Init.php(130): view('pages', Array)
#5 /home/sorotnus/public_html/floratama/app/Controllers/Home.php(88): App\Libraries\Init->no_slider('pages', Array)
#6 /home/sorotnus/public_html/floratama/system/CodeIgniter.php(928): App\Controllers\Home->pages('peluang-investa...')
#7 /home/sorotnus/public_html/floratama/system/CodeIgniter.php(436): CodeIgniter\CodeIgniter->runController(Object(App\Controllers\Home))
#8 /home/sorotnus/public_html/floratama/system/CodeIgniter.php(336): CodeIgniter\CodeIgniter->handleRequest(NULL, Object(Config\Cache), false)
#9 /home/sorotnus/public_html/floratama/index.php(45): CodeIgniter\CodeIgniter->run()
#10 {main}
CRITICAL - 2021-10-25 22:03:19 --> Undefined index: id_content
#0 /home/sorotnus/public_html/floratama/app/Views/pages.php(37): CodeIgniter\Debug\Exceptions->errorHandler(8, 'Undefined index...', '/home/sorotnus/...', 37, Array)
#1 /home/sorotnus/public_html/floratama/system/View/View.php(230): include('/home/sorotnus/...')
#2 /home/sorotnus/public_html/floratama/system/View/View.php(232): CodeIgniter\View\View->CodeIgniter\View\{closure}()
#3 /home/sorotnus/public_html/floratama/system/Common.php(1271): CodeIgniter\View\View->render('pages', Array, true)
#4 /home/sorotnus/public_html/floratama/app/Libraries/Init.php(130): view('pages', Array)
#5 /home/sorotnus/public_html/floratama/app/Controllers/Home.php(88): App\Libraries\Init->no_slider('pages', Array)
#6 /home/sorotnus/public_html/floratama/system/CodeIgniter.php(928): App\Controllers\Home->pages('peluang-investa...')
#7 /home/sorotnus/public_html/floratama/system/CodeIgniter.php(436): CodeIgniter\CodeIgniter->runController(Object(App\Controllers\Home))
#8 /home/sorotnus/public_html/floratama/system/CodeIgniter.php(336): CodeIgniter\CodeIgniter->handleRequest(NULL, Object(Config\Cache), false)
#9 /home/sorotnus/public_html/floratama/index.php(45): CodeIgniter\CodeIgniter->run()
#10 {main}
CRITICAL - 2021-10-25 22:06:02 --> Undefined index: id_content
#0 /home/sorotnus/public_html/floratama/app/Views/pages.php(37): CodeIgniter\Debug\Exceptions->errorHandler(8, 'Undefined index...', '/home/sorotnus/...', 37, Array)
#1 /home/sorotnus/public_html/floratama/system/View/View.php(230): include('/home/sorotnus/...')
#2 /home/sorotnus/public_html/floratama/system/View/View.php(232): CodeIgniter\View\View->CodeIgniter\View\{closure}()
#3 /home/sorotnus/public_html/floratama/system/Common.php(1271): CodeIgniter\View\View->render('pages', Array, true)
#4 /home/sorotnus/public_html/floratama/app/Libraries/Init.php(130): view('pages', Array)
#5 /home/sorotnus/public_html/floratama/app/Controllers/Home.php(88): App\Libraries\Init->no_slider('pages', Array)
#6 /home/sorotnus/public_html/floratama/system/CodeIgniter.php(928): App\Controllers\Home->pages('peluang-investa...')
#7 /home/sorotnus/public_html/floratama/system/CodeIgniter.php(436): CodeIgniter\CodeIgniter->runController(Object(App\Controllers\Home))
#8 /home/sorotnus/public_html/floratama/system/CodeIgniter.php(336): CodeIgniter\CodeIgniter->handleRequest(NULL, Object(Config\Cache), false)
#9 /home/sorotnus/public_html/floratama/index.php(45): CodeIgniter\CodeIgniter->run()
#10 {main}
CRITICAL - 2021-10-25 22:33:46 --> Undefined offset: 0
#0 /home/sorotnus/public_html/floratama/app/Views/pages.php(12): CodeIgniter\Debug\Exceptions->errorHandler(8, 'Undefined offse...', '/home/sorotnus/...', 12, Array)
#1 /home/sorotnus/public_html/floratama/system/View/View.php(230): include('/home/sorotnus/...')
#2 /home/sorotnus/public_html/floratama/system/View/View.php(232): CodeIgniter\View\View->CodeIgniter\View\{closure}()
#3 /home/sorotnus/public_html/floratama/system/Common.php(1271): CodeIgniter\View\View->render('pages', Array, true)
#4 /home/sorotnus/public_html/floratama/app/Libraries/Init.php(130): view('pages', Array)
#5 /home/sorotnus/public_html/floratama/app/Controllers/Home.php(88): App\Libraries\Init->no_slider('pages', Array)
#6 /home/sorotnus/public_html/floratama/system/CodeIgniter.php(928): App\Controllers\Home->pages('sada.html')
#7 /home/sorotnus/public_html/floratama/system/CodeIgniter.php(436): CodeIgniter\CodeIgniter->runController(Object(App\Controllers\Home))
#8 /home/sorotnus/public_html/floratama/system/CodeIgniter.php(336): CodeIgniter\CodeIgniter->handleRequest(NULL, Object(Config\Cache), false)
#9 /home/sorotnus/public_html/floratama/index.php(45): CodeIgniter\CodeIgniter->run()
#10 {main}
CRITICAL - 2021-10-25 22:33:50 --> Undefined offset: 0
#0 /home/sorotnus/public_html/floratama/app/Views/pages.php(12): CodeIgniter\Debug\Exceptions->errorHandler(8, 'Undefined offse...', '/home/sorotnus/...', 12, Array)
#1 /home/sorotnus/public_html/floratama/system/View/View.php(230): include('/home/sorotnus/...')
#2 /home/sorotnus/public_html/floratama/system/View/View.php(232): CodeIgniter\View\View->CodeIgniter\View\{closure}()
#3 /home/sorotnus/public_html/floratama/system/Common.php(1271): CodeIgniter\View\View->render('pages', Array, true)
#4 /home/sorotnus/public_html/floratama/app/Libraries/Init.php(130): view('pages', Array)
#5 /home/sorotnus/public_html/floratama/app/Controllers/Home.php(88): App\Libraries\Init->no_slider('pages', Array)
#6 /home/sorotnus/public_html/floratama/system/CodeIgniter.php(928): App\Controllers\Home->pages('peluang-pendana...')
#7 /home/sorotnus/public_html/floratama/system/CodeIgniter.php(436): CodeIgniter\CodeIgniter->runController(Object(App\Controllers\Home))
#8 /home/sorotnus/public_html/floratama/system/CodeIgniter.php(336): CodeIgniter\CodeIgniter->handleRequest(NULL, Object(Config\Cache), false)
#9 /home/sorotnus/public_html/floratama/index.php(45): CodeIgniter\CodeIgniter->run()
#10 {main}
CRITICAL - 2021-10-25 22:33:53 --> Undefined offset: 0
#0 /home/sorotnus/public_html/floratama/app/Views/pages.php(12): CodeIgniter\Debug\Exceptions->errorHandler(8, 'Undefined offse...', '/home/sorotnus/...', 12, Array)
#1 /home/sorotnus/public_html/floratama/system/View/View.php(230): include('/home/sorotnus/...')
#2 /home/sorotnus/public_html/floratama/system/View/View.php(232): CodeIgniter\View\View->CodeIgniter\View\{closure}()
#3 /home/sorotnus/public_html/floratama/system/Common.php(1271): CodeIgniter\View\View->render('pages', Array, true)
#4 /home/sorotnus/public_html/floratama/app/Libraries/Init.php(130): view('pages', Array)
#5 /home/sorotnus/public_html/floratama/app/Controllers/Home.php(88): App\Libraries\Init->no_slider('pages', Array)
#6 /home/sorotnus/public_html/floratama/system/CodeIgniter.php(928): App\Controllers\Home->pages('divisi-investas...')
#7 /home/sorotnus/public_html/floratama/system/CodeIgniter.php(436): CodeIgniter\CodeIgniter->runController(Object(App\Controllers\Home))
#8 /home/sorotnus/public_html/floratama/system/CodeIgniter.php(336): CodeIgniter\CodeIgniter->handleRequest(NULL, Object(Config\Cache), false)
#9 /home/sorotnus/public_html/floratama/index.php(45): CodeIgniter\CodeIgniter->run()
#10 {main}
CRITICAL - 2021-10-25 22:33:58 --> Undefined offset: 0
#0 /home/sorotnus/public_html/floratama/app/Views/pages.php(12): CodeIgniter\Debug\Exceptions->errorHandler(8, 'Undefined offse...', '/home/sorotnus/...', 12, Array)
#1 /home/sorotnus/public_html/floratama/system/View/View.php(230): include('/home/sorotnus/...')
#2 /home/sorotnus/public_html/floratama/system/View/View.php(232): CodeIgniter\View\View->CodeIgniter\View\{closure}()
#3 /home/sorotnus/public_html/floratama/system/Common.php(1271): CodeIgniter\View\View->render('pages', Array, true)
#4 /home/sorotnus/public_html/floratama/app/Libraries/Init.php(130): view('pages', Array)
#5 /home/sorotnus/public_html/floratama/app/Controllers/Home.php(88): App\Libraries\Init->no_slider('pages', Array)
#6 /home/sorotnus/public_html/floratama/system/CodeIgniter.php(928): App\Controllers\Home->pages('forum-floratama...')
#7 /home/sorotnus/public_html/floratama/system/CodeIgniter.php(436): CodeIgniter\CodeIgniter->runController(Object(App\Controllers\Home))
#8 /home/sorotnus/public_html/floratama/system/CodeIgniter.php(336): CodeIgniter\CodeIgniter->handleRequest(NULL, Object(Config\Cache), false)
#9 /home/sorotnus/public_html/floratama/index.php(45): CodeIgniter\CodeIgniter->run()
#10 {main}
CRITICAL - 2021-10-25 22:46:35 --> Undefined offset: 0
#0 /home/sorotnus/public_html/floratama/app/Views/pages.php(12): CodeIgniter\Debug\Exceptions->errorHandler(8, 'Undefined offse...', '/home/sorotnus/...', 12, Array)
#1 /home/sorotnus/public_html/floratama/system/View/View.php(230): include('/home/sorotnus/...')
#2 /home/sorotnus/public_html/floratama/system/View/View.php(232): CodeIgniter\View\View->CodeIgniter\View\{closure}()
#3 /home/sorotnus/public_html/floratama/system/Common.php(1271): CodeIgniter\View\View->render('pages', Array, true)
#4 /home/sorotnus/public_html/floratama/app/Libraries/Init.php(130): view('pages', Array)
#5 /home/sorotnus/public_html/floratama/app/Controllers/Home.php(88): App\Libraries\Init->no_slider('pages', Array)
#6 /home/sorotnus/public_html/floratama/system/CodeIgniter.php(928): App\Controllers\Home->pages('images', 'other', 'why-invest-1.pn...')
#7 /home/sorotnus/public_html/floratama/system/CodeIgniter.php(436): CodeIgniter\CodeIgniter->runController(Object(App\Controllers\Home))
#8 /home/sorotnus/public_html/floratama/system/CodeIgniter.php(336): CodeIgniter\CodeIgniter->handleRequest(NULL, Object(Config\Cache), false)
#9 /home/sorotnus/public_html/floratama/index.php(45): CodeIgniter\CodeIgniter->run()
#10 {main}
CRITICAL - 2021-10-25 22:46:35 --> Undefined offset: 0
#0 /home/sorotnus/public_html/floratama/app/Views/pages.php(12): CodeIgniter\Debug\Exceptions->errorHandler(8, 'Undefined offse...', '/home/sorotnus/...', 12, Array)
#1 /home/sorotnus/public_html/floratama/system/View/View.php(230): include('/home/sorotnus/...')
#2 /home/sorotnus/public_html/floratama/system/View/View.php(232): CodeIgniter\View\View->CodeIgniter\View\{closure}()
#3 /home/sorotnus/public_html/floratama/system/Common.php(1271): CodeIgniter\View\View->render('pages', Array, true)
#4 /home/sorotnus/public_html/floratama/app/Libraries/Init.php(130): view('pages', Array)
#5 /home/sorotnus/public_html/floratama/app/Controllers/Home.php(88): App\Libraries\Init->no_slider('pages', Array)
#6 /home/sorotnus/public_html/floratama/system/CodeIgniter.php(928): App\Controllers\Home->pages('images', 'other', 'why-invest-3.pn...')
#7 /home/sorotnus/public_html/floratama/system/CodeIgniter.php(436): CodeIgniter\CodeIgniter->runController(Object(App\Controllers\Home))
#8 /home/sorotnus/public_html/floratama/system/CodeIgniter.php(336): CodeIgniter\CodeIgniter->handleRequest(NULL, Object(Config\Cache), false)
#9 /home/sorotnus/public_html/floratama/index.php(45): CodeIgniter\CodeIgniter->run()
#10 {main}
CRITICAL - 2021-10-25 22:46:35 --> Undefined offset: 0
#0 /home/sorotnus/public_html/floratama/app/Views/pages.php(12): CodeIgniter\Debug\Exceptions->errorHandler(8, 'Undefined offse...', '/home/sorotnus/...', 12, Array)
#1 /home/sorotnus/public_html/floratama/system/View/View.php(230): include('/home/sorotnus/...')
#2 /home/sorotnus/public_html/floratama/system/View/View.php(232): CodeIgniter\View\View->CodeIgniter\View\{closure}()
#3 /home/sorotnus/public_html/floratama/system/Common.php(1271): CodeIgniter\View\View->render('pages', Array, true)
#4 /home/sorotnus/public_html/floratama/app/Libraries/Init.php(130): view('pages', Array)
#5 /home/sorotnus/public_html/floratama/app/Controllers/Home.php(88): App\Libraries\Init->no_slider('pages', Array)
#6 /home/sorotnus/public_html/floratama/system/CodeIgniter.php(928): App\Controllers\Home->pages('images', 'other', 'why-invest-4.pn...')
#7 /home/sorotnus/public_html/floratama/system/CodeIgniter.php(436): CodeIgniter\CodeIgniter->runController(Object(App\Controllers\Home))
#8 /home/sorotnus/public_html/floratama/system/CodeIgniter.php(336): CodeIgniter\CodeIgniter->handleRequest(NULL, Object(Config\Cache), false)
#9 /home/sorotnus/public_html/floratama/index.php(45): CodeIgniter\CodeIgniter->run()
#10 {main}
CRITICAL - 2021-10-25 22:46:35 --> Undefined offset: 0
#0 /home/sorotnus/public_html/floratama/app/Views/pages.php(12): CodeIgniter\Debug\Exceptions->errorHandler(8, 'Undefined offse...', '/home/sorotnus/...', 12, Array)
#1 /home/sorotnus/public_html/floratama/system/View/View.php(230): include('/home/sorotnus/...')
#2 /home/sorotnus/public_html/floratama/system/View/View.php(232): CodeIgniter\View\View->CodeIgniter\View\{closure}()
#3 /home/sorotnus/public_html/floratama/system/Common.php(1271): CodeIgniter\View\View->render('pages', Array, true)
#4 /home/sorotnus/public_html/floratama/app/Libraries/Init.php(130): view('pages', Array)
#5 /home/sorotnus/public_html/floratama/app/Controllers/Home.php(88): App\Libraries\Init->no_slider('pages', Array)
#6 /home/sorotnus/public_html/floratama/system/CodeIgniter.php(928): App\Controllers\Home->pages('images', 'other', 'why-invest-2.pn...')
#7 /home/sorotnus/public_html/floratama/system/CodeIgniter.php(436): CodeIgniter\CodeIgniter->runController(Object(App\Controllers\Home))
#8 /home/sorotnus/public_html/floratama/system/CodeIgniter.php(336): CodeIgniter\CodeIgniter->handleRequest(NULL, Object(Config\Cache), false)
#9 /home/sorotnus/public_html/floratama/index.php(45): CodeIgniter\CodeIgniter->run()
#10 {main}
CRITICAL - 2021-10-25 22:47:22 --> Undefined offset: 0
#0 /home/sorotnus/public_html/floratama/app/Views/pages.php(12): CodeIgniter\Debug\Exceptions->errorHandler(8, 'Undefined offse...', '/home/sorotnus/...', 12, Array)
#1 /home/sorotnus/public_html/floratama/system/View/View.php(230): include('/home/sorotnus/...')
#2 /home/sorotnus/public_html/floratama/system/View/View.php(232): CodeIgniter\View\View->CodeIgniter\View\{closure}()
#3 /home/sorotnus/public_html/floratama/system/Common.php(1271): CodeIgniter\View\View->render('pages', Array, true)
#4 /home/sorotnus/public_html/floratama/app/Libraries/Init.php(130): view('pages', Array)
#5 /home/sorotnus/public_html/floratama/app/Controllers/Home.php(88): App\Libraries\Init->no_slider('pages', Array)
#6 /home/sorotnus/public_html/floratama/system/CodeIgniter.php(928): App\Controllers\Home->pages('public', 'images', 'other', 'why-invest-1.pn...')
#7 /home/sorotnus/public_html/floratama/system/CodeIgniter.php(436): CodeIgniter\CodeIgniter->runController(Object(App\Controllers\Home))
#8 /home/sorotnus/public_html/floratama/system/CodeIgniter.php(336): CodeIgniter\CodeIgniter->handleRequest(NULL, Object(Config\Cache), false)
#9 /home/sorotnus/public_html/floratama/index.php(45): CodeIgniter\CodeIgniter->run()
#10 {main}
CRITICAL - 2021-10-25 22:47:22 --> Undefined offset: 0
#0 /home/sorotnus/public_html/floratama/app/Views/pages.php(12): CodeIgniter\Debug\Exceptions->errorHandler(8, 'Undefined offse...', '/home/sorotnus/...', 12, Array)
#1 /home/sorotnus/public_html/floratama/system/View/View.php(230): include('/home/sorotnus/...')
#2 /home/sorotnus/public_html/floratama/system/View/View.php(232): CodeIgniter\View\View->CodeIgniter\View\{closure}()
#3 /home/sorotnus/public_html/floratama/system/Common.php(1271): CodeIgniter\View\View->render('pages', Array, true)
#4 /home/sorotnus/public_html/floratama/app/Libraries/Init.php(130): view('pages', Array)
#5 /home/sorotnus/public_html/floratama/app/Controllers/Home.php(88): App\Libraries\Init->no_slider('pages', Array)
#6 /home/sorotnus/public_html/floratama/system/CodeIgniter.php(928): App\Controllers\Home->pages('public', 'images', 'other', 'why-invest-4.pn...')
#7 /home/sorotnus/public_html/floratama/system/CodeIgniter.php(436): CodeIgniter\CodeIgniter->runController(Object(App\Controllers\Home))
#8 /home/sorotnus/public_html/floratama/system/CodeIgniter.php(336): CodeIgniter\CodeIgniter->handleRequest(NULL, Object(Config\Cache), false)
#9 /home/sorotnus/public_html/floratama/index.php(45): CodeIgniter\CodeIgniter->run()
#10 {main}
CRITICAL - 2021-10-25 22:47:22 --> Undefined offset: 0
#0 /home/sorotnus/public_html/floratama/app/Views/pages.php(12): CodeIgniter\Debug\Exceptions->errorHandler(8, 'Undefined offse...', '/home/sorotnus/...', 12, Array)
#1 /home/sorotnus/public_html/floratama/system/View/View.php(230): include('/home/sorotnus/...')
#2 /home/sorotnus/public_html/floratama/system/View/View.php(232): CodeIgniter\View\View->CodeIgniter\View\{closure}()
#3 /home/sorotnus/public_html/floratama/system/Common.php(1271): CodeIgniter\View\View->render('pages', Array, true)
#4 /home/sorotnus/public_html/floratama/app/Libraries/Init.php(130): view('pages', Array)
#5 /home/sorotnus/public_html/floratama/app/Controllers/Home.php(88): App\Libraries\Init->no_slider('pages', Array)
#6 /home/sorotnus/public_html/floratama/system/CodeIgniter.php(928): App\Controllers\Home->pages('public', 'images', 'other', 'why-invest-2.pn...')
#7 /home/sorotnus/public_html/floratama/system/CodeIgniter.php(436): CodeIgniter\CodeIgniter->runController(Object(App\Controllers\Home))
#8 /home/sorotnus/public_html/floratama/system/CodeIgniter.php(336): CodeIgniter\CodeIgniter->handleRequest(NULL, Object(Config\Cache), false)
#9 /home/sorotnus/public_html/floratama/index.php(45): CodeIgniter\CodeIgniter->run()
#10 {main}
CRITICAL - 2021-10-25 22:47:22 --> Undefined offset: 0
#0 /home/sorotnus/public_html/floratama/app/Views/pages.php(12): CodeIgniter\Debug\Exceptions->errorHandler(8, 'Undefined offse...', '/home/sorotnus/...', 12, Array)
#1 /home/sorotnus/public_html/floratama/system/View/View.php(230): include('/home/sorotnus/...')
#2 /home/sorotnus/public_html/floratama/system/View/View.php(232): CodeIgniter\View\View->CodeIgniter\View\{closure}()
#3 /home/sorotnus/public_html/floratama/system/Common.php(1271): CodeIgniter\View\View->render('pages', Array, true)
#4 /home/sorotnus/public_html/floratama/app/Libraries/Init.php(130): view('pages', Array)
#5 /home/sorotnus/public_html/floratama/app/Controllers/Home.php(88): App\Libraries\Init->no_slider('pages', Array)
#6 /home/sorotnus/public_html/floratama/system/CodeIgniter.php(928): App\Controllers\Home->pages('public', 'images', 'other', 'why-invest-3.pn...')
#7 /home/sorotnus/public_html/floratama/system/CodeIgniter.php(436): CodeIgniter\CodeIgniter->runController(Object(App\Controllers\Home))
#8 /home/sorotnus/public_html/floratama/system/CodeIgniter.php(336): CodeIgniter\CodeIgniter->handleRequest(NULL, Object(Config\Cache), false)
#9 /home/sorotnus/public_html/floratama/index.php(45): CodeIgniter\CodeIgniter->run()
#10 {main}
CRITICAL - 2021-10-25 22:48:00 --> Undefined offset: 0
#0 /home/sorotnus/public_html/floratama/app/Views/pages.php(12): CodeIgniter\Debug\Exceptions->errorHandler(8, 'Undefined offse...', '/home/sorotnus/...', 12, Array)
#1 /home/sorotnus/public_html/floratama/system/View/View.php(230): include('/home/sorotnus/...')
#2 /home/sorotnus/public_html/floratama/system/View/View.php(232): CodeIgniter\View\View->CodeIgniter\View\{closure}()
#3 /home/sorotnus/public_html/floratama/system/Common.php(1271): CodeIgniter\View\View->render('pages', Array, true)
#4 /home/sorotnus/public_html/floratama/app/Libraries/Init.php(130): view('pages', Array)
#5 /home/sorotnus/public_html/floratama/app/Controllers/Home.php(88): App\Libraries\Init->no_slider('pages', Array)
#6 /home/sorotnus/public_html/floratama/system/CodeIgniter.php(928): App\Controllers\Home->pages('<')
#7 /home/sorotnus/public_html/floratama/system/CodeIgniter.php(436): CodeIgniter\CodeIgniter->runController(Object(App\Controllers\Home))
#8 /home/sorotnus/public_html/floratama/system/CodeIgniter.php(336): CodeIgniter\CodeIgniter->handleRequest(NULL, Object(Config\Cache), false)
#9 /home/sorotnus/public_html/floratama/index.php(45): CodeIgniter\CodeIgniter->run()
#10 {main}
CRITICAL - 2021-10-25 22:48:00 --> Undefined offset: 0
#0 /home/sorotnus/public_html/floratama/app/Views/pages.php(12): CodeIgniter\Debug\Exceptions->errorHandler(8, 'Undefined offse...', '/home/sorotnus/...', 12, Array)
#1 /home/sorotnus/public_html/floratama/system/View/View.php(230): include('/home/sorotnus/...')
#2 /home/sorotnus/public_html/floratama/system/View/View.php(232): CodeIgniter\View\View->CodeIgniter\View\{closure}()
#3 /home/sorotnus/public_html/floratama/system/Common.php(1271): CodeIgniter\View\View->render('pages', Array, true)
#4 /home/sorotnus/public_html/floratama/app/Libraries/Init.php(130): view('pages', Array)
#5 /home/sorotnus/public_html/floratama/app/Controllers/Home.php(88): App\Libraries\Init->no_slider('pages', Array)
#6 /home/sorotnus/public_html/floratama/system/CodeIgniter.php(928): App\Controllers\Home->pages('<')
#7 /home/sorotnus/public_html/floratama/system/CodeIgniter.php(436): CodeIgniter\CodeIgniter->runController(Object(App\Controllers\Home))
#8 /home/sorotnus/public_html/floratama/system/CodeIgniter.php(336): CodeIgniter\CodeIgniter->handleRequest(NULL, Object(Config\Cache), false)
#9 /home/sorotnus/public_html/floratama/index.php(45): CodeIgniter\CodeIgniter->run()
#10 {main}
CRITICAL - 2021-10-25 22:48:00 --> Undefined offset: 0
#0 /home/sorotnus/public_html/floratama/app/Views/pages.php(12): CodeIgniter\Debug\Exceptions->errorHandler(8, 'Undefined offse...', '/home/sorotnus/...', 12, Array)
#1 /home/sorotnus/public_html/floratama/system/View/View.php(230): include('/home/sorotnus/...')
#2 /home/sorotnus/public_html/floratama/system/View/View.php(232): CodeIgniter\View\View->CodeIgniter\View\{closure}()
#3 /home/sorotnus/public_html/floratama/system/Common.php(1271): CodeIgniter\View\View->render('pages', Array, true)
#4 /home/sorotnus/public_html/floratama/app/Libraries/Init.php(130): view('pages', Array)
#5 /home/sorotnus/public_html/floratama/app/Controllers/Home.php(88): App\Libraries\Init->no_slider('pages', Array)
#6 /home/sorotnus/public_html/floratama/system/CodeIgniter.php(928): App\Controllers\Home->pages('<')
#7 /home/sorotnus/public_html/floratama/system/CodeIgniter.php(436): CodeIgniter\CodeIgniter->runController(Object(App\Controllers\Home))
#8 /home/sorotnus/public_html/floratama/system/CodeIgniter.php(336): CodeIgniter\CodeIgniter->handleRequest(NULL, Object(Config\Cache), false)
#9 /home/sorotnus/public_html/floratama/index.php(45): CodeIgniter\CodeIgniter->run()
#10 {main}
CRITICAL - 2021-10-25 22:48:00 --> Undefined offset: 0
#0 /home/sorotnus/public_html/floratama/app/Views/pages.php(12): CodeIgniter\Debug\Exceptions->errorHandler(8, 'Undefined offse...', '/home/sorotnus/...', 12, Array)
#1 /home/sorotnus/public_html/floratama/system/View/View.php(230): include('/home/sorotnus/...')
#2 /home/sorotnus/public_html/floratama/system/View/View.php(232): CodeIgniter\View\View->CodeIgniter\View\{closure}()
#3 /home/sorotnus/public_html/floratama/system/Common.php(1271): CodeIgniter\View\View->render('pages', Array, true)
#4 /home/sorotnus/public_html/floratama/app/Libraries/Init.php(130): view('pages', Array)
#5 /home/sorotnus/public_html/floratama/app/Controllers/Home.php(88): App\Libraries\Init->no_slider('pages', Array)
#6 /home/sorotnus/public_html/floratama/system/CodeIgniter.php(928): App\Controllers\Home->pages('<')
#7 /home/sorotnus/public_html/floratama/system/CodeIgniter.php(436): CodeIgniter\CodeIgniter->runController(Object(App\Controllers\Home))
#8 /home/sorotnus/public_html/floratama/system/CodeIgniter.php(336): CodeIgniter\CodeIgniter->handleRequest(NULL, Object(Config\Cache), false)
#9 /home/sorotnus/public_html/floratama/index.php(45): CodeIgniter\CodeIgniter->run()
#10 {main}
CRITICAL - 2021-10-25 23:38:05 --> Trying to get property 'tipe' of non-object
#0 /home/sorotnus/public_html/floratama/app/Controllers/Home.php(41): CodeIgniter\Debug\Exceptions->errorHandler(8, 'Trying to get p...', '/home/sorotnus/...', 41, Array)
#1 /home/sorotnus/public_html/floratama/system/CodeIgniter.php(928): App\Controllers\Home->pages('images', 'other', 'why-invest-2.pn...')
#2 /home/sorotnus/public_html/floratama/system/CodeIgniter.php(436): CodeIgniter\CodeIgniter->runController(Object(App\Controllers\Home))
#3 /home/sorotnus/public_html/floratama/system/CodeIgniter.php(336): CodeIgniter\CodeIgniter->handleRequest(NULL, Object(Config\Cache), false)
#4 /home/sorotnus/public_html/floratama/index.php(45): CodeIgniter\CodeIgniter->run()
#5 {main}
CRITICAL - 2021-10-25 23:38:05 --> Trying to get property 'tipe' of non-object
#0 /home/sorotnus/public_html/floratama/app/Controllers/Home.php(41): CodeIgniter\Debug\Exceptions->errorHandler(8, 'Trying to get p...', '/home/sorotnus/...', 41, Array)
#1 /home/sorotnus/public_html/floratama/system/CodeIgniter.php(928): App\Controllers\Home->pages('images', 'blog', 'thumbnail', '5.jpg')
#2 /home/sorotnus/public_html/floratama/system/CodeIgniter.php(436): CodeIgniter\CodeIgniter->runController(Object(App\Controllers\Home))
#3 /home/sorotnus/public_html/floratama/system/CodeIgniter.php(336): CodeIgniter\CodeIgniter->handleRequest(NULL, Object(Config\Cache), false)
#4 /home/sorotnus/public_html/floratama/index.php(45): CodeIgniter\CodeIgniter->run()
#5 {main}
CRITICAL - 2021-10-25 23:38:05 --> Trying to get property 'tipe' of non-object
#0 /home/sorotnus/public_html/floratama/app/Controllers/Home.php(41): CodeIgniter\Debug\Exceptions->errorHandler(8, 'Trying to get p...', '/home/sorotnus/...', 41, Array)
#1 /home/sorotnus/public_html/floratama/system/CodeIgniter.php(928): App\Controllers\Home->pages('images', 'other', 'area-default.pn...')
#2 /home/sorotnus/public_html/floratama/system/CodeIgniter.php(436): CodeIgniter\CodeIgniter->runController(Object(App\Controllers\Home))
#3 /home/sorotnus/public_html/floratama/system/CodeIgniter.php(336): CodeIgniter\CodeIgniter->handleRequest(NULL, Object(Config\Cache), false)
#4 /home/sorotnus/public_html/floratama/index.php(45): CodeIgniter\CodeIgniter->run()
#5 {main}
CRITICAL - 2021-10-25 23:38:05 --> Trying to get property 'tipe' of non-object
#0 /home/sorotnus/public_html/floratama/app/Controllers/Home.php(41): CodeIgniter\Debug\Exceptions->errorHandler(8, 'Trying to get p...', '/home/sorotnus/...', 41, Array)
#1 /home/sorotnus/public_html/floratama/system/CodeIgniter.php(928): App\Controllers\Home->pages('images', 'blog', '12.jpg')
#2 /home/sorotnus/public_html/floratama/system/CodeIgniter.php(436): CodeIgniter\CodeIgniter->runController(Object(App\Controllers\Home))
#3 /home/sorotnus/public_html/floratama/system/CodeIgniter.php(336): CodeIgniter\CodeIgniter->handleRequest(NULL, Object(Config\Cache), false)
#4 /home/sorotnus/public_html/floratama/index.php(45): CodeIgniter\CodeIgniter->run()
#5 {main}
CRITICAL - 2021-10-25 23:38:05 --> Trying to get property 'tipe' of non-object
#0 /home/sorotnus/public_html/floratama/app/Controllers/Home.php(41): CodeIgniter\Debug\Exceptions->errorHandler(8, 'Trying to get p...', '/home/sorotnus/...', 41, Array)
#1 /home/sorotnus/public_html/floratama/system/CodeIgniter.php(928): App\Controllers\Home->pages('images', 'other', 'why-invest-3.pn...')
#2 /home/sorotnus/public_html/floratama/system/CodeIgniter.php(436): CodeIgniter\CodeIgniter->runController(Object(App\Controllers\Home))
#3 /home/sorotnus/public_html/floratama/system/CodeIgniter.php(336): CodeIgniter\CodeIgniter->handleRequest(NULL, Object(Config\Cache), false)
#4 /home/sorotnus/public_html/floratama/index.php(45): CodeIgniter\CodeIgniter->run()
#5 {main}
CRITICAL - 2021-10-25 23:38:05 --> Trying to get property 'tipe' of non-object
#0 /home/sorotnus/public_html/floratama/app/Controllers/Home.php(41): CodeIgniter\Debug\Exceptions->errorHandler(8, 'Trying to get p...', '/home/sorotnus/...', 41, Array)
#1 /home/sorotnus/public_html/floratama/system/CodeIgniter.php(928): App\Controllers\Home->pages('images', 'other', 'why-invest-1.pn...')
#2 /home/sorotnus/public_html/floratama/system/CodeIgniter.php(436): CodeIgniter\CodeIgniter->runController(Object(App\Controllers\Home))
#3 /home/sorotnus/public_html/floratama/system/CodeIgniter.php(336): CodeIgniter\CodeIgniter->handleRequest(NULL, Object(Config\Cache), false)
#4 /home/sorotnus/public_html/floratama/index.php(45): CodeIgniter\CodeIgniter->run()
#5 {main}
CRITICAL - 2021-10-25 23:38:05 --> Trying to get property 'tipe' of non-object
#0 /home/sorotnus/public_html/floratama/app/Controllers/Home.php(41): CodeIgniter\Debug\Exceptions->errorHandler(8, 'Trying to get p...', '/home/sorotnus/...', 41, Array)
#1 /home/sorotnus/public_html/floratama/system/CodeIgniter.php(928): App\Controllers\Home->pages('images', 'blog', '17.jpg')
#2 /home/sorotnus/public_html/floratama/system/CodeIgniter.php(436): CodeIgniter\CodeIgniter->runController(Object(App\Controllers\Home))
#3 /home/sorotnus/public_html/floratama/system/CodeIgniter.php(336): CodeIgniter\CodeIgniter->handleRequest(NULL, Object(Config\Cache), false)
#4 /home/sorotnus/public_html/floratama/index.php(45): CodeIgniter\CodeIgniter->run()
#5 {main}
CRITICAL - 2021-10-25 23:38:05 --> Trying to get property 'tipe' of non-object
#0 /home/sorotnus/public_html/floratama/app/Controllers/Home.php(41): CodeIgniter\Debug\Exceptions->errorHandler(8, 'Trying to get p...', '/home/sorotnus/...', 41, Array)
#1 /home/sorotnus/public_html/floratama/system/CodeIgniter.php(928): App\Controllers\Home->pages('images', 'blog', '18.jpg')
#2 /home/sorotnus/public_html/floratama/system/CodeIgniter.php(436): CodeIgniter\CodeIgniter->runController(Object(App\Controllers\Home))
#3 /home/sorotnus/public_html/floratama/system/CodeIgniter.php(336): CodeIgniter\CodeIgniter->handleRequest(NULL, Object(Config\Cache), false)
#4 /home/sorotnus/public_html/floratama/index.php(45): CodeIgniter\CodeIgniter->run()
#5 {main}
CRITICAL - 2021-10-25 23:38:05 --> Trying to get property 'tipe' of non-object
#0 /home/sorotnus/public_html/floratama/app/Controllers/Home.php(41): CodeIgniter\Debug\Exceptions->errorHandler(8, 'Trying to get p...', '/home/sorotnus/...', 41, Array)
#1 /home/sorotnus/public_html/floratama/system/CodeIgniter.php(928): App\Controllers\Home->pages('images', 'blog', 'thumbnail', '7.jpg')
#2 /home/sorotnus/public_html/floratama/system/CodeIgniter.php(436): CodeIgniter\CodeIgniter->runController(Object(App\Controllers\Home))
#3 /home/sorotnus/public_html/floratama/system/CodeIgniter.php(336): CodeIgniter\CodeIgniter->handleRequest(NULL, Object(Config\Cache), false)
#4 /home/sorotnus/public_html/floratama/index.php(45): CodeIgniter\CodeIgniter->run()
#5 {main}
CRITICAL - 2021-10-25 23:38:05 --> Trying to get property 'tipe' of non-object
#0 /home/sorotnus/public_html/floratama/app/Controllers/Home.php(41): CodeIgniter\Debug\Exceptions->errorHandler(8, 'Trying to get p...', '/home/sorotnus/...', 41, Array)
#1 /home/sorotnus/public_html/floratama/system/CodeIgniter.php(928): App\Controllers\Home->pages('images', 'blog', 'thumbnail', '8.jpg')
#2 /home/sorotnus/public_html/floratama/system/CodeIgniter.php(436): CodeIgniter\CodeIgniter->runController(Object(App\Controllers\Home))
#3 /home/sorotnus/public_html/floratama/system/CodeIgniter.php(336): CodeIgniter\CodeIgniter->handleRequest(NULL, Object(Config\Cache), false)
#4 /home/sorotnus/public_html/floratama/index.php(45): CodeIgniter\CodeIgniter->run()
#5 {main}
CRITICAL - 2021-10-25 23:38:05 --> Trying to get property 'tipe' of non-object
#0 /home/sorotnus/public_html/floratama/app/Controllers/Home.php(41): CodeIgniter\Debug\Exceptions->errorHandler(8, 'Trying to get p...', '/home/sorotnus/...', 41, Array)
#1 /home/sorotnus/public_html/floratama/system/CodeIgniter.php(928): App\Controllers\Home->pages('images', 'blog', 'thumbnail', '6.jpg')
#2 /home/sorotnus/public_html/floratama/system/CodeIgniter.php(436): CodeIgniter\CodeIgniter->runController(Object(App\Controllers\Home))
#3 /home/sorotnus/public_html/floratama/system/CodeIgniter.php(336): CodeIgniter\CodeIgniter->handleRequest(NULL, Object(Config\Cache), false)
#4 /home/sorotnus/public_html/floratama/index.php(45): CodeIgniter\CodeIgniter->run()
#5 {main}
CRITICAL - 2021-10-25 23:38:05 --> Trying to get property 'tipe' of non-object
#0 /home/sorotnus/public_html/floratama/app/Controllers/Home.php(41): CodeIgniter\Debug\Exceptions->errorHandler(8, 'Trying to get p...', '/home/sorotnus/...', 41, Array)
#1 /home/sorotnus/public_html/floratama/system/CodeIgniter.php(928): App\Controllers\Home->pages('images', 'pattern', 'pattern19.png')
#2 /home/sorotnus/public_html/floratama/system/CodeIgniter.php(436): CodeIgniter\CodeIgniter->runController(Object(App\Controllers\Home))
#3 /home/sorotnus/public_html/floratama/system/CodeIgniter.php(336): CodeIgniter\CodeIgniter->handleRequest(NULL, Object(Config\Cache), false)
#4 /home/sorotnus/public_html/floratama/index.php(45): CodeIgniter\CodeIgniter->run()
#5 {main}
CRITICAL - 2021-10-25 23:38:05 --> Trying to get property 'tipe' of non-object
#0 /home/sorotnus/public_html/floratama/app/Controllers/Home.php(41): CodeIgniter\Debug\Exceptions->errorHandler(8, 'Trying to get p...', '/home/sorotnus/...', 41, Array)
#1 /home/sorotnus/public_html/floratama/system/CodeIgniter.php(928): App\Controllers\Home->pages('images', 'other', 'why-invest-4.pn...')
#2 /home/sorotnus/public_html/floratama/system/CodeIgniter.php(436): CodeIgniter\CodeIgniter->runController(Object(App\Controllers\Home))
#3 /home/sorotnus/public_html/floratama/system/CodeIgniter.php(336): CodeIgniter\CodeIgniter->handleRequest(NULL, Object(Config\Cache), false)
#4 /home/sorotnus/public_html/floratama/index.php(45): CodeIgniter\CodeIgniter->run()
#5 {main}
CRITICAL - 2021-10-25 23:38:05 --> Trying to get property 'tipe' of non-object
#0 /home/sorotnus/public_html/floratama/app/Controllers/Home.php(41): CodeIgniter\Debug\Exceptions->errorHandler(8, 'Trying to get p...', '/home/sorotnus/...', 41, Array)
#1 /home/sorotnus/public_html/floratama/system/CodeIgniter.php(928): App\Controllers\Home->pages('images', 'blog', '12.jpg')
#2 /home/sorotnus/public_html/floratama/system/CodeIgniter.php(436): CodeIgniter\CodeIgniter->runController(Object(App\Controllers\Home))
#3 /home/sorotnus/public_html/floratama/system/CodeIgniter.php(336): CodeIgniter\CodeIgniter->handleRequest(NULL, Object(Config\Cache), false)
#4 /home/sorotnus/public_html/floratama/index.php(45): CodeIgniter\CodeIgniter->run()
#5 {main}
CRITICAL - 2021-10-25 23:38:05 --> Trying to get property 'tipe' of non-object
#0 /home/sorotnus/public_html/floratama/app/Controllers/Home.php(41): CodeIgniter\Debug\Exceptions->errorHandler(8, 'Trying to get p...', '/home/sorotnus/...', 41, Array)
#1 /home/sorotnus/public_html/floratama/system/CodeIgniter.php(928): App\Controllers\Home->pages('images', 'pattern', 'bg-part3.png')
#2 /home/sorotnus/public_html/floratama/system/CodeIgniter.php(436): CodeIgniter\CodeIgniter->runController(Object(App\Controllers\Home))
#3 /home/sorotnus/public_html/floratama/system/CodeIgniter.php(336): CodeIgniter\CodeIgniter->handleRequest(NULL, Object(Config\Cache), false)
#4 /home/sorotnus/public_html/floratama/index.php(45): CodeIgniter\CodeIgniter->run()
#5 {main}
CRITICAL - 2021-10-25 23:38:58 --> Trying to get property 'tipe' of non-object
#0 /home/sorotnus/public_html/floratama/app/Controllers/Home.php(41): CodeIgniter\Debug\Exceptions->errorHandler(8, 'Trying to get p...', '/home/sorotnus/...', 41, Array)
#1 /home/sorotnus/public_html/floratama/system/CodeIgniter.php(928): App\Controllers\Home->pages('images', 'other', 'why-invest-2.pn...')
#2 /home/sorotnus/public_html/floratama/system/CodeIgniter.php(436): CodeIgniter\CodeIgniter->runController(Object(App\Controllers\Home))
#3 /home/sorotnus/public_html/floratama/system/CodeIgniter.php(336): CodeIgniter\CodeIgniter->handleRequest(NULL, Object(Config\Cache), false)
#4 /home/sorotnus/public_html/floratama/index.php(45): CodeIgniter\CodeIgniter->run()
#5 {main}
CRITICAL - 2021-10-25 23:38:58 --> Trying to get property 'tipe' of non-object
#0 /home/sorotnus/public_html/floratama/app/Controllers/Home.php(41): CodeIgniter\Debug\Exceptions->errorHandler(8, 'Trying to get p...', '/home/sorotnus/...', 41, Array)
#1 /home/sorotnus/public_html/floratama/system/CodeIgniter.php(928): App\Controllers\Home->pages('images', 'other', 'why-invest-3.pn...')
#2 /home/sorotnus/public_html/floratama/system/CodeIgniter.php(436): CodeIgniter\CodeIgniter->runController(Object(App\Controllers\Home))
#3 /home/sorotnus/public_html/floratama/system/CodeIgniter.php(336): CodeIgniter\CodeIgniter->handleRequest(NULL, Object(Config\Cache), false)
#4 /home/sorotnus/public_html/floratama/index.php(45): CodeIgniter\CodeIgniter->run()
#5 {main}
CRITICAL - 2021-10-25 23:38:58 --> Trying to get property 'tipe' of non-object
#0 /home/sorotnus/public_html/floratama/app/Controllers/Home.php(41): CodeIgniter\Debug\Exceptions->errorHandler(8, 'Trying to get p...', '/home/sorotnus/...', 41, Array)
#1 /home/sorotnus/public_html/floratama/system/CodeIgniter.php(928): App\Controllers\Home->pages('images', 'other', 'why-invest-1.pn...')
#2 /home/sorotnus/public_html/floratama/system/CodeIgniter.php(436): CodeIgniter\CodeIgniter->runController(Object(App\Controllers\Home))
#3 /home/sorotnus/public_html/floratama/system/CodeIgniter.php(336): CodeIgniter\CodeIgniter->handleRequest(NULL, Object(Config\Cache), false)
#4 /home/sorotnus/public_html/floratama/index.php(45): CodeIgniter\CodeIgniter->run()
#5 {main}
CRITICAL - 2021-10-25 23:38:58 --> Trying to get property 'tipe' of non-object
#0 /home/sorotnus/public_html/floratama/app/Controllers/Home.php(41): CodeIgniter\Debug\Exceptions->errorHandler(8, 'Trying to get p...', '/home/sorotnus/...', 41, Array)
#1 /home/sorotnus/public_html/floratama/system/CodeIgniter.php(928): App\Controllers\Home->pages('images', 'blog', '18.jpg')
#2 /home/sorotnus/public_html/floratama/system/CodeIgniter.php(436): CodeIgniter\CodeIgniter->runController(Object(App\Controllers\Home))
#3 /home/sorotnus/public_html/floratama/system/CodeIgniter.php(336): CodeIgniter\CodeIgniter->handleRequest(NULL, Object(Config\Cache), false)
#4 /home/sorotnus/public_html/floratama/index.php(45): CodeIgniter\CodeIgniter->run()
#5 {main}
CRITICAL - 2021-10-25 23:38:58 --> Trying to get property 'tipe' of non-object
#0 /home/sorotnus/public_html/floratama/app/Controllers/Home.php(41): CodeIgniter\Debug\Exceptions->errorHandler(8, 'Trying to get p...', '/home/sorotnus/...', 41, Array)
#1 /home/sorotnus/public_html/floratama/system/CodeIgniter.php(928): App\Controllers\Home->pages('images', 'blog', 'thumbnail', '8.jpg')
#2 /home/sorotnus/public_html/floratama/system/CodeIgniter.php(436): CodeIgniter\CodeIgniter->runController(Object(App\Controllers\Home))
#3 /home/sorotnus/public_html/floratama/system/CodeIgniter.php(336): CodeIgniter\CodeIgniter->handleRequest(NULL, Object(Config\Cache), false)
#4 /home/sorotnus/public_html/floratama/index.php(45): CodeIgniter\CodeIgniter->run()
#5 {main}
CRITICAL - 2021-10-25 23:38:58 --> Trying to get property 'tipe' of non-object
#0 /home/sorotnus/public_html/floratama/app/Controllers/Home.php(41): CodeIgniter\Debug\Exceptions->errorHandler(8, 'Trying to get p...', '/home/sorotnus/...', 41, Array)
#1 /home/sorotnus/public_html/floratama/system/CodeIgniter.php(928): App\Controllers\Home->pages('images', 'other', 'why-invest-4.pn...')
#2 /home/sorotnus/public_html/floratama/system/CodeIgniter.php(436): CodeIgniter\CodeIgniter->runController(Object(App\Controllers\Home))
#3 /home/sorotnus/public_html/floratama/system/CodeIgniter.php(336): CodeIgniter\CodeIgniter->handleRequest(NULL, Object(Config\Cache), false)
#4 /home/sorotnus/public_html/floratama/index.php(45): CodeIgniter\CodeIgniter->run()
#5 {main}
CRITICAL - 2021-10-25 23:38:58 --> Trying to get property 'tipe' of non-object
#0 /home/sorotnus/public_html/floratama/app/Controllers/Home.php(41): CodeIgniter\Debug\Exceptions->errorHandler(8, 'Trying to get p...', '/home/sorotnus/...', 41, Array)
#1 /home/sorotnus/public_html/floratama/system/CodeIgniter.php(928): App\Controllers\Home->pages('images', 'blog', '17.jpg')
#2 /home/sorotnus/public_html/floratama/system/CodeIgniter.php(436): CodeIgniter\CodeIgniter->runController(Object(App\Controllers\Home))
#3 /home/sorotnus/public_html/floratama/system/CodeIgniter.php(336): CodeIgniter\CodeIgniter->handleRequest(NULL, Object(Config\Cache), false)
#4 /home/sorotnus/public_html/floratama/index.php(45): CodeIgniter\CodeIgniter->run()
#5 {main}
CRITICAL - 2021-10-25 23:38:58 --> Trying to get property 'tipe' of non-object
#0 /home/sorotnus/public_html/floratama/app/Controllers/Home.php(41): CodeIgniter\Debug\Exceptions->errorHandler(8, 'Trying to get p...', '/home/sorotnus/...', 41, Array)
#1 /home/sorotnus/public_html/floratama/system/CodeIgniter.php(928): App\Controllers\Home->pages('images', 'blog', 'thumbnail', '6.jpg')
#2 /home/sorotnus/public_html/floratama/system/CodeIgniter.php(436): CodeIgniter\CodeIgniter->runController(Object(App\Controllers\Home))
#3 /home/sorotnus/public_html/floratama/system/CodeIgniter.php(336): CodeIgniter\CodeIgniter->handleRequest(NULL, Object(Config\Cache), false)
#4 /home/sorotnus/public_html/floratama/index.php(45): CodeIgniter\CodeIgniter->run()
#5 {main}
CRITICAL - 2021-10-25 23:38:58 --> Trying to get property 'tipe' of non-object
#0 /home/sorotnus/public_html/floratama/app/Controllers/Home.php(41): CodeIgniter\Debug\Exceptions->errorHandler(8, 'Trying to get p...', '/home/sorotnus/...', 41, Array)
#1 /home/sorotnus/public_html/floratama/system/CodeIgniter.php(928): App\Controllers\Home->pages('images', 'blog', '12.jpg')
#2 /home/sorotnus/public_html/floratama/system/CodeIgniter.php(436): CodeIgniter\CodeIgniter->runController(Object(App\Controllers\Home))
#3 /home/sorotnus/public_html/floratama/system/CodeIgniter.php(336): CodeIgniter\CodeIgniter->handleRequest(NULL, Object(Config\Cache), false)
#4 /home/sorotnus/public_html/floratama/index.php(45): CodeIgniter\CodeIgniter->run()
#5 {main}
CRITICAL - 2021-10-25 23:38:58 --> Trying to get property 'tipe' of non-object
#0 /home/sorotnus/public_html/floratama/app/Controllers/Home.php(41): CodeIgniter\Debug\Exceptions->errorHandler(8, 'Trying to get p...', '/home/sorotnus/...', 41, Array)
#1 /home/sorotnus/public_html/floratama/system/CodeIgniter.php(928): App\Controllers\Home->pages('images', 'blog', 'thumbnail', '7.jpg')
#2 /home/sorotnus/public_html/floratama/system/CodeIgniter.php(436): CodeIgniter\CodeIgniter->runController(Object(App\Controllers\Home))
#3 /home/sorotnus/public_html/floratama/system/CodeIgniter.php(336): CodeIgniter\CodeIgniter->handleRequest(NULL, Object(Config\Cache), false)
#4 /home/sorotnus/public_html/floratama/index.php(45): CodeIgniter\CodeIgniter->run()
#5 {main}
CRITICAL - 2021-10-25 23:38:58 --> Trying to get property 'tipe' of non-object
#0 /home/sorotnus/public_html/floratama/app/Controllers/Home.php(41): CodeIgniter\Debug\Exceptions->errorHandler(8, 'Trying to get p...', '/home/sorotnus/...', 41, Array)
#1 /home/sorotnus/public_html/floratama/system/CodeIgniter.php(928): App\Controllers\Home->pages('images', 'blog', 'thumbnail', '5.jpg')
#2 /home/sorotnus/public_html/floratama/system/CodeIgniter.php(436): CodeIgniter\CodeIgniter->runController(Object(App\Controllers\Home))
#3 /home/sorotnus/public_html/floratama/system/CodeIgniter.php(336): CodeIgniter\CodeIgniter->handleRequest(NULL, Object(Config\Cache), false)
#4 /home/sorotnus/public_html/floratama/index.php(45): CodeIgniter\CodeIgniter->run()
#5 {main}
CRITICAL - 2021-10-25 23:38:58 --> Trying to get property 'tipe' of non-object
#0 /home/sorotnus/public_html/floratama/app/Controllers/Home.php(41): CodeIgniter\Debug\Exceptions->errorHandler(8, 'Trying to get p...', '/home/sorotnus/...', 41, Array)
#1 /home/sorotnus/public_html/floratama/system/CodeIgniter.php(928): App\Controllers\Home->pages('images', 'other', 'area-default.pn...')
#2 /home/sorotnus/public_html/floratama/system/CodeIgniter.php(436): CodeIgniter\CodeIgniter->runController(Object(App\Controllers\Home))
#3 /home/sorotnus/public_html/floratama/system/CodeIgniter.php(336): CodeIgniter\CodeIgniter->handleRequest(NULL, Object(Config\Cache), false)
#4 /home/sorotnus/public_html/floratama/index.php(45): CodeIgniter\CodeIgniter->run()
#5 {main}
CRITICAL - 2021-10-25 23:38:58 --> Trying to get property 'tipe' of non-object
#0 /home/sorotnus/public_html/floratama/app/Controllers/Home.php(41): CodeIgniter\Debug\Exceptions->errorHandler(8, 'Trying to get p...', '/home/sorotnus/...', 41, Array)
#1 /home/sorotnus/public_html/floratama/system/CodeIgniter.php(928): App\Controllers\Home->pages('images', 'pattern', 'bg-part3.png')
#2 /home/sorotnus/public_html/floratama/system/CodeIgniter.php(436): CodeIgniter\CodeIgniter->runController(Object(App\Controllers\Home))
#3 /home/sorotnus/public_html/floratama/system/CodeIgniter.php(336): CodeIgniter\CodeIgniter->handleRequest(NULL, Object(Config\Cache), false)
#4 /home/sorotnus/public_html/floratama/index.php(45): CodeIgniter\CodeIgniter->run()
#5 {main}
CRITICAL - 2021-10-25 23:38:58 --> Trying to get property 'tipe' of non-object
#0 /home/sorotnus/public_html/floratama/app/Controllers/Home.php(41): CodeIgniter\Debug\Exceptions->errorHandler(8, 'Trying to get p...', '/home/sorotnus/...', 41, Array)
#1 /home/sorotnus/public_html/floratama/system/CodeIgniter.php(928): App\Controllers\Home->pages('images', 'pattern', 'pattern19.png')
#2 /home/sorotnus/public_html/floratama/system/CodeIgniter.php(436): CodeIgniter\CodeIgniter->runController(Object(App\Controllers\Home))
#3 /home/sorotnus/public_html/floratama/system/CodeIgniter.php(336): CodeIgniter\CodeIgniter->handleRequest(NULL, Object(Config\Cache), false)
#4 /home/sorotnus/public_html/floratama/index.php(45): CodeIgniter\CodeIgniter->run()
#5 {main}
CRITICAL - 2021-10-25 23:38:58 --> Trying to get property 'tipe' of non-object
#0 /home/sorotnus/public_html/floratama/app/Controllers/Home.php(41): CodeIgniter\Debug\Exceptions->errorHandler(8, 'Trying to get p...', '/home/sorotnus/...', 41, Array)
#1 /home/sorotnus/public_html/floratama/system/CodeIgniter.php(928): App\Controllers\Home->pages('images', 'blog', '18.jpg')
#2 /home/sorotnus/public_html/floratama/system/CodeIgniter.php(436): CodeIgniter\CodeIgniter->runController(Object(App\Controllers\Home))
#3 /home/sorotnus/public_html/floratama/system/CodeIgniter.php(336): CodeIgniter\CodeIgniter->handleRequest(NULL, Object(Config\Cache), false)
#4 /home/sorotnus/public_html/floratama/index.php(45): CodeIgniter\CodeIgniter->run()
#5 {main}
CRITICAL - 2021-10-25 23:39:31 --> Trying to get property 'tipe' of non-object
#0 /home/sorotnus/public_html/floratama/app/Controllers/Home.php(41): CodeIgniter\Debug\Exceptions->errorHandler(8, 'Trying to get p...', '/home/sorotnus/...', 41, Array)
#1 /home/sorotnus/public_html/floratama/system/CodeIgniter.php(928): App\Controllers\Home->pages('images', 'other', 'why-invest-1.pn...')
#2 /home/sorotnus/public_html/floratama/system/CodeIgniter.php(436): CodeIgniter\CodeIgniter->runController(Object(App\Controllers\Home))
#3 /home/sorotnus/public_html/floratama/system/CodeIgniter.php(336): CodeIgniter\CodeIgniter->handleRequest(NULL, Object(Config\Cache), false)
#4 /home/sorotnus/public_html/floratama/index.php(45): CodeIgniter\CodeIgniter->run()
#5 {main}
CRITICAL - 2021-10-25 23:39:32 --> Trying to get property 'tipe' of non-object
#0 /home/sorotnus/public_html/floratama/app/Controllers/Home.php(41): CodeIgniter\Debug\Exceptions->errorHandler(8, 'Trying to get p...', '/home/sorotnus/...', 41, Array)
#1 /home/sorotnus/public_html/floratama/system/CodeIgniter.php(928): App\Controllers\Home->pages('images', 'other', 'why-invest-3.pn...')
#2 /home/sorotnus/public_html/floratama/system/CodeIgniter.php(436): CodeIgniter\CodeIgniter->runController(Object(App\Controllers\Home))
#3 /home/sorotnus/public_html/floratama/system/CodeIgniter.php(336): CodeIgniter\CodeIgniter->handleRequest(NULL, Object(Config\Cache), false)
#4 /home/sorotnus/public_html/floratama/index.php(45): CodeIgniter\CodeIgniter->run()
#5 {main}
CRITICAL - 2021-10-25 23:39:32 --> Trying to get property 'tipe' of non-object
#0 /home/sorotnus/public_html/floratama/app/Controllers/Home.php(41): CodeIgniter\Debug\Exceptions->errorHandler(8, 'Trying to get p...', '/home/sorotnus/...', 41, Array)
#1 /home/sorotnus/public_html/floratama/system/CodeIgniter.php(928): App\Controllers\Home->pages('images', 'other', 'why-invest-4.pn...')
#2 /home/sorotnus/public_html/floratama/system/CodeIgniter.php(436): CodeIgniter\CodeIgniter->runController(Object(App\Controllers\Home))
#3 /home/sorotnus/public_html/floratama/system/CodeIgniter.php(336): CodeIgniter\CodeIgniter->handleRequest(NULL, Object(Config\Cache), false)
#4 /home/sorotnus/public_html/floratama/index.php(45): CodeIgniter\CodeIgniter->run()
#5 {main}
CRITICAL - 2021-10-25 23:39:32 --> Trying to get property 'tipe' of non-object
#0 /home/sorotnus/public_html/floratama/app/Controllers/Home.php(41): CodeIgniter\Debug\Exceptions->errorHandler(8, 'Trying to get p...', '/home/sorotnus/...', 41, Array)
#1 /home/sorotnus/public_html/floratama/system/CodeIgniter.php(928): App\Controllers\Home->pages('images', 'other', 'why-invest-2.pn...')
#2 /home/sorotnus/public_html/floratama/system/CodeIgniter.php(436): CodeIgniter\CodeIgniter->runController(Object(App\Controllers\Home))
#3 /home/sorotnus/public_html/floratama/system/CodeIgniter.php(336): CodeIgniter\CodeIgniter->handleRequest(NULL, Object(Config\Cache), false)
#4 /home/sorotnus/public_html/floratama/index.php(45): CodeIgniter\CodeIgniter->run()
#5 {main}
CRITICAL - 2021-10-25 23:39:32 --> Trying to get property 'tipe' of non-object
#0 /home/sorotnus/public_html/floratama/app/Controllers/Home.php(41): CodeIgniter\Debug\Exceptions->errorHandler(8, 'Trying to get p...', '/home/sorotnus/...', 41, Array)
#1 /home/sorotnus/public_html/floratama/system/CodeIgniter.php(928): App\Controllers\Home->pages('images', 'blog', '12.jpg')
#2 /home/sorotnus/public_html/floratama/system/CodeIgniter.php(436): CodeIgniter\CodeIgniter->runController(Object(App\Controllers\Home))
#3 /home/sorotnus/public_html/floratama/system/CodeIgniter.php(336): CodeIgniter\CodeIgniter->handleRequest(NULL, Object(Config\Cache), false)
#4 /home/sorotnus/public_html/floratama/index.php(45): CodeIgniter\CodeIgniter->run()
#5 {main}
CRITICAL - 2021-10-25 23:39:32 --> Trying to get property 'tipe' of non-object
#0 /home/sorotnus/public_html/floratama/app/Controllers/Home.php(41): CodeIgniter\Debug\Exceptions->errorHandler(8, 'Trying to get p...', '/home/sorotnus/...', 41, Array)
#1 /home/sorotnus/public_html/floratama/system/CodeIgniter.php(928): App\Controllers\Home->pages('images', 'blog', 'thumbnail', '7.jpg')
#2 /home/sorotnus/public_html/floratama/system/CodeIgniter.php(436): CodeIgniter\CodeIgniter->runController(Object(App\Controllers\Home))
#3 /home/sorotnus/public_html/floratama/system/CodeIgniter.php(336): CodeIgniter\CodeIgniter->handleRequest(NULL, Object(Config\Cache), false)
#4 /home/sorotnus/public_html/floratama/index.php(45): CodeIgniter\CodeIgniter->run()
#5 {main}
CRITICAL - 2021-10-25 23:39:32 --> Trying to get property 'tipe' of non-object
#0 /home/sorotnus/public_html/floratama/app/Controllers/Home.php(41): CodeIgniter\Debug\Exceptions->errorHandler(8, 'Trying to get p...', '/home/sorotnus/...', 41, Array)
#1 /home/sorotnus/public_html/floratama/system/CodeIgniter.php(928): App\Controllers\Home->pages('images', 'other', 'area-default.pn...')
#2 /home/sorotnus/public_html/floratama/system/CodeIgniter.php(436): CodeIgniter\CodeIgniter->runController(Object(App\Controllers\Home))
#3 /home/sorotnus/public_html/floratama/system/CodeIgniter.php(336): CodeIgniter\CodeIgniter->handleRequest(NULL, Object(Config\Cache), false)
#4 /home/sorotnus/public_html/floratama/index.php(45): CodeIgniter\CodeIgniter->run()
#5 {main}
CRITICAL - 2021-10-25 23:39:32 --> Trying to get property 'tipe' of non-object
#0 /home/sorotnus/public_html/floratama/app/Controllers/Home.php(41): CodeIgniter\Debug\Exceptions->errorHandler(8, 'Trying to get p...', '/home/sorotnus/...', 41, Array)
#1 /home/sorotnus/public_html/floratama/system/CodeIgniter.php(928): App\Controllers\Home->pages('images', 'blog', 'thumbnail', '6.jpg')
#2 /home/sorotnus/public_html/floratama/system/CodeIgniter.php(436): CodeIgniter\CodeIgniter->runController(Object(App\Controllers\Home))
#3 /home/sorotnus/public_html/floratama/system/CodeIgniter.php(336): CodeIgniter\CodeIgniter->handleRequest(NULL, Object(Config\Cache), false)
#4 /home/sorotnus/public_html/floratama/index.php(45): CodeIgniter\CodeIgniter->run()
#5 {main}
CRITICAL - 2021-10-25 23:39:32 --> Trying to get property 'tipe' of non-object
#0 /home/sorotnus/public_html/floratama/app/Controllers/Home.php(41): CodeIgniter\Debug\Exceptions->errorHandler(8, 'Trying to get p...', '/home/sorotnus/...', 41, Array)
#1 /home/sorotnus/public_html/floratama/system/CodeIgniter.php(928): App\Controllers\Home->pages('images', 'blog', 'thumbnail', '5.jpg')
#2 /home/sorotnus/public_html/floratama/system/CodeIgniter.php(436): CodeIgniter\CodeIgniter->runController(Object(App\Controllers\Home))
#3 /home/sorotnus/public_html/floratama/system/CodeIgniter.php(336): CodeIgniter\CodeIgniter->handleRequest(NULL, Object(Config\Cache), false)
#4 /home/sorotnus/public_html/floratama/index.php(45): CodeIgniter\CodeIgniter->run()
#5 {main}
CRITICAL - 2021-10-25 23:39:32 --> Trying to get property 'tipe' of non-object
#0 /home/sorotnus/public_html/floratama/app/Controllers/Home.php(41): CodeIgniter\Debug\Exceptions->errorHandler(8, 'Trying to get p...', '/home/sorotnus/...', 41, Array)
#1 /home/sorotnus/public_html/floratama/system/CodeIgniter.php(928): App\Controllers\Home->pages('images', 'blog', 'thumbnail', '8.jpg')
#2 /home/sorotnus/public_html/floratama/system/CodeIgniter.php(436): CodeIgniter\CodeIgniter->runController(Object(App\Controllers\Home))
#3 /home/sorotnus/public_html/floratama/system/CodeIgniter.php(336): CodeIgniter\CodeIgniter->handleRequest(NULL, Object(Config\Cache), false)
#4 /home/sorotnus/public_html/floratama/index.php(45): CodeIgniter\CodeIgniter->run()
#5 {main}
CRITICAL - 2021-10-25 23:39:32 --> Trying to get property 'tipe' of non-object
#0 /home/sorotnus/public_html/floratama/app/Controllers/Home.php(41): CodeIgniter\Debug\Exceptions->errorHandler(8, 'Trying to get p...', '/home/sorotnus/...', 41, Array)
#1 /home/sorotnus/public_html/floratama/system/CodeIgniter.php(928): App\Controllers\Home->pages('images', 'pattern', 'bg-part3.png')
#2 /home/sorotnus/public_html/floratama/system/CodeIgniter.php(436): CodeIgniter\CodeIgniter->runController(Object(App\Controllers\Home))
#3 /home/sorotnus/public_html/floratama/system/CodeIgniter.php(336): CodeIgniter\CodeIgniter->handleRequest(NULL, Object(Config\Cache), false)
#4 /home/sorotnus/public_html/floratama/index.php(45): CodeIgniter\CodeIgniter->run()
#5 {main}
CRITICAL - 2021-10-25 23:39:32 --> Trying to get property 'tipe' of non-object
#0 /home/sorotnus/public_html/floratama/app/Controllers/Home.php(41): CodeIgniter\Debug\Exceptions->errorHandler(8, 'Trying to get p...', '/home/sorotnus/...', 41, Array)
#1 /home/sorotnus/public_html/floratama/system/CodeIgniter.php(928): App\Controllers\Home->pages('images', 'blog', '17.jpg')
#2 /home/sorotnus/public_html/floratama/system/CodeIgniter.php(436): CodeIgniter\CodeIgniter->runController(Object(App\Controllers\Home))
#3 /home/sorotnus/public_html/floratama/system/CodeIgniter.php(336): CodeIgniter\CodeIgniter->handleRequest(NULL, Object(Config\Cache), false)
#4 /home/sorotnus/public_html/floratama/index.php(45): CodeIgniter\CodeIgniter->run()
#5 {main}
CRITICAL - 2021-10-25 23:39:32 --> Trying to get property 'tipe' of non-object
#0 /home/sorotnus/public_html/floratama/app/Controllers/Home.php(41): CodeIgniter\Debug\Exceptions->errorHandler(8, 'Trying to get p...', '/home/sorotnus/...', 41, Array)
#1 /home/sorotnus/public_html/floratama/system/CodeIgniter.php(928): App\Controllers\Home->pages('images', 'blog', '18.jpg')
#2 /home/sorotnus/public_html/floratama/system/CodeIgniter.php(436): CodeIgniter\CodeIgniter->runController(Object(App\Controllers\Home))
#3 /home/sorotnus/public_html/floratama/system/CodeIgniter.php(336): CodeIgniter\CodeIgniter->handleRequest(NULL, Object(Config\Cache), false)
#4 /home/sorotnus/public_html/floratama/index.php(45): CodeIgniter\CodeIgniter->run()
#5 {main}
CRITICAL - 2021-10-25 23:39:32 --> Trying to get property 'tipe' of non-object
#0 /home/sorotnus/public_html/floratama/app/Controllers/Home.php(41): CodeIgniter\Debug\Exceptions->errorHandler(8, 'Trying to get p...', '/home/sorotnus/...', 41, Array)
#1 /home/sorotnus/public_html/floratama/system/CodeIgniter.php(928): App\Controllers\Home->pages('images', 'blog', '17.jpg')
#2 /home/sorotnus/public_html/floratama/system/CodeIgniter.php(436): CodeIgniter\CodeIgniter->runController(Object(App\Controllers\Home))
#3 /home/sorotnus/public_html/floratama/system/CodeIgniter.php(336): CodeIgniter\CodeIgniter->handleRequest(NULL, Object(Config\Cache), false)
#4 /home/sorotnus/public_html/floratama/index.php(45): CodeIgniter\CodeIgniter->run()
#5 {main}
CRITICAL - 2021-10-25 23:39:32 --> Trying to get property 'tipe' of non-object
#0 /home/sorotnus/public_html/floratama/app/Controllers/Home.php(41): CodeIgniter\Debug\Exceptions->errorHandler(8, 'Trying to get p...', '/home/sorotnus/...', 41, Array)
#1 /home/sorotnus/public_html/floratama/system/CodeIgniter.php(928): App\Controllers\Home->pages('images', 'blog', '12.jpg')
#2 /home/sorotnus/public_html/floratama/system/CodeIgniter.php(436): CodeIgniter\CodeIgniter->runController(Object(App\Controllers\Home))
#3 /home/sorotnus/public_html/floratama/system/CodeIgniter.php(336): CodeIgniter\CodeIgniter->handleRequest(NULL, Object(Config\Cache), false)
#4 /home/sorotnus/public_html/floratama/index.php(45): CodeIgniter\CodeIgniter->run()
#5 {main}
