CRITICAL - 2021-11-04 18:02:39 --> Undefined index: destinasi_super_premium
#0 /home/sorotnus/public_html/floratama/app/Views/index.php(321): CodeIgniter\Debug\Exceptions->errorHandler(8, 'Undefined index...', '/home/sorotnus/...', 321, Array)
#1 /home/sorotnus/public_html/floratama/system/View/View.php(230): include('/home/sorotnus/...')
#2 /home/sorotnus/public_html/floratama/system/View/View.php(232): CodeIgniter\View\View->CodeIgniter\View\{closure}()
#3 /home/sorotnus/public_html/floratama/system/Common.php(1271): CodeIgniter\View\View->render('index', Array, true)
#4 /home/sorotnus/public_html/floratama/app/Libraries/Init.php(38): view('index', Array)
#5 /home/sorotnus/public_html/floratama/app/Controllers/Home.php(26): App\Libraries\Init->generate('index', Array)
#6 /home/sorotnus/public_html/floratama/system/CodeIgniter.php(928): App\Controllers\Home->index()
#7 /home/sorotnus/public_html/floratama/system/CodeIgniter.php(436): CodeIgniter\CodeIgniter->runController(Object(App\Controllers\Home))
#8 /home/sorotnus/public_html/floratama/system/CodeIgniter.php(336): CodeIgniter\CodeIgniter->handleRequest(NULL, Object(Config\Cache), false)
#9 /home/sorotnus/public_html/floratama/index.php(45): CodeIgniter\CodeIgniter->run()
#10 {main}
CRITICAL - 2021-11-04 18:03:48 --> Undefined index: destinasi_super_premium
#0 /home/sorotnus/public_html/floratama/app/Views/index.php(321): CodeIgniter\Debug\Exceptions->errorHandler(8, 'Undefined index...', '/home/sorotnus/...', 321, Array)
#1 /home/sorotnus/public_html/floratama/system/View/View.php(230): include('/home/sorotnus/...')
#2 /home/sorotnus/public_html/floratama/system/View/View.php(232): CodeIgniter\View\View->CodeIgniter\View\{closure}()
#3 /home/sorotnus/public_html/floratama/system/Common.php(1271): CodeIgniter\View\View->render('index', Array, true)
#4 /home/sorotnus/public_html/floratama/app/Libraries/Init.php(38): view('index', Array)
#5 /home/sorotnus/public_html/floratama/app/Controllers/Home.php(26): App\Libraries\Init->generate('index', Array)
#6 /home/sorotnus/public_html/floratama/system/CodeIgniter.php(928): App\Controllers\Home->index()
#7 /home/sorotnus/public_html/floratama/system/CodeIgniter.php(436): CodeIgniter\CodeIgniter->runController(Object(App\Controllers\Home))
#8 /home/sorotnus/public_html/floratama/system/CodeIgniter.php(336): CodeIgniter\CodeIgniter->handleRequest(NULL, Object(Config\Cache), false)
#9 /home/sorotnus/public_html/floratama/index.php(45): CodeIgniter\CodeIgniter->run()
#10 {main}
CRITICAL - 2021-11-04 18:08:18 --> Undefined index: destinasi_super_premium
#0 /home/sorotnus/public_html/floratama/app/Views/index.php(321): CodeIgniter\Debug\Exceptions->errorHandler(8, 'Undefined index...', '/home/sorotnus/...', 321, Array)
#1 /home/sorotnus/public_html/floratama/system/View/View.php(230): include('/home/sorotnus/...')
#2 /home/sorotnus/public_html/floratama/system/View/View.php(232): CodeIgniter\View\View->CodeIgniter\View\{closure}()
#3 /home/sorotnus/public_html/floratama/system/Common.php(1271): CodeIgniter\View\View->render('index', Array, true)
#4 /home/sorotnus/public_html/floratama/app/Libraries/Init.php(38): view('index', Array)
#5 /home/sorotnus/public_html/floratama/app/Controllers/Home.php(27): App\Libraries\Init->generate('index', Array)
#6 /home/sorotnus/public_html/floratama/system/CodeIgniter.php(928): App\Controllers\Home->index()
#7 /home/sorotnus/public_html/floratama/system/CodeIgniter.php(436): CodeIgniter\CodeIgniter->runController(Object(App\Controllers\Home))
#8 /home/sorotnus/public_html/floratama/system/CodeIgniter.php(336): CodeIgniter\CodeIgniter->handleRequest(NULL, Object(Config\Cache), false)
#9 /home/sorotnus/public_html/floratama/index.php(45): CodeIgniter\CodeIgniter->run()
#10 {main}
CRITICAL - 2021-11-04 18:09:18 --> Undefined index: tes
#0 /home/sorotnus/public_html/floratama/app/Views/index.php(321): CodeIgniter\Debug\Exceptions->errorHandler(8, 'Undefined index...', '/home/sorotnus/...', 321, Array)
#1 /home/sorotnus/public_html/floratama/system/View/View.php(230): include('/home/sorotnus/...')
#2 /home/sorotnus/public_html/floratama/system/View/View.php(232): CodeIgniter\View\View->CodeIgniter\View\{closure}()
#3 /home/sorotnus/public_html/floratama/system/Common.php(1271): CodeIgniter\View\View->render('index', Array, true)
#4 /home/sorotnus/public_html/floratama/app/Libraries/Init.php(38): view('index', Array)
#5 /home/sorotnus/public_html/floratama/app/Controllers/Home.php(28): App\Libraries\Init->generate('index', Array)
#6 /home/sorotnus/public_html/floratama/system/CodeIgniter.php(928): App\Controllers\Home->index()
#7 /home/sorotnus/public_html/floratama/system/CodeIgniter.php(436): CodeIgniter\CodeIgniter->runController(Object(App\Controllers\Home))
#8 /home/sorotnus/public_html/floratama/system/CodeIgniter.php(336): CodeIgniter\CodeIgniter->handleRequest(NULL, Object(Config\Cache), false)
#9 /home/sorotnus/public_html/floratama/index.php(45): CodeIgniter\CodeIgniter->run()
#10 {main}
CRITICAL - 2021-11-04 23:45:45 --> Undefined variable: nama
#0 /home/sorotnus/public_html/floratama/app/Controllers/Bajocontrol/Prosedur_investasi.php(44): CodeIgniter\Debug\Exceptions->errorHandler(8, 'Undefined varia...', '/home/sorotnus/...', 44, Array)
#1 /home/sorotnus/public_html/floratama/system/CodeIgniter.php(928): App\Controllers\Bajocontrol\Prosedur_investasi->save_peluang()
#2 /home/sorotnus/public_html/floratama/system/CodeIgniter.php(436): CodeIgniter\CodeIgniter->runController(Object(App\Controllers\Bajocontrol\Prosedur_investasi))
#3 /home/sorotnus/public_html/floratama/system/CodeIgniter.php(336): CodeIgniter\CodeIgniter->handleRequest(NULL, Object(Config\Cache), false)
#4 /home/sorotnus/public_html/floratama/index.php(45): CodeIgniter\CodeIgniter->run()
#5 {main}
