CRITICAL - 2021-10-19 01:12:53 --> Trying to get property 'parent_title' of non-object
#0 /home/sorotnus/public_html/floratama/app/Views/pages.php(12): CodeIgniter\Debug\Exceptions->errorHandler(8, 'Trying to get p...', '/home/sorotnus/...', 12, Array)
#1 /home/sorotnus/public_html/floratama/system/View/View.php(230): include('/home/sorotnus/...')
#2 /home/sorotnus/public_html/floratama/system/View/View.php(232): CodeIgniter\View\View->CodeIgniter\View\{closure}()
#3 /home/sorotnus/public_html/floratama/system/Common.php(1271): CodeIgniter\View\View->render('pages', Array, true)
#4 /home/sorotnus/public_html/floratama/app/Libraries/Init.php(98): view('pages', Array)
#5 /home/sorotnus/public_html/floratama/app/Controllers/Home.php(43): App\Libraries\Init->no_slider('pages', Array)
#6 /home/sorotnus/public_html/floratama/system/CodeIgniter.php(928): App\Controllers\Home->pages('693639505431525...', 'peluang-investa...')
#7 /home/sorotnus/public_html/floratama/system/CodeIgniter.php(436): CodeIgniter\CodeIgniter->runController(Object(App\Controllers\Home))
#8 /home/sorotnus/public_html/floratama/system/CodeIgniter.php(336): CodeIgniter\CodeIgniter->handleRequest(NULL, Object(Config\Cache), false)
#9 /home/sorotnus/public_html/floratama/index.php(45): CodeIgniter\CodeIgniter->run()
#10 {main}
CRITICAL - 2021-10-19 01:13:51 --> Trying to get property 'parent_title' of non-object
#0 /home/sorotnus/public_html/floratama/app/Views/pages.php(12): CodeIgniter\Debug\Exceptions->errorHandler(8, 'Trying to get p...', '/home/sorotnus/...', 12, Array)
#1 /home/sorotnus/public_html/floratama/system/View/View.php(230): include('/home/sorotnus/...')
#2 /home/sorotnus/public_html/floratama/system/View/View.php(232): CodeIgniter\View\View->CodeIgniter\View\{closure}()
#3 /home/sorotnus/public_html/floratama/system/Common.php(1271): CodeIgniter\View\View->render('pages', Array, true)
#4 /home/sorotnus/public_html/floratama/app/Libraries/Init.php(98): view('pages', Array)
#5 /home/sorotnus/public_html/floratama/app/Controllers/Home.php(43): App\Libraries\Init->no_slider('pages', Array)
#6 /home/sorotnus/public_html/floratama/system/CodeIgniter.php(928): App\Controllers\Home->pages('693639505431525...', 'peluang-investa...')
#7 /home/sorotnus/public_html/floratama/system/CodeIgniter.php(436): CodeIgniter\CodeIgniter->runController(Object(App\Controllers\Home))
#8 /home/sorotnus/public_html/floratama/system/CodeIgniter.php(336): CodeIgniter\CodeIgniter->handleRequest(NULL, Object(Config\Cache), false)
#9 /home/sorotnus/public_html/floratama/index.php(45): CodeIgniter\CodeIgniter->run()
#10 {main}
CRITICAL - 2021-10-19 01:14:12 --> Undefined index: parent_title
#0 /home/sorotnus/public_html/floratama/app/Views/pages.php(12): CodeIgniter\Debug\Exceptions->errorHandler(8, 'Undefined index...', '/home/sorotnus/...', 12, Array)
#1 /home/sorotnus/public_html/floratama/system/View/View.php(230): include('/home/sorotnus/...')
#2 /home/sorotnus/public_html/floratama/system/View/View.php(232): CodeIgniter\View\View->CodeIgniter\View\{closure}()
#3 /home/sorotnus/public_html/floratama/system/Common.php(1271): CodeIgniter\View\View->render('pages', Array, true)
#4 /home/sorotnus/public_html/floratama/app/Libraries/Init.php(98): view('pages', Array)
#5 /home/sorotnus/public_html/floratama/app/Controllers/Home.php(43): App\Libraries\Init->no_slider('pages', Array)
#6 /home/sorotnus/public_html/floratama/system/CodeIgniter.php(928): App\Controllers\Home->pages('693639505431525...', 'peluang-investa...')
#7 /home/sorotnus/public_html/floratama/system/CodeIgniter.php(436): CodeIgniter\CodeIgniter->runController(Object(App\Controllers\Home))
#8 /home/sorotnus/public_html/floratama/system/CodeIgniter.php(336): CodeIgniter\CodeIgniter->handleRequest(NULL, Object(Config\Cache), false)
#9 /home/sorotnus/public_html/floratama/index.php(45): CodeIgniter\CodeIgniter->run()
#10 {main}
CRITICAL - 2021-10-19 01:14:25 --> Cannot use object of type stdClass as array
#0 /home/sorotnus/public_html/floratama/system/View/View.php(230): include()
#1 /home/sorotnus/public_html/floratama/system/View/View.php(232): CodeIgniter\View\View->CodeIgniter\View\{closure}()
#2 /home/sorotnus/public_html/floratama/system/Common.php(1271): CodeIgniter\View\View->render('pages', Array, true)
#3 /home/sorotnus/public_html/floratama/app/Libraries/Init.php(98): view('pages', Array)
#4 /home/sorotnus/public_html/floratama/app/Controllers/Home.php(43): App\Libraries\Init->no_slider('pages', Array)
#5 /home/sorotnus/public_html/floratama/system/CodeIgniter.php(928): App\Controllers\Home->pages('693639505431525...', 'peluang-investa...')
#6 /home/sorotnus/public_html/floratama/system/CodeIgniter.php(436): CodeIgniter\CodeIgniter->runController(Object(App\Controllers\Home))
#7 /home/sorotnus/public_html/floratama/system/CodeIgniter.php(336): CodeIgniter\CodeIgniter->handleRequest(NULL, Object(Config\Cache), false)
#8 /home/sorotnus/public_html/floratama/index.php(45): CodeIgniter\CodeIgniter->run()
#9 {main}
CRITICAL - 2021-10-19 01:14:35 --> Undefined index: parent_title
#0 /home/sorotnus/public_html/floratama/app/Views/pages.php(17): CodeIgniter\Debug\Exceptions->errorHandler(8, 'Undefined index...', '/home/sorotnus/...', 17, Array)
#1 /home/sorotnus/public_html/floratama/system/View/View.php(230): include('/home/sorotnus/...')
#2 /home/sorotnus/public_html/floratama/system/View/View.php(232): CodeIgniter\View\View->CodeIgniter\View\{closure}()
#3 /home/sorotnus/public_html/floratama/system/Common.php(1271): CodeIgniter\View\View->render('pages', Array, true)
#4 /home/sorotnus/public_html/floratama/app/Libraries/Init.php(98): view('pages', Array)
#5 /home/sorotnus/public_html/floratama/app/Controllers/Home.php(43): App\Libraries\Init->no_slider('pages', Array)
#6 /home/sorotnus/public_html/floratama/system/CodeIgniter.php(928): App\Controllers\Home->pages('693639505431525...', 'peluang-investa...')
#7 /home/sorotnus/public_html/floratama/system/CodeIgniter.php(436): CodeIgniter\CodeIgniter->runController(Object(App\Controllers\Home))
#8 /home/sorotnus/public_html/floratama/system/CodeIgniter.php(336): CodeIgniter\CodeIgniter->handleRequest(NULL, Object(Config\Cache), false)
#9 /home/sorotnus/public_html/floratama/index.php(45): CodeIgniter\CodeIgniter->run()
#10 {main}
CRITICAL - 2021-10-19 01:26:24 --> Undefined variable: address
#0 /home/sorotnus/public_html/floratama/app/Views/template/footer.php(31): CodeIgniter\Debug\Exceptions->errorHandler(8, 'Undefined varia...', '/home/sorotnus/...', 31, Array)
#1 /home/sorotnus/public_html/floratama/system/View/View.php(230): include('/home/sorotnus/...')
#2 /home/sorotnus/public_html/floratama/system/View/View.php(232): CodeIgniter\View\View->CodeIgniter\View\{closure}()
#3 /home/sorotnus/public_html/floratama/system/Common.php(1271): CodeIgniter\View\View->render('template/footer', Array, true)
#4 /home/sorotnus/public_html/floratama/app/Libraries/Init.php(100): view('template/footer', Array)
#5 /home/sorotnus/public_html/floratama/app/Controllers/Home.php(43): App\Libraries\Init->no_slider('pages', Array)
#6 /home/sorotnus/public_html/floratama/system/CodeIgniter.php(928): App\Controllers\Home->pages('FZ465a505431425...', 'regulasi.html')
#7 /home/sorotnus/public_html/floratama/system/CodeIgniter.php(436): CodeIgniter\CodeIgniter->runController(Object(App\Controllers\Home))
#8 /home/sorotnus/public_html/floratama/system/CodeIgniter.php(336): CodeIgniter\CodeIgniter->handleRequest(NULL, Object(Config\Cache), false)
#9 /home/sorotnus/public_html/floratama/index.php(45): CodeIgniter\CodeIgniter->run()
#10 {main}
CRITICAL - 2021-10-19 01:27:17 --> Undefined variable: address
#0 /home/sorotnus/public_html/floratama/app/Views/template/footer.php(31): CodeIgniter\Debug\Exceptions->errorHandler(8, 'Undefined varia...', '/home/sorotnus/...', 31, Array)
#1 /home/sorotnus/public_html/floratama/system/View/View.php(230): include('/home/sorotnus/...')
#2 /home/sorotnus/public_html/floratama/system/View/View.php(232): CodeIgniter\View\View->CodeIgniter\View\{closure}()
#3 /home/sorotnus/public_html/floratama/system/Common.php(1271): CodeIgniter\View\View->render('template/footer', Array, true)
#4 /home/sorotnus/public_html/floratama/app/Libraries/Init.php(100): view('template/footer', Array)
#5 /home/sorotnus/public_html/floratama/app/Controllers/Home.php(43): App\Libraries\Init->no_slider('pages', Array)
#6 /home/sorotnus/public_html/floratama/system/CodeIgniter.php(928): App\Controllers\Home->pages('FZ465a505431425...', 'regulasi.html')
#7 /home/sorotnus/public_html/floratama/system/CodeIgniter.php(436): CodeIgniter\CodeIgniter->runController(Object(App\Controllers\Home))
#8 /home/sorotnus/public_html/floratama/system/CodeIgniter.php(336): CodeIgniter\CodeIgniter->handleRequest(NULL, Object(Config\Cache), false)
#9 /home/sorotnus/public_html/floratama/index.php(45): CodeIgniter\CodeIgniter->run()
#10 {main}
CRITICAL - 2021-10-19 01:37:27 --> Cannot use object of type stdClass as array
#0 /home/sorotnus/public_html/floratama/system/View/View.php(230): include()
#1 /home/sorotnus/public_html/floratama/system/View/View.php(232): CodeIgniter\View\View->CodeIgniter\View\{closure}()
#2 /home/sorotnus/public_html/floratama/system/Common.php(1271): CodeIgniter\View\View->render('template/footer', Array, true)
#3 /home/sorotnus/public_html/floratama/app/Libraries/Init.php(115): view('template/footer', Array)
#4 /home/sorotnus/public_html/floratama/app/Controllers/Home.php(43): App\Libraries\Init->no_slider('pages', Array)
#5 /home/sorotnus/public_html/floratama/system/CodeIgniter.php(928): App\Controllers\Home->pages('FZ465a505431425...', 'regulasi.html')
#6 /home/sorotnus/public_html/floratama/system/CodeIgniter.php(436): CodeIgniter\CodeIgniter->runController(Object(App\Controllers\Home))
#7 /home/sorotnus/public_html/floratama/system/CodeIgniter.php(336): CodeIgniter\CodeIgniter->handleRequest(NULL, Object(Config\Cache), false)
#8 /home/sorotnus/public_html/floratama/index.php(45): CodeIgniter\CodeIgniter->run()
#9 {main}
CRITICAL - 2021-10-19 01:44:14 --> Undefined property: CodeIgniter\View\View::$encript
#0 /home/sorotnus/public_html/floratama/app/Views/template/footer.php(66): CodeIgniter\Debug\Exceptions->errorHandler(8, 'Undefined prope...', '/home/sorotnus/...', 66, Array)
#1 /home/sorotnus/public_html/floratama/system/View/View.php(230): include('/home/sorotnus/...')
#2 /home/sorotnus/public_html/floratama/system/View/View.php(232): CodeIgniter\View\View->CodeIgniter\View\{closure}()
#3 /home/sorotnus/public_html/floratama/system/Common.php(1271): CodeIgniter\View\View->render('template/footer', Array, true)
#4 /home/sorotnus/public_html/floratama/app/Libraries/Init.php(118): view('template/footer', Array)
#5 /home/sorotnus/public_html/floratama/app/Controllers/Home.php(43): App\Libraries\Init->no_slider('pages', Array)
#6 /home/sorotnus/public_html/floratama/system/CodeIgniter.php(928): App\Controllers\Home->pages('FZ465a505431425...', 'regulasi.html')
#7 /home/sorotnus/public_html/floratama/system/CodeIgniter.php(436): CodeIgniter\CodeIgniter->runController(Object(App\Controllers\Home))
#8 /home/sorotnus/public_html/floratama/system/CodeIgniter.php(336): CodeIgniter\CodeIgniter->handleRequest(NULL, Object(Config\Cache), false)
#9 /home/sorotnus/public_html/floratama/index.php(45): CodeIgniter\CodeIgniter->run()
#10 {main}
CRITICAL - 2021-10-19 01:46:59 --> Undefined index: menu_name
#0 /home/sorotnus/public_html/floratama/app/Views/template/footer.php(50): CodeIgniter\Debug\Exceptions->errorHandler(8, 'Undefined index...', '/home/sorotnus/...', 50, Array)
#1 /home/sorotnus/public_html/floratama/system/View/View.php(230): include('/home/sorotnus/...')
#2 /home/sorotnus/public_html/floratama/system/View/View.php(232): CodeIgniter\View\View->CodeIgniter\View\{closure}()
#3 /home/sorotnus/public_html/floratama/system/Common.php(1271): CodeIgniter\View\View->render('template/footer', Array, true)
#4 /home/sorotnus/public_html/floratama/app/Libraries/Init.php(127): view('template/footer', Array)
#5 /home/sorotnus/public_html/floratama/app/Controllers/Home.php(43): App\Libraries\Init->no_slider('pages', Array)
#6 /home/sorotnus/public_html/floratama/system/CodeIgniter.php(928): App\Controllers\Home->pages('FZ465a505431425...', 'regulasi.html')
#7 /home/sorotnus/public_html/floratama/system/CodeIgniter.php(436): CodeIgniter\CodeIgniter->runController(Object(App\Controllers\Home))
#8 /home/sorotnus/public_html/floratama/system/CodeIgniter.php(336): CodeIgniter\CodeIgniter->handleRequest(NULL, Object(Config\Cache), false)
#9 /home/sorotnus/public_html/floratama/index.php(45): CodeIgniter\CodeIgniter->run()
#10 {main}
