ERROR - 2022-06-12 00:10:19 --> Table 'sorotnus_ppid.ci_sessions' doesn't exist
CRITICAL - 2022-06-12 00:10:19 --> Table 'sorotnus_ppid.ci_sessions' doesn't exist
#0 /home/sorotnus/public_html/ppid/system/Database/MySQLi/Connection.php(329): mysqli->query('SELECT `data`\nF...')
#1 /home/sorotnus/public_html/ppid/system/Database/BaseConnection.php(732): CodeIgniter\Database\MySQLi\Connection->execute('SELECT `data`\nF...')
#2 /home/sorotnus/public_html/ppid/system/Database/BaseConnection.php(647): CodeIgniter\Database\BaseConnection->simpleQuery('SELECT `data`\nF...')
#3 /home/sorotnus/public_html/ppid/system/Database/BaseBuilder.php(1881): CodeIgniter\Database\BaseConnection->query('SELECT `data`\nF...', Array, false)
#4 /home/sorotnus/public_html/ppid/system/Session/Handlers/DatabaseHandler.php(155): CodeIgniter\Database\BaseBuilder->get()
#5 [internal function]: CodeIgniter\Session\Handlers\DatabaseHandler->read('8fa6c5514c8d471...')
#6 /home/sorotnus/public_html/ppid/system/Session/Session.php(1001): session_start()
#7 /home/sorotnus/public_html/ppid/system/Session/Session.php(249): CodeIgniter\Session\Session->startSession()
#8 /home/sorotnus/public_html/ppid/system/Config/Services.php(736): CodeIgniter\Session\Session->start()
#9 /home/sorotnus/public_html/ppid/system/Config/BaseService.php(263): CodeIgniter\Config\Services::session(Object(Config\App), false)
#10 /home/sorotnus/public_html/ppid/system/Config/BaseService.php(192): CodeIgniter\Config\BaseService::__callStatic('session', Array)
#11 /home/sorotnus/public_html/ppid/system/Config/Services.php(721): CodeIgniter\Config\BaseService::getSharedInstance('session', NULL)
#12 /home/sorotnus/public_html/ppid/system/Config/BaseService.php(263): CodeIgniter\Config\Services::session()
#13 /home/sorotnus/public_html/ppid/app/Controllers/Home.php(10): CodeIgniter\Config\BaseService::__callStatic('session', Array)
#14 /home/sorotnus/public_html/ppid/system/CodeIgniter.php(900): App\Controllers\Home->__construct()
#15 /home/sorotnus/public_html/ppid/system/CodeIgniter.php(426): CodeIgniter\CodeIgniter->createController()
#16 /home/sorotnus/public_html/ppid/system/CodeIgniter.php(336): CodeIgniter\CodeIgniter->handleRequest(NULL, Object(Config\Cache), false)
#17 /home/sorotnus/public_html/ppid/index.php(45): CodeIgniter\CodeIgniter->run()
#18 {main}
ERROR - 2022-06-12 00:11:04 --> Table 'sorotnus_ppid.ci_sessions' doesn't exist
CRITICAL - 2022-06-12 00:11:04 --> Table 'sorotnus_ppid.ci_sessions' doesn't exist
#0 /home/sorotnus/public_html/ppid/system/Database/MySQLi/Connection.php(329): mysqli->query('SELECT `data`\nF...')
#1 /home/sorotnus/public_html/ppid/system/Database/BaseConnection.php(732): CodeIgniter\Database\MySQLi\Connection->execute('SELECT `data`\nF...')
#2 /home/sorotnus/public_html/ppid/system/Database/BaseConnection.php(647): CodeIgniter\Database\BaseConnection->simpleQuery('SELECT `data`\nF...')
#3 /home/sorotnus/public_html/ppid/system/Database/BaseBuilder.php(1881): CodeIgniter\Database\BaseConnection->query('SELECT `data`\nF...', Array, false)
#4 /home/sorotnus/public_html/ppid/system/Session/Handlers/DatabaseHandler.php(155): CodeIgniter\Database\BaseBuilder->get()
#5 [internal function]: CodeIgniter\Session\Handlers\DatabaseHandler->read('8fa6c5514c8d471...')
#6 /home/sorotnus/public_html/ppid/system/Session/Session.php(1001): session_start()
#7 /home/sorotnus/public_html/ppid/system/Session/Session.php(249): CodeIgniter\Session\Session->startSession()
#8 /home/sorotnus/public_html/ppid/system/Config/Services.php(736): CodeIgniter\Session\Session->start()
#9 /home/sorotnus/public_html/ppid/system/Config/BaseService.php(263): CodeIgniter\Config\Services::session(Object(Config\App), false)
#10 /home/sorotnus/public_html/ppid/system/Config/BaseService.php(192): CodeIgniter\Config\BaseService::__callStatic('session', Array)
#11 /home/sorotnus/public_html/ppid/system/Config/Services.php(721): CodeIgniter\Config\BaseService::getSharedInstance('session', NULL)
#12 /home/sorotnus/public_html/ppid/system/Config/BaseService.php(263): CodeIgniter\Config\Services::session()
#13 /home/sorotnus/public_html/ppid/app/Controllers/Home.php(10): CodeIgniter\Config\BaseService::__callStatic('session', Array)
#14 /home/sorotnus/public_html/ppid/system/CodeIgniter.php(900): App\Controllers\Home->__construct()
#15 /home/sorotnus/public_html/ppid/system/CodeIgniter.php(426): CodeIgniter\CodeIgniter->createController()
#16 /home/sorotnus/public_html/ppid/system/CodeIgniter.php(336): CodeIgniter\CodeIgniter->handleRequest(NULL, Object(Config\Cache), false)
#17 /home/sorotnus/public_html/ppid/index.php(45): CodeIgniter\CodeIgniter->run()
#18 {main}
ERROR - 2022-06-12 00:11:25 --> Table 'sorotnus_ppid.ci_sessions' doesn't exist
CRITICAL - 2022-06-12 00:11:25 --> Table 'sorotnus_ppid.ci_sessions' doesn't exist
#0 /home/sorotnus/public_html/ppid/system/Database/MySQLi/Connection.php(329): mysqli->query('SELECT `data`\nF...')
#1 /home/sorotnus/public_html/ppid/system/Database/BaseConnection.php(732): CodeIgniter\Database\MySQLi\Connection->execute('SELECT `data`\nF...')
#2 /home/sorotnus/public_html/ppid/system/Database/BaseConnection.php(647): CodeIgniter\Database\BaseConnection->simpleQuery('SELECT `data`\nF...')
#3 /home/sorotnus/public_html/ppid/system/Database/BaseBuilder.php(1881): CodeIgniter\Database\BaseConnection->query('SELECT `data`\nF...', Array, false)
#4 /home/sorotnus/public_html/ppid/system/Session/Handlers/DatabaseHandler.php(155): CodeIgniter\Database\BaseBuilder->get()
#5 [internal function]: CodeIgniter\Session\Handlers\DatabaseHandler->read('8fa6c5514c8d471...')
#6 /home/sorotnus/public_html/ppid/system/Session/Session.php(1001): session_start()
#7 /home/sorotnus/public_html/ppid/system/Session/Session.php(249): CodeIgniter\Session\Session->startSession()
#8 /home/sorotnus/public_html/ppid/system/Config/Services.php(736): CodeIgniter\Session\Session->start()
#9 /home/sorotnus/public_html/ppid/system/Config/BaseService.php(263): CodeIgniter\Config\Services::session(Object(Config\App), false)
#10 /home/sorotnus/public_html/ppid/system/Config/BaseService.php(192): CodeIgniter\Config\BaseService::__callStatic('session', Array)
#11 /home/sorotnus/public_html/ppid/system/Config/Services.php(721): CodeIgniter\Config\BaseService::getSharedInstance('session', NULL)
#12 /home/sorotnus/public_html/ppid/system/Config/BaseService.php(263): CodeIgniter\Config\Services::session()
#13 /home/sorotnus/public_html/ppid/app/Controllers/Home.php(10): CodeIgniter\Config\BaseService::__callStatic('session', Array)
#14 /home/sorotnus/public_html/ppid/system/CodeIgniter.php(900): App\Controllers\Home->__construct()
#15 /home/sorotnus/public_html/ppid/system/CodeIgniter.php(426): CodeIgniter\CodeIgniter->createController()
#16 /home/sorotnus/public_html/ppid/system/CodeIgniter.php(336): CodeIgniter\CodeIgniter->handleRequest(NULL, Object(Config\Cache), false)
#17 /home/sorotnus/public_html/ppid/index.php(45): CodeIgniter\CodeIgniter->run()
#18 {main}
ERROR - 2022-06-12 00:11:56 --> Table 'sorotnus_ppid.ci_sessions' doesn't exist
CRITICAL - 2022-06-12 00:11:56 --> Table 'sorotnus_ppid.ci_sessions' doesn't exist
#0 /home/sorotnus/public_html/ppid/system/Database/MySQLi/Connection.php(329): mysqli->query('SELECT `data`\nF...')
#1 /home/sorotnus/public_html/ppid/system/Database/BaseConnection.php(732): CodeIgniter\Database\MySQLi\Connection->execute('SELECT `data`\nF...')
#2 /home/sorotnus/public_html/ppid/system/Database/BaseConnection.php(647): CodeIgniter\Database\BaseConnection->simpleQuery('SELECT `data`\nF...')
#3 /home/sorotnus/public_html/ppid/system/Database/BaseBuilder.php(1881): CodeIgniter\Database\BaseConnection->query('SELECT `data`\nF...', Array, false)
#4 /home/sorotnus/public_html/ppid/system/Session/Handlers/DatabaseHandler.php(155): CodeIgniter\Database\BaseBuilder->get()
#5 [internal function]: CodeIgniter\Session\Handlers\DatabaseHandler->read('0c1f00c588e767c...')
#6 /home/sorotnus/public_html/ppid/system/Session/Session.php(1001): session_start()
#7 /home/sorotnus/public_html/ppid/system/Session/Session.php(249): CodeIgniter\Session\Session->startSession()
#8 /home/sorotnus/public_html/ppid/system/Config/Services.php(736): CodeIgniter\Session\Session->start()
#9 /home/sorotnus/public_html/ppid/system/Config/BaseService.php(263): CodeIgniter\Config\Services::session(Object(Config\App), false)
#10 /home/sorotnus/public_html/ppid/system/Config/BaseService.php(192): CodeIgniter\Config\BaseService::__callStatic('session', Array)
#11 /home/sorotnus/public_html/ppid/system/Config/Services.php(721): CodeIgniter\Config\BaseService::getSharedInstance('session', NULL)
#12 /home/sorotnus/public_html/ppid/system/Config/BaseService.php(263): CodeIgniter\Config\Services::session()
#13 /home/sorotnus/public_html/ppid/app/Controllers/Laporan_bulanan.php(10): CodeIgniter\Config\BaseService::__callStatic('session', Array)
#14 /home/sorotnus/public_html/ppid/system/CodeIgniter.php(900): App\Controllers\Laporan_bulanan->__construct()
#15 /home/sorotnus/public_html/ppid/system/CodeIgniter.php(426): CodeIgniter\CodeIgniter->createController()
#16 /home/sorotnus/public_html/ppid/system/CodeIgniter.php(336): CodeIgniter\CodeIgniter->handleRequest(NULL, Object(Config\Cache), false)
#17 /home/sorotnus/public_html/ppid/index.php(45): CodeIgniter\CodeIgniter->run()
#18 {main}
ERROR - 2022-06-12 00:14:05 --> Table 'sorotnus_ppid.ci_sessions' doesn't exist
CRITICAL - 2022-06-12 00:14:05 --> Table 'sorotnus_ppid.ci_sessions' doesn't exist
#0 /home/sorotnus/public_html/ppid/system/Database/MySQLi/Connection.php(329): mysqli->query('SELECT `data`\nF...')
#1 /home/sorotnus/public_html/ppid/system/Database/BaseConnection.php(732): CodeIgniter\Database\MySQLi\Connection->execute('SELECT `data`\nF...')
#2 /home/sorotnus/public_html/ppid/system/Database/BaseConnection.php(647): CodeIgniter\Database\BaseConnection->simpleQuery('SELECT `data`\nF...')
#3 /home/sorotnus/public_html/ppid/system/Database/BaseBuilder.php(1881): CodeIgniter\Database\BaseConnection->query('SELECT `data`\nF...', Array, false)
#4 /home/sorotnus/public_html/ppid/system/Session/Handlers/DatabaseHandler.php(155): CodeIgniter\Database\BaseBuilder->get()
#5 [internal function]: CodeIgniter\Session\Handlers\DatabaseHandler->read('8fa6c5514c8d471...')
#6 /home/sorotnus/public_html/ppid/system/Session/Session.php(1001): session_start()
#7 /home/sorotnus/public_html/ppid/system/Session/Session.php(249): CodeIgniter\Session\Session->startSession()
#8 /home/sorotnus/public_html/ppid/system/Config/Services.php(736): CodeIgniter\Session\Session->start()
#9 /home/sorotnus/public_html/ppid/system/Config/BaseService.php(263): CodeIgniter\Config\Services::session(Object(Config\App), false)
#10 /home/sorotnus/public_html/ppid/system/Config/BaseService.php(192): CodeIgniter\Config\BaseService::__callStatic('session', Array)
#11 /home/sorotnus/public_html/ppid/system/Config/Services.php(721): CodeIgniter\Config\BaseService::getSharedInstance('session', NULL)
#12 /home/sorotnus/public_html/ppid/system/Config/BaseService.php(263): CodeIgniter\Config\Services::session()
#13 /home/sorotnus/public_html/ppid/app/Controllers/Home.php(10): CodeIgniter\Config\BaseService::__callStatic('session', Array)
#14 /home/sorotnus/public_html/ppid/system/CodeIgniter.php(900): App\Controllers\Home->__construct()
#15 /home/sorotnus/public_html/ppid/system/CodeIgniter.php(426): CodeIgniter\CodeIgniter->createController()
#16 /home/sorotnus/public_html/ppid/system/CodeIgniter.php(336): CodeIgniter\CodeIgniter->handleRequest(NULL, Object(Config\Cache), false)
#17 /home/sorotnus/public_html/ppid/index.php(45): CodeIgniter\CodeIgniter->run()
#18 {main}
ERROR - 2022-06-12 00:14:07 --> Table 'sorotnus_ppid.ci_sessions' doesn't exist
CRITICAL - 2022-06-12 00:14:07 --> Table 'sorotnus_ppid.ci_sessions' doesn't exist
#0 /home/sorotnus/public_html/ppid/system/Database/MySQLi/Connection.php(329): mysqli->query('SELECT `data`\nF...')
#1 /home/sorotnus/public_html/ppid/system/Database/BaseConnection.php(732): CodeIgniter\Database\MySQLi\Connection->execute('SELECT `data`\nF...')
#2 /home/sorotnus/public_html/ppid/system/Database/BaseConnection.php(647): CodeIgniter\Database\BaseConnection->simpleQuery('SELECT `data`\nF...')
#3 /home/sorotnus/public_html/ppid/system/Database/BaseBuilder.php(1881): CodeIgniter\Database\BaseConnection->query('SELECT `data`\nF...', Array, false)
#4 /home/sorotnus/public_html/ppid/system/Session/Handlers/DatabaseHandler.php(155): CodeIgniter\Database\BaseBuilder->get()
#5 [internal function]: CodeIgniter\Session\Handlers\DatabaseHandler->read('8fa6c5514c8d471...')
#6 /home/sorotnus/public_html/ppid/system/Session/Session.php(1001): session_start()
#7 /home/sorotnus/public_html/ppid/system/Session/Session.php(249): CodeIgniter\Session\Session->startSession()
#8 /home/sorotnus/public_html/ppid/system/Config/Services.php(736): CodeIgniter\Session\Session->start()
#9 /home/sorotnus/public_html/ppid/system/Config/BaseService.php(263): CodeIgniter\Config\Services::session(Object(Config\App), false)
#10 /home/sorotnus/public_html/ppid/system/Config/BaseService.php(192): CodeIgniter\Config\BaseService::__callStatic('session', Array)
#11 /home/sorotnus/public_html/ppid/system/Config/Services.php(721): CodeIgniter\Config\BaseService::getSharedInstance('session', NULL)
#12 /home/sorotnus/public_html/ppid/system/Config/BaseService.php(263): CodeIgniter\Config\Services::session()
#13 /home/sorotnus/public_html/ppid/app/Controllers/Home.php(10): CodeIgniter\Config\BaseService::__callStatic('session', Array)
#14 /home/sorotnus/public_html/ppid/system/CodeIgniter.php(900): App\Controllers\Home->__construct()
#15 /home/sorotnus/public_html/ppid/system/CodeIgniter.php(426): CodeIgniter\CodeIgniter->createController()
#16 /home/sorotnus/public_html/ppid/system/CodeIgniter.php(336): CodeIgniter\CodeIgniter->handleRequest(NULL, Object(Config\Cache), false)
#17 /home/sorotnus/public_html/ppid/index.php(45): CodeIgniter\CodeIgniter->run()
#18 {main}
ERROR - 2022-06-12 00:14:56 --> Unknown column 'a.id_kategori' in 'where clause'
CRITICAL - 2022-06-12 00:14:56 --> Unknown column 'a.id_kategori' in 'where clause'
#0 /home/sorotnus/public_html/ppid/system/Database/MySQLi/Connection.php(329): mysqli->query('SELECT `a`.`id`...')
#1 /home/sorotnus/public_html/ppid/system/Database/BaseConnection.php(732): CodeIgniter\Database\MySQLi\Connection->execute('SELECT `a`.`id`...')
#2 /home/sorotnus/public_html/ppid/system/Database/BaseConnection.php(647): CodeIgniter\Database\BaseConnection->simpleQuery('SELECT `a`.`id`...')
#3 /home/sorotnus/public_html/ppid/system/Database/BaseBuilder.php(1881): CodeIgniter\Database\BaseConnection->query('SELECT `a`.`id`...', Array, false)
#4 /home/sorotnus/public_html/ppid/app/Controllers/Home.php(154): CodeIgniter\Database\BaseBuilder->get()
#5 /home/sorotnus/public_html/ppid/app/Controllers/Home.php(28): App\Controllers\Home->get_umkm()
#6 /home/sorotnus/public_html/ppid/system/CodeIgniter.php(928): App\Controllers\Home->index()
#7 /home/sorotnus/public_html/ppid/system/CodeIgniter.php(436): CodeIgniter\CodeIgniter->runController(Object(App\Controllers\Home))
#8 /home/sorotnus/public_html/ppid/system/CodeIgniter.php(336): CodeIgniter\CodeIgniter->handleRequest(NULL, Object(Config\Cache), false)
#9 /home/sorotnus/public_html/ppid/index.php(45): CodeIgniter\CodeIgniter->run()
#10 {main}
ERROR - 2022-06-12 00:15:03 --> Unknown column 'a.id_kategori' in 'where clause'
CRITICAL - 2022-06-12 00:15:03 --> Unknown column 'a.id_kategori' in 'where clause'
#0 /home/sorotnus/public_html/ppid/system/Database/MySQLi/Connection.php(329): mysqli->query('SELECT `a`.`id`...')
#1 /home/sorotnus/public_html/ppid/system/Database/BaseConnection.php(732): CodeIgniter\Database\MySQLi\Connection->execute('SELECT `a`.`id`...')
#2 /home/sorotnus/public_html/ppid/system/Database/BaseConnection.php(647): CodeIgniter\Database\BaseConnection->simpleQuery('SELECT `a`.`id`...')
#3 /home/sorotnus/public_html/ppid/system/Database/BaseBuilder.php(1881): CodeIgniter\Database\BaseConnection->query('SELECT `a`.`id`...', Array, false)
#4 /home/sorotnus/public_html/ppid/app/Controllers/Home.php(154): CodeIgniter\Database\BaseBuilder->get()
#5 /home/sorotnus/public_html/ppid/app/Controllers/Home.php(28): App\Controllers\Home->get_umkm()
#6 /home/sorotnus/public_html/ppid/system/CodeIgniter.php(928): App\Controllers\Home->index()
#7 /home/sorotnus/public_html/ppid/system/CodeIgniter.php(436): CodeIgniter\CodeIgniter->runController(Object(App\Controllers\Home))
#8 /home/sorotnus/public_html/ppid/system/CodeIgniter.php(336): CodeIgniter\CodeIgniter->handleRequest(NULL, Object(Config\Cache), false)
#9 /home/sorotnus/public_html/ppid/index.php(45): CodeIgniter\CodeIgniter->run()
#10 {main}
ERROR - 2022-06-12 00:19:14 --> Table 'sorotnus_ppid.pengunjung' doesn't exist
CRITICAL - 2022-06-12 00:19:14 --> Table 'sorotnus_ppid.pengunjung' doesn't exist
#0 /home/sorotnus/public_html/ppid/system/Database/MySQLi/Connection.php(329): mysqli->query('SELECT *\nFROM `...')
#1 /home/sorotnus/public_html/ppid/system/Database/BaseConnection.php(732): CodeIgniter\Database\MySQLi\Connection->execute('SELECT *\nFROM `...')
#2 /home/sorotnus/public_html/ppid/system/Database/BaseConnection.php(647): CodeIgniter\Database\BaseConnection->simpleQuery('SELECT *\nFROM `...')
#3 /home/sorotnus/public_html/ppid/system/Database/BaseBuilder.php(1881): CodeIgniter\Database\BaseConnection->query('SELECT *\nFROM `...', Array, false)
#4 /home/sorotnus/public_html/ppid/app/Libraries/Init.php(469): CodeIgniter\Database\BaseBuilder->get()
#5 /home/sorotnus/public_html/ppid/app/Libraries/Init.php(30): App\Libraries\Init->get_visitor()
#6 /home/sorotnus/public_html/ppid/app/Controllers/ResController.php(87): App\Libraries\Init->__construct()
#7 /home/sorotnus/public_html/ppid/system/CodeIgniter.php(901): App\Controllers\ResController->initController(Object(CodeIgniter\HTTP\IncomingRequest), Object(CodeIgniter\HTTP\Response), Object(CodeIgniter\Log\Logger))
#8 /home/sorotnus/public_html/ppid/system/CodeIgniter.php(426): CodeIgniter\CodeIgniter->createController()
#9 /home/sorotnus/public_html/ppid/system/CodeIgniter.php(336): CodeIgniter\CodeIgniter->handleRequest(NULL, Object(Config\Cache), false)
#10 /home/sorotnus/public_html/ppid/index.php(45): CodeIgniter\CodeIgniter->run()
#11 {main}
ERROR - 2022-06-12 00:19:27 --> Table 'sorotnus_ppid.pengunjung' doesn't exist
CRITICAL - 2022-06-12 00:19:27 --> Table 'sorotnus_ppid.pengunjung' doesn't exist
#0 /home/sorotnus/public_html/ppid/system/Database/MySQLi/Connection.php(329): mysqli->query('SELECT *\nFROM `...')
#1 /home/sorotnus/public_html/ppid/system/Database/BaseConnection.php(732): CodeIgniter\Database\MySQLi\Connection->execute('SELECT *\nFROM `...')
#2 /home/sorotnus/public_html/ppid/system/Database/BaseConnection.php(647): CodeIgniter\Database\BaseConnection->simpleQuery('SELECT *\nFROM `...')
#3 /home/sorotnus/public_html/ppid/system/Database/BaseBuilder.php(1881): CodeIgniter\Database\BaseConnection->query('SELECT *\nFROM `...', Array, false)
#4 /home/sorotnus/public_html/ppid/app/Libraries/Init.php(469): CodeIgniter\Database\BaseBuilder->get()
#5 /home/sorotnus/public_html/ppid/app/Libraries/Init.php(30): App\Libraries\Init->get_visitor()
#6 /home/sorotnus/public_html/ppid/app/Controllers/ResController.php(87): App\Libraries\Init->__construct()
#7 /home/sorotnus/public_html/ppid/system/CodeIgniter.php(901): App\Controllers\ResController->initController(Object(CodeIgniter\HTTP\IncomingRequest), Object(CodeIgniter\HTTP\Response), Object(CodeIgniter\Log\Logger))
#8 /home/sorotnus/public_html/ppid/system/CodeIgniter.php(426): CodeIgniter\CodeIgniter->createController()
#9 /home/sorotnus/public_html/ppid/system/CodeIgniter.php(336): CodeIgniter\CodeIgniter->handleRequest(NULL, Object(Config\Cache), false)
#10 /home/sorotnus/public_html/ppid/index.php(45): CodeIgniter\CodeIgniter->run()
#11 {main}
ERROR - 2022-06-12 00:20:18 --> Table 'sorotnus_ppid.pengunjung' doesn't exist
CRITICAL - 2022-06-12 00:20:18 --> Table 'sorotnus_ppid.pengunjung' doesn't exist
#0 /home/sorotnus/public_html/ppid/system/Database/MySQLi/Connection.php(329): mysqli->query('SELECT *\nFROM `...')
#1 /home/sorotnus/public_html/ppid/system/Database/BaseConnection.php(732): CodeIgniter\Database\MySQLi\Connection->execute('SELECT *\nFROM `...')
#2 /home/sorotnus/public_html/ppid/system/Database/BaseConnection.php(647): CodeIgniter\Database\BaseConnection->simpleQuery('SELECT *\nFROM `...')
#3 /home/sorotnus/public_html/ppid/system/Database/BaseBuilder.php(1881): CodeIgniter\Database\BaseConnection->query('SELECT *\nFROM `...', Array, false)
#4 /home/sorotnus/public_html/ppid/app/Libraries/Init.php(469): CodeIgniter\Database\BaseBuilder->get()
#5 /home/sorotnus/public_html/ppid/app/Libraries/Init.php(30): App\Libraries\Init->get_visitor()
#6 /home/sorotnus/public_html/ppid/app/Controllers/Bajocontrol/ResController.php(80): App\Libraries\Init->__construct()
#7 /home/sorotnus/public_html/ppid/system/CodeIgniter.php(901): App\Controllers\Bajocontrol\ResController->initController(Object(CodeIgniter\HTTP\IncomingRequest), Object(CodeIgniter\HTTP\Response), Object(CodeIgniter\Log\Logger))
#8 /home/sorotnus/public_html/ppid/system/CodeIgniter.php(426): CodeIgniter\CodeIgniter->createController()
#9 /home/sorotnus/public_html/ppid/system/CodeIgniter.php(336): CodeIgniter\CodeIgniter->handleRequest(NULL, Object(Config\Cache), false)
#10 /home/sorotnus/public_html/ppid/index.php(45): CodeIgniter\CodeIgniter->run()
#11 {main}
ERROR - 2022-06-12 00:20:22 --> Table 'sorotnus_ppid.pengunjung' doesn't exist
CRITICAL - 2022-06-12 00:20:22 --> Table 'sorotnus_ppid.pengunjung' doesn't exist
#0 /home/sorotnus/public_html/ppid/system/Database/MySQLi/Connection.php(329): mysqli->query('SELECT *\nFROM `...')
#1 /home/sorotnus/public_html/ppid/system/Database/BaseConnection.php(732): CodeIgniter\Database\MySQLi\Connection->execute('SELECT *\nFROM `...')
#2 /home/sorotnus/public_html/ppid/system/Database/BaseConnection.php(647): CodeIgniter\Database\BaseConnection->simpleQuery('SELECT *\nFROM `...')
#3 /home/sorotnus/public_html/ppid/system/Database/BaseBuilder.php(1881): CodeIgniter\Database\BaseConnection->query('SELECT *\nFROM `...', Array, false)
#4 /home/sorotnus/public_html/ppid/app/Libraries/Init.php(469): CodeIgniter\Database\BaseBuilder->get()
#5 /home/sorotnus/public_html/ppid/app/Libraries/Init.php(30): App\Libraries\Init->get_visitor()
#6 /home/sorotnus/public_html/ppid/app/Controllers/Bajocontrol/ResController.php(80): App\Libraries\Init->__construct()
#7 /home/sorotnus/public_html/ppid/system/CodeIgniter.php(901): App\Controllers\Bajocontrol\ResController->initController(Object(CodeIgniter\HTTP\IncomingRequest), Object(CodeIgniter\HTTP\Response), Object(CodeIgniter\Log\Logger))
#8 /home/sorotnus/public_html/ppid/system/CodeIgniter.php(426): CodeIgniter\CodeIgniter->createController()
#9 /home/sorotnus/public_html/ppid/system/CodeIgniter.php(336): CodeIgniter\CodeIgniter->handleRequest(NULL, Object(Config\Cache), false)
#10 /home/sorotnus/public_html/ppid/index.php(45): CodeIgniter\CodeIgniter->run()
#11 {main}
ERROR - 2022-06-12 00:20:24 --> Table 'sorotnus_ppid.pengunjung' doesn't exist
CRITICAL - 2022-06-12 00:20:24 --> Table 'sorotnus_ppid.pengunjung' doesn't exist
#0 /home/sorotnus/public_html/ppid/system/Database/MySQLi/Connection.php(329): mysqli->query('SELECT *\nFROM `...')
#1 /home/sorotnus/public_html/ppid/system/Database/BaseConnection.php(732): CodeIgniter\Database\MySQLi\Connection->execute('SELECT *\nFROM `...')
#2 /home/sorotnus/public_html/ppid/system/Database/BaseConnection.php(647): CodeIgniter\Database\BaseConnection->simpleQuery('SELECT *\nFROM `...')
#3 /home/sorotnus/public_html/ppid/system/Database/BaseBuilder.php(1881): CodeIgniter\Database\BaseConnection->query('SELECT *\nFROM `...', Array, false)
#4 /home/sorotnus/public_html/ppid/app/Libraries/Init.php(469): CodeIgniter\Database\BaseBuilder->get()
#5 /home/sorotnus/public_html/ppid/app/Libraries/Init.php(30): App\Libraries\Init->get_visitor()
#6 /home/sorotnus/public_html/ppid/app/Controllers/ResController.php(87): App\Libraries\Init->__construct()
#7 /home/sorotnus/public_html/ppid/system/CodeIgniter.php(901): App\Controllers\ResController->initController(Object(CodeIgniter\HTTP\IncomingRequest), Object(CodeIgniter\HTTP\Response), Object(CodeIgniter\Log\Logger))
#8 /home/sorotnus/public_html/ppid/system/CodeIgniter.php(426): CodeIgniter\CodeIgniter->createController()
#9 /home/sorotnus/public_html/ppid/system/CodeIgniter.php(336): CodeIgniter\CodeIgniter->handleRequest(NULL, Object(Config\Cache), false)
#10 /home/sorotnus/public_html/ppid/index.php(45): CodeIgniter\CodeIgniter->run()
#11 {main}
CRITICAL - 2022-06-12 00:35:45 --> Undefined offset: 1
#0 /home/sorotnus/public_html/ppid/app/Controllers/Home.php(93): CodeIgniter\Debug\Exceptions->errorHandler(8, 'Undefined offse...', '/home/sorotnus/...', 93, Array)
#1 /home/sorotnus/public_html/ppid/system/CodeIgniter.php(928): App\Controllers\Home->sve()
#2 /home/sorotnus/public_html/ppid/system/CodeIgniter.php(436): CodeIgniter\CodeIgniter->runController(Object(App\Controllers\Home))
#3 /home/sorotnus/public_html/ppid/system/CodeIgniter.php(336): CodeIgniter\CodeIgniter->handleRequest(NULL, Object(Config\Cache), false)
#4 /home/sorotnus/public_html/ppid/index.php(45): CodeIgniter\CodeIgniter->run()
#5 {main}
CRITICAL - 2022-06-12 22:10:27 --> strpos() expects parameter 1 to be string, array given
#0 [internal function]: CodeIgniter\Debug\Exceptions->errorHandler(2, 'strpos() expect...', '/home/sorotnus/...', 701, Array)
#1 /home/sorotnus/public_html/ppid/system/Email/Email.php(701): strpos(Array, '://')
#2 /home/sorotnus/public_html/ppid/app/Controllers/Home.php(145): CodeIgniter\Email\Email->attach(Array)
#3 /home/sorotnus/public_html/ppid/system/CodeIgniter.php(928): App\Controllers\Home->sve()
#4 /home/sorotnus/public_html/ppid/system/CodeIgniter.php(436): CodeIgniter\CodeIgniter->runController(Object(App\Controllers\Home))
#5 /home/sorotnus/public_html/ppid/system/CodeIgniter.php(336): CodeIgniter\CodeIgniter->handleRequest(NULL, Object(Config\Cache), false)
#6 /home/sorotnus/public_html/ppid/index.php(45): CodeIgniter\CodeIgniter->run()
#7 {main}
CRITICAL - 2022-06-12 22:10:58 --> syntax error, unexpected ')'
#0 /home/sorotnus/public_html/ppid/system/Router/Router.php(169): CodeIgniter\Router\Router->autoRoute('home/sve')
#1 /home/sorotnus/public_html/ppid/system/CodeIgniter.php(809): CodeIgniter\Router\Router->handle('home/sve')
#2 /home/sorotnus/public_html/ppid/system/CodeIgniter.php(389): CodeIgniter\CodeIgniter->tryToRouteIt(Object(CodeIgniter\Router\RouteCollection))
#3 /home/sorotnus/public_html/ppid/system/CodeIgniter.php(336): CodeIgniter\CodeIgniter->handleRequest(NULL, Object(Config\Cache), false)
#4 /home/sorotnus/public_html/ppid/index.php(45): CodeIgniter\CodeIgniter->run()
#5 {main}
CRITICAL - 2022-06-12 22:11:36 --> strpos() expects parameter 1 to be string, array given
#0 [internal function]: CodeIgniter\Debug\Exceptions->errorHandler(2, 'strpos() expect...', '/home/sorotnus/...', 701, Array)
#1 /home/sorotnus/public_html/ppid/system/Email/Email.php(701): strpos(Array, '://')
#2 /home/sorotnus/public_html/ppid/app/Controllers/Home.php(145): CodeIgniter\Email\Email->attach(Array)
#3 /home/sorotnus/public_html/ppid/system/CodeIgniter.php(928): App\Controllers\Home->sve()
#4 /home/sorotnus/public_html/ppid/system/CodeIgniter.php(436): CodeIgniter\CodeIgniter->runController(Object(App\Controllers\Home))
#5 /home/sorotnus/public_html/ppid/system/CodeIgniter.php(336): CodeIgniter\CodeIgniter->handleRequest(NULL, Object(Config\Cache), false)
#6 /home/sorotnus/public_html/ppid/index.php(45): CodeIgniter\CodeIgniter->run()
#7 {main}
CRITICAL - 2022-06-12 22:11:58 --> strpos() expects parameter 1 to be string, array given
#0 [internal function]: CodeIgniter\Debug\Exceptions->errorHandler(2, 'strpos() expect...', '/home/sorotnus/...', 701, Array)
#1 /home/sorotnus/public_html/ppid/system/Email/Email.php(701): strpos(Array, '://')
#2 /home/sorotnus/public_html/ppid/app/Controllers/Home.php(145): CodeIgniter\Email\Email->attach(Array)
#3 /home/sorotnus/public_html/ppid/system/CodeIgniter.php(928): App\Controllers\Home->sve()
#4 /home/sorotnus/public_html/ppid/system/CodeIgniter.php(436): CodeIgniter\CodeIgniter->runController(Object(App\Controllers\Home))
#5 /home/sorotnus/public_html/ppid/system/CodeIgniter.php(336): CodeIgniter\CodeIgniter->handleRequest(NULL, Object(Config\Cache), false)
#6 /home/sorotnus/public_html/ppid/index.php(45): CodeIgniter\CodeIgniter->run()
#7 {main}
CRITICAL - 2022-06-12 22:12:38 --> strpos() expects parameter 1 to be string, array given
#0 [internal function]: CodeIgniter\Debug\Exceptions->errorHandler(2, 'strpos() expect...', '/home/sorotnus/...', 701, Array)
#1 /home/sorotnus/public_html/ppid/system/Email/Email.php(701): strpos(Array, '://')
#2 /home/sorotnus/public_html/ppid/app/Controllers/Home.php(145): CodeIgniter\Email\Email->attach(Array)
#3 /home/sorotnus/public_html/ppid/system/CodeIgniter.php(928): App\Controllers\Home->sve()
#4 /home/sorotnus/public_html/ppid/system/CodeIgniter.php(436): CodeIgniter\CodeIgniter->runController(Object(App\Controllers\Home))
#5 /home/sorotnus/public_html/ppid/system/CodeIgniter.php(336): CodeIgniter\CodeIgniter->handleRequest(NULL, Object(Config\Cache), false)
#6 /home/sorotnus/public_html/ppid/index.php(45): CodeIgniter\CodeIgniter->run()
#7 {main}
CRITICAL - 2022-06-12 22:18:52 --> Call to a member function getName() on null
#0 /home/sorotnus/public_html/ppid/app/Controllers/Home.php(145): App\Libraries\Init->upload('gambar', 'image', '1', 'berita', 'insert')
#1 /home/sorotnus/public_html/ppid/system/CodeIgniter.php(928): App\Controllers\Home->sve()
#2 /home/sorotnus/public_html/ppid/system/CodeIgniter.php(436): CodeIgniter\CodeIgniter->runController(Object(App\Controllers\Home))
#3 /home/sorotnus/public_html/ppid/system/CodeIgniter.php(336): CodeIgniter\CodeIgniter->handleRequest(NULL, Object(Config\Cache), false)
#4 /home/sorotnus/public_html/ppid/index.php(45): CodeIgniter\CodeIgniter->run()
#5 {main}
CRITICAL - 2022-06-12 22:25:51 --> Call to a member function getName() on null
#0 /home/sorotnus/public_html/ppid/app/Controllers/Home.php(145): App\Libraries\Init->upload('gambar', 'image', '317307050209100...', 'berita', 'insert')
#1 /home/sorotnus/public_html/ppid/system/CodeIgniter.php(928): App\Controllers\Home->sve()
#2 /home/sorotnus/public_html/ppid/system/CodeIgniter.php(436): CodeIgniter\CodeIgniter->runController(Object(App\Controllers\Home))
#3 /home/sorotnus/public_html/ppid/system/CodeIgniter.php(336): CodeIgniter\CodeIgniter->handleRequest(NULL, Object(Config\Cache), false)
#4 /home/sorotnus/public_html/ppid/index.php(45): CodeIgniter\CodeIgniter->run()
#5 {main}
CRITICAL - 2022-06-12 22:30:11 --> Undefined index: image
#0 /home/sorotnus/public_html/ppid/app/Controllers/Home.php(148): CodeIgniter\Debug\Exceptions->errorHandler(8, 'Undefined index...', '/home/sorotnus/...', 148, Array)
#1 /home/sorotnus/public_html/ppid/system/CodeIgniter.php(928): App\Controllers\Home->sve()
#2 /home/sorotnus/public_html/ppid/system/CodeIgniter.php(436): CodeIgniter\CodeIgniter->runController(Object(App\Controllers\Home))
#3 /home/sorotnus/public_html/ppid/system/CodeIgniter.php(336): CodeIgniter\CodeIgniter->handleRequest(NULL, Object(Config\Cache), false)
#4 /home/sorotnus/public_html/ppid/index.php(45): CodeIgniter\CodeIgniter->run()
#5 {main}
CRITICAL - 2022-06-12 22:30:28 --> move_uploaded_file(public/uploads/req/banner popup.jpg): failed to open stream: No such file or directory
#0 [internal function]: CodeIgniter\Debug\Exceptions->errorHandler(2, 'move_uploaded_f...', '/home/sorotnus/...', 148, Array)
#1 /home/sorotnus/public_html/ppid/app/Controllers/Home.php(148): move_uploaded_file('/tmp/phptkibof', 'public/uploads/...')
#2 /home/sorotnus/public_html/ppid/system/CodeIgniter.php(928): App\Controllers\Home->sve()
#3 /home/sorotnus/public_html/ppid/system/CodeIgniter.php(436): CodeIgniter\CodeIgniter->runController(Object(App\Controllers\Home))
#4 /home/sorotnus/public_html/ppid/system/CodeIgniter.php(336): CodeIgniter\CodeIgniter->handleRequest(NULL, Object(Config\Cache), false)
#5 /home/sorotnus/public_html/ppid/index.php(45): CodeIgniter\CodeIgniter->run()
#6 {main}
CRITICAL - 2022-06-12 22:31:20 --> move_uploaded_file(public/uploads/req/banner popup.jpg): failed to open stream: No such file or directory
#0 [internal function]: CodeIgniter\Debug\Exceptions->errorHandler(2, 'move_uploaded_f...', '/home/sorotnus/...', 148, Array)
#1 /home/sorotnus/public_html/ppid/app/Controllers/Home.php(148): move_uploaded_file('/tmp/phpX4MyAP', 'public/uploads/...')
#2 /home/sorotnus/public_html/ppid/system/CodeIgniter.php(928): App\Controllers\Home->sve()
#3 /home/sorotnus/public_html/ppid/system/CodeIgniter.php(436): CodeIgniter\CodeIgniter->runController(Object(App\Controllers\Home))
#4 /home/sorotnus/public_html/ppid/system/CodeIgniter.php(336): CodeIgniter\CodeIgniter->handleRequest(NULL, Object(Config\Cache), false)
#5 /home/sorotnus/public_html/ppid/index.php(45): CodeIgniter\CodeIgniter->run()
#6 {main}
CRITICAL - 2022-06-12 22:32:20 --> move_uploaded_file(uploads/req/banner popup.jpg): failed to open stream: No such file or directory
#0 [internal function]: CodeIgniter\Debug\Exceptions->errorHandler(2, 'move_uploaded_f...', '/home/sorotnus/...', 148, Array)
#1 /home/sorotnus/public_html/ppid/app/Controllers/Home.php(148): move_uploaded_file('/tmp/phpUsf2ZK', 'uploads/req/ban...')
#2 /home/sorotnus/public_html/ppid/system/CodeIgniter.php(928): App\Controllers\Home->sve()
#3 /home/sorotnus/public_html/ppid/system/CodeIgniter.php(436): CodeIgniter\CodeIgniter->runController(Object(App\Controllers\Home))
#4 /home/sorotnus/public_html/ppid/system/CodeIgniter.php(336): CodeIgniter\CodeIgniter->handleRequest(NULL, Object(Config\Cache), false)
#5 /home/sorotnus/public_html/ppid/index.php(45): CodeIgniter\CodeIgniter->run()
#6 {main}
CRITICAL - 2022-06-12 22:33:16 --> move_uploaded_file(): open_basedir restriction in effect. File(/public/uploads/req/banner popup.jpg) is not within the allowed path(s): (/home/sorotnus/public_html/ppid:/opt/cpanel/ea-php74/root/usr/bin/:/opt/cpanel/ea-php74/root/usr/lib64/php:/var/cpanel/php/sessions/ea-php74:/tmp)
#0 [internal function]: CodeIgniter\Debug\Exceptions->errorHandler(2, 'move_uploaded_f...', '/home/sorotnus/...', 148, Array)
#1 /home/sorotnus/public_html/ppid/app/Controllers/Home.php(148): move_uploaded_file('/tmp/phpyNjE3u', '/public/uploads...')
#2 /home/sorotnus/public_html/ppid/system/CodeIgniter.php(928): App\Controllers\Home->sve()
#3 /home/sorotnus/public_html/ppid/system/CodeIgniter.php(436): CodeIgniter\CodeIgniter->runController(Object(App\Controllers\Home))
#4 /home/sorotnus/public_html/ppid/system/CodeIgniter.php(336): CodeIgniter\CodeIgniter->handleRequest(NULL, Object(Config\Cache), false)
#5 /home/sorotnus/public_html/ppid/index.php(45): CodeIgniter\CodeIgniter->run()
#6 {main}
CRITICAL - 2022-06-12 22:33:18 --> Undefined index: nama
#0 /home/sorotnus/public_html/ppid/app/Controllers/Home.php(46): CodeIgniter\Debug\Exceptions->errorHandler(8, 'Undefined index...', '/home/sorotnus/...', 46, Array)
#1 /home/sorotnus/public_html/ppid/system/CodeIgniter.php(928): App\Controllers\Home->sve()
#2 /home/sorotnus/public_html/ppid/system/CodeIgniter.php(436): CodeIgniter\CodeIgniter->runController(Object(App\Controllers\Home))
#3 /home/sorotnus/public_html/ppid/system/CodeIgniter.php(336): CodeIgniter\CodeIgniter->handleRequest(NULL, Object(Config\Cache), false)
#4 /home/sorotnus/public_html/ppid/index.php(45): CodeIgniter\CodeIgniter->run()
#5 {main}
CRITICAL - 2022-06-12 22:33:48 --> move_uploaded_file(): open_basedir restriction in effect. File(/public/uploads/req/banner popup.jpg) is not within the allowed path(s): (/home/sorotnus/public_html/ppid:/opt/cpanel/ea-php74/root/usr/bin/:/opt/cpanel/ea-php74/root/usr/lib64/php:/var/cpanel/php/sessions/ea-php74:/tmp)
#0 [internal function]: CodeIgniter\Debug\Exceptions->errorHandler(2, 'move_uploaded_f...', '/home/sorotnus/...', 148, Array)
#1 /home/sorotnus/public_html/ppid/app/Controllers/Home.php(148): move_uploaded_file('/tmp/phptetl94', '/public/uploads...')
#2 /home/sorotnus/public_html/ppid/system/CodeIgniter.php(928): App\Controllers\Home->sve()
#3 /home/sorotnus/public_html/ppid/system/CodeIgniter.php(436): CodeIgniter\CodeIgniter->runController(Object(App\Controllers\Home))
#4 /home/sorotnus/public_html/ppid/system/CodeIgniter.php(336): CodeIgniter\CodeIgniter->handleRequest(NULL, Object(Config\Cache), false)
#5 /home/sorotnus/public_html/ppid/index.php(45): CodeIgniter\CodeIgniter->run()
#6 {main}
CRITICAL - 2022-06-12 22:34:06 --> move_uploaded_file(): open_basedir restriction in effect. File(/public/uploads/req/banner popup.jpg) is not within the allowed path(s): (/home/sorotnus/public_html/ppid:/opt/cpanel/ea-php74/root/usr/bin/:/opt/cpanel/ea-php74/root/usr/lib64/php:/var/cpanel/php/sessions/ea-php74:/tmp)
#0 [internal function]: CodeIgniter\Debug\Exceptions->errorHandler(2, 'move_uploaded_f...', '/home/sorotnus/...', 148, Array)
#1 /home/sorotnus/public_html/ppid/app/Controllers/Home.php(148): move_uploaded_file('/tmp/phpudZeOY', '/public/uploads...')
#2 /home/sorotnus/public_html/ppid/system/CodeIgniter.php(928): App\Controllers\Home->sve()
#3 /home/sorotnus/public_html/ppid/system/CodeIgniter.php(436): CodeIgniter\CodeIgniter->runController(Object(App\Controllers\Home))
#4 /home/sorotnus/public_html/ppid/system/CodeIgniter.php(336): CodeIgniter\CodeIgniter->handleRequest(NULL, Object(Config\Cache), false)
#5 /home/sorotnus/public_html/ppid/index.php(45): CodeIgniter\CodeIgniter->run()
#6 {main}
CRITICAL - 2022-06-12 22:36:31 --> move_uploaded_file(): open_basedir restriction in effect. File(/public/uploads/req/banner popup.jpg) is not within the allowed path(s): (/home/sorotnus/public_html/ppid:/opt/cpanel/ea-php74/root/usr/bin/:/opt/cpanel/ea-php74/root/usr/lib64/php:/var/cpanel/php/sessions/ea-php74:/tmp)
#0 [internal function]: CodeIgniter\Debug\Exceptions->errorHandler(2, 'move_uploaded_f...', '/home/sorotnus/...', 148, Array)
#1 /home/sorotnus/public_html/ppid/app/Controllers/Home.php(148): move_uploaded_file('/tmp/phpnhiru6', '/public/uploads...')
#2 /home/sorotnus/public_html/ppid/system/CodeIgniter.php(928): App\Controllers\Home->sve()
#3 /home/sorotnus/public_html/ppid/system/CodeIgniter.php(436): CodeIgniter\CodeIgniter->runController(Object(App\Controllers\Home))
#4 /home/sorotnus/public_html/ppid/system/CodeIgniter.php(336): CodeIgniter\CodeIgniter->handleRequest(NULL, Object(Config\Cache), false)
#5 /home/sorotnus/public_html/ppid/index.php(45): CodeIgniter\CodeIgniter->run()
#6 {main}
CRITICAL - 2022-06-12 22:36:51 --> move_uploaded_file(): open_basedir restriction in effect. File(/public/uploads/req/banner popup.jpg) is not within the allowed path(s): (/home/sorotnus/public_html/ppid:/opt/cpanel/ea-php74/root/usr/bin/:/opt/cpanel/ea-php74/root/usr/lib64/php:/var/cpanel/php/sessions/ea-php74:/tmp)
#0 [internal function]: CodeIgniter\Debug\Exceptions->errorHandler(2, 'move_uploaded_f...', '/home/sorotnus/...', 148, Array)
#1 /home/sorotnus/public_html/ppid/app/Controllers/Home.php(148): move_uploaded_file('/tmp/phpV2hb85', '/public/uploads...')
#2 /home/sorotnus/public_html/ppid/system/CodeIgniter.php(928): App\Controllers\Home->sve()
#3 /home/sorotnus/public_html/ppid/system/CodeIgniter.php(436): CodeIgniter\CodeIgniter->runController(Object(App\Controllers\Home))
#4 /home/sorotnus/public_html/ppid/system/CodeIgniter.php(336): CodeIgniter\CodeIgniter->handleRequest(NULL, Object(Config\Cache), false)
#5 /home/sorotnus/public_html/ppid/index.php(45): CodeIgniter\CodeIgniter->run()
#6 {main}
CRITICAL - 2022-06-12 22:37:18 --> move_uploaded_file(): open_basedir restriction in effect. File(/public/uploads/req/ALI88.PNG) is not within the allowed path(s): (/home/sorotnus/public_html/ppid:/opt/cpanel/ea-php74/root/usr/bin/:/opt/cpanel/ea-php74/root/usr/lib64/php:/var/cpanel/php/sessions/ea-php74:/tmp)
#0 [internal function]: CodeIgniter\Debug\Exceptions->errorHandler(2, 'move_uploaded_f...', '/home/sorotnus/...', 148, Array)
#1 /home/sorotnus/public_html/ppid/app/Controllers/Home.php(148): move_uploaded_file('/tmp/phpKaWmZo', '/public/uploads...')
#2 /home/sorotnus/public_html/ppid/system/CodeIgniter.php(928): App\Controllers\Home->sve()
#3 /home/sorotnus/public_html/ppid/system/CodeIgniter.php(436): CodeIgniter\CodeIgniter->runController(Object(App\Controllers\Home))
#4 /home/sorotnus/public_html/ppid/system/CodeIgniter.php(336): CodeIgniter\CodeIgniter->handleRequest(NULL, Object(Config\Cache), false)
#5 /home/sorotnus/public_html/ppid/index.php(45): CodeIgniter\CodeIgniter->run()
#6 {main}
CRITICAL - 2022-06-12 22:38:24 --> Call to a member function getName() on null
#0 /home/sorotnus/public_html/ppid/app/Controllers/Home.php(145): App\Libraries\Init->upload('gambar', 'image', '1', 'berita', 'insert')
#1 /home/sorotnus/public_html/ppid/system/CodeIgniter.php(928): App\Controllers\Home->sve()
#2 /home/sorotnus/public_html/ppid/system/CodeIgniter.php(436): CodeIgniter\CodeIgniter->runController(Object(App\Controllers\Home))
#3 /home/sorotnus/public_html/ppid/system/CodeIgniter.php(336): CodeIgniter\CodeIgniter->handleRequest(NULL, Object(Config\Cache), false)
#4 /home/sorotnus/public_html/ppid/index.php(45): CodeIgniter\CodeIgniter->run()
#5 {main}
CRITICAL - 2022-06-12 22:44:04 --> Call to a member function getName() on null
#0 /home/sorotnus/public_html/ppid/app/Controllers/Home.php(145): App\Libraries\Init->upload('gambar', 'image', '317307050209100...', 'berita', 'insert')
#1 /home/sorotnus/public_html/ppid/system/CodeIgniter.php(928): App\Controllers\Home->sve()
#2 /home/sorotnus/public_html/ppid/system/CodeIgniter.php(436): CodeIgniter\CodeIgniter->runController(Object(App\Controllers\Home))
#3 /home/sorotnus/public_html/ppid/system/CodeIgniter.php(336): CodeIgniter\CodeIgniter->handleRequest(NULL, Object(Config\Cache), false)
#4 /home/sorotnus/public_html/ppid/index.php(45): CodeIgniter\CodeIgniter->run()
#5 {main}
CRITICAL - 2022-06-12 22:53:00 --> Call to a member function getName() on null
#0 /home/sorotnus/public_html/ppid/app/Controllers/Home.php(145): App\Libraries\Init->upload('gambar', 'image', '317307050209100...', 'home', 'insert')
#1 /home/sorotnus/public_html/ppid/system/CodeIgniter.php(928): App\Controllers\Home->sve()
#2 /home/sorotnus/public_html/ppid/system/CodeIgniter.php(436): CodeIgniter\CodeIgniter->runController(Object(App\Controllers\Home))
#3 /home/sorotnus/public_html/ppid/system/CodeIgniter.php(336): CodeIgniter\CodeIgniter->handleRequest(NULL, Object(Config\Cache), false)
#4 /home/sorotnus/public_html/ppid/index.php(45): CodeIgniter\CodeIgniter->run()
#5 {main}
CRITICAL - 2022-06-12 22:54:05 --> Call to a member function getName() on null
#0 /home/sorotnus/public_html/ppid/app/Controllers/Home.php(145): App\Libraries\Init->upload('gambar', 'image')
#1 /home/sorotnus/public_html/ppid/system/CodeIgniter.php(928): App\Controllers\Home->sve()
#2 /home/sorotnus/public_html/ppid/system/CodeIgniter.php(436): CodeIgniter\CodeIgniter->runController(Object(App\Controllers\Home))
#3 /home/sorotnus/public_html/ppid/system/CodeIgniter.php(336): CodeIgniter\CodeIgniter->handleRequest(NULL, Object(Config\Cache), false)
#4 /home/sorotnus/public_html/ppid/index.php(45): CodeIgniter\CodeIgniter->run()
#5 {main}
CRITICAL - 2022-06-12 22:55:44 --> move_uploaded_file(): open_basedir restriction in effect. File(/writable/uploads/2021/11/ALI88.PNG) is not within the allowed path(s): (/home/sorotnus/public_html/ppid:/opt/cpanel/ea-php74/root/usr/bin/:/opt/cpanel/ea-php74/root/usr/lib64/php:/var/cpanel/php/sessions/ea-php74:/tmp)
#0 [internal function]: CodeIgniter\Debug\Exceptions->errorHandler(2, 'move_uploaded_f...', '/home/sorotnus/...', 148, Array)
#1 /home/sorotnus/public_html/ppid/app/Controllers/Home.php(148): move_uploaded_file('/tmp/php8VOnFP', '/writable/uploa...')
#2 /home/sorotnus/public_html/ppid/system/CodeIgniter.php(928): App\Controllers\Home->sve()
#3 /home/sorotnus/public_html/ppid/system/CodeIgniter.php(436): CodeIgniter\CodeIgniter->runController(Object(App\Controllers\Home))
#4 /home/sorotnus/public_html/ppid/system/CodeIgniter.php(336): CodeIgniter\CodeIgniter->handleRequest(NULL, Object(Config\Cache), false)
#5 /home/sorotnus/public_html/ppid/index.php(45): CodeIgniter\CodeIgniter->run()
#6 {main}
CRITICAL - 2022-06-12 22:56:06 --> Undefined variable: files
#0 /home/sorotnus/public_html/ppid/app/Controllers/Home.php(154): CodeIgniter\Debug\Exceptions->errorHandler(8, 'Undefined varia...', '/home/sorotnus/...', 154, Array)
#1 /home/sorotnus/public_html/ppid/system/CodeIgniter.php(928): App\Controllers\Home->sve()
#2 /home/sorotnus/public_html/ppid/system/CodeIgniter.php(436): CodeIgniter\CodeIgniter->runController(Object(App\Controllers\Home))
#3 /home/sorotnus/public_html/ppid/system/CodeIgniter.php(336): CodeIgniter\CodeIgniter->handleRequest(NULL, Object(Config\Cache), false)
#4 /home/sorotnus/public_html/ppid/index.php(45): CodeIgniter\CodeIgniter->run()
#5 {main}
CRITICAL - 2022-06-12 23:11:08 --> Undefined variable: data
#0 /home/sorotnus/public_html/ppid/app/Views/admin/profile.php(40): CodeIgniter\Debug\Exceptions->errorHandler(8, 'Undefined varia...', '/home/sorotnus/...', 40, Array)
#1 /home/sorotnus/public_html/ppid/system/View/View.php(230): include('/home/sorotnus/...')
#2 /home/sorotnus/public_html/ppid/system/View/View.php(232): CodeIgniter\View\View->CodeIgniter\View\{closure}()
#3 /home/sorotnus/public_html/ppid/system/Common.php(1271): CodeIgniter\View\View->render('admin/profile', Array, true)
#4 /home/sorotnus/public_html/ppid/app/Libraries/Init.php(260): view('admin/profile', Array)
#5 /home/sorotnus/public_html/ppid/app/Controllers/Bajocontrol/Profile.php(10): App\Libraries\Init->generate_admin('admin/profile')
#6 /home/sorotnus/public_html/ppid/system/CodeIgniter.php(928): App\Controllers\Bajocontrol\Profile->index()
#7 /home/sorotnus/public_html/ppid/system/CodeIgniter.php(436): CodeIgniter\CodeIgniter->runController(Object(App\Controllers\Bajocontrol\Profile))
#8 /home/sorotnus/public_html/ppid/system/CodeIgniter.php(336): CodeIgniter\CodeIgniter->handleRequest(NULL, Object(Config\Cache), false)
#9 /home/sorotnus/public_html/ppid/index.php(45): CodeIgniter\CodeIgniter->run()
#10 {main}
ERROR - 2022-06-12 23:16:59 --> Table 'sorotnus_ppid.profile' doesn't exist
CRITICAL - 2022-06-12 23:16:59 --> Table 'sorotnus_ppid.profile' doesn't exist
#0 /home/sorotnus/public_html/ppid/system/Database/MySQLi/Connection.php(329): mysqli->query('SELECT *\nFROM `...')
#1 /home/sorotnus/public_html/ppid/system/Database/BaseConnection.php(732): CodeIgniter\Database\MySQLi\Connection->execute('SELECT *\nFROM `...')
#2 /home/sorotnus/public_html/ppid/system/Database/BaseConnection.php(647): CodeIgniter\Database\BaseConnection->simpleQuery('SELECT *\nFROM `...')
#3 /home/sorotnus/public_html/ppid/system/Database/BaseBuilder.php(1881): CodeIgniter\Database\BaseConnection->query('SELECT *\nFROM `...', Array, false)
#4 /home/sorotnus/public_html/ppid/app/Controllers/Bajocontrol/Profile.php(17): CodeIgniter\Database\BaseBuilder->get()
#5 /home/sorotnus/public_html/ppid/app/Controllers/Bajocontrol/Profile.php(10): App\Controllers\Bajocontrol\Profile->get_setting()
#6 /home/sorotnus/public_html/ppid/system/CodeIgniter.php(928): App\Controllers\Bajocontrol\Profile->index()
#7 /home/sorotnus/public_html/ppid/system/CodeIgniter.php(436): CodeIgniter\CodeIgniter->runController(Object(App\Controllers\Bajocontrol\Profile))
#8 /home/sorotnus/public_html/ppid/system/CodeIgniter.php(336): CodeIgniter\CodeIgniter->handleRequest(NULL, Object(Config\Cache), false)
#9 /home/sorotnus/public_html/ppid/index.php(45): CodeIgniter\CodeIgniter->run()
#10 {main}
CRITICAL - 2022-06-12 23:30:07 --> Undefined variable: konten
#0 /home/sorotnus/public_html/ppid/app/Views/profile.php(27): CodeIgniter\Debug\Exceptions->errorHandler(8, 'Undefined varia...', '/home/sorotnus/...', 27, Array)
#1 /home/sorotnus/public_html/ppid/system/View/View.php(230): include('/home/sorotnus/...')
#2 /home/sorotnus/public_html/ppid/system/View/View.php(232): CodeIgniter\View\View->CodeIgniter\View\{closure}()
#3 /home/sorotnus/public_html/ppid/system/Common.php(1271): CodeIgniter\View\View->render('profile', Array, true)
#4 /home/sorotnus/public_html/ppid/app/Libraries/Init.php(78): view('profile', Array)
#5 /home/sorotnus/public_html/ppid/app/Controllers/Profile.php(20): App\Libraries\Init->no_slider('profile', Array)
#6 /home/sorotnus/public_html/ppid/system/CodeIgniter.php(928): App\Controllers\Profile->index()
#7 /home/sorotnus/public_html/ppid/system/CodeIgniter.php(436): CodeIgniter\CodeIgniter->runController(Object(App\Controllers\Profile))
#8 /home/sorotnus/public_html/ppid/system/CodeIgniter.php(336): CodeIgniter\CodeIgniter->handleRequest(NULL, Object(Config\Cache), false)
#9 /home/sorotnus/public_html/ppid/index.php(45): CodeIgniter\CodeIgniter->run()
#10 {main}
CRITICAL - 2022-06-12 23:30:24 --> Undefined variable: konten
#0 /home/sorotnus/public_html/ppid/app/Views/profile.php(27): CodeIgniter\Debug\Exceptions->errorHandler(8, 'Undefined varia...', '/home/sorotnus/...', 27, Array)
#1 /home/sorotnus/public_html/ppid/system/View/View.php(230): include('/home/sorotnus/...')
#2 /home/sorotnus/public_html/ppid/system/View/View.php(232): CodeIgniter\View\View->CodeIgniter\View\{closure}()
#3 /home/sorotnus/public_html/ppid/system/Common.php(1271): CodeIgniter\View\View->render('profile', Array, true)
#4 /home/sorotnus/public_html/ppid/app/Libraries/Init.php(78): view('profile', Array)
#5 /home/sorotnus/public_html/ppid/app/Controllers/Profile.php(20): App\Libraries\Init->no_slider('profile', Array)
#6 /home/sorotnus/public_html/ppid/system/CodeIgniter.php(928): App\Controllers\Profile->index()
#7 /home/sorotnus/public_html/ppid/system/CodeIgniter.php(436): CodeIgniter\CodeIgniter->runController(Object(App\Controllers\Profile))
#8 /home/sorotnus/public_html/ppid/system/CodeIgniter.php(336): CodeIgniter\CodeIgniter->handleRequest(NULL, Object(Config\Cache), false)
#9 /home/sorotnus/public_html/ppid/index.php(45): CodeIgniter\CodeIgniter->run()
#10 {main}
CRITICAL - 2022-06-12 23:30:37 --> Undefined variable: data
#0 /home/sorotnus/public_html/ppid/app/Views/profile.php(15): CodeIgniter\Debug\Exceptions->errorHandler(8, 'Undefined varia...', '/home/sorotnus/...', 15, Array)
#1 /home/sorotnus/public_html/ppid/system/View/View.php(230): include('/home/sorotnus/...')
#2 /home/sorotnus/public_html/ppid/system/View/View.php(232): CodeIgniter\View\View->CodeIgniter\View\{closure}()
#3 /home/sorotnus/public_html/ppid/system/Common.php(1271): CodeIgniter\View\View->render('profile', Array, true)
#4 /home/sorotnus/public_html/ppid/app/Libraries/Init.php(78): view('profile', Array)
#5 /home/sorotnus/public_html/ppid/app/Controllers/Profile.php(20): App\Libraries\Init->no_slider('profile', Array)
#6 /home/sorotnus/public_html/ppid/system/CodeIgniter.php(928): App\Controllers\Profile->index()
#7 /home/sorotnus/public_html/ppid/system/CodeIgniter.php(436): CodeIgniter\CodeIgniter->runController(Object(App\Controllers\Profile))
#8 /home/sorotnus/public_html/ppid/system/CodeIgniter.php(336): CodeIgniter\CodeIgniter->handleRequest(NULL, Object(Config\Cache), false)
#9 /home/sorotnus/public_html/ppid/index.php(45): CodeIgniter\CodeIgniter->run()
#10 {main}
