ERROR - 2021-11-18 23:13:18 --> Unknown column 'table' in 'field list'
CRITICAL - 2021-11-18 23:13:18 --> Unknown column 'table' in 'field list'
#0 /home/sorotnus/public_html/pasarfloratama/system/Database/MySQLi/Connection.php(329): mysqli->query('UPDATE `arsip` ...')
#1 /home/sorotnus/public_html/pasarfloratama/system/Database/BaseConnection.php(732): CodeIgniter\Database\MySQLi\Connection->execute('UPDATE `arsip` ...')
#2 /home/sorotnus/public_html/pasarfloratama/system/Database/BaseConnection.php(647): CodeIgniter\Database\BaseConnection->simpleQuery('UPDATE `arsip` ...')
#3 /home/sorotnus/public_html/pasarfloratama/system/Database/BaseBuilder.php(2482): CodeIgniter\Database\BaseConnection->query('UPDATE `arsip` ...', Array, false)
#4 /home/sorotnus/public_html/pasarfloratama/app/Libraries/Init.php(396): CodeIgniter\Database\BaseBuilder->update(Array)
#5 /home/sorotnus/public_html/pasarfloratama/app/Controllers/Bajocontrol/Wisata.php(65): App\Libraries\Init->upload(Array, 'image', '1', 'destinasi_wisat...', 'update')
#6 /home/sorotnus/public_html/pasarfloratama/system/CodeIgniter.php(928): App\Controllers\Bajocontrol\Wisata->save_forum()
#7 /home/sorotnus/public_html/pasarfloratama/system/CodeIgniter.php(436): CodeIgniter\CodeIgniter->runController(Object(App\Controllers\Bajocontrol\Wisata))
#8 /home/sorotnus/public_html/pasarfloratama/system/CodeIgniter.php(336): CodeIgniter\CodeIgniter->handleRequest(NULL, Object(Config\Cache), false)
#9 /home/sorotnus/public_html/pasarfloratama/index.php(45): CodeIgniter\CodeIgniter->run()
#10 {main}
ERROR - 2021-11-18 23:13:57 --> Unknown column 'table' in 'field list'
CRITICAL - 2021-11-18 23:13:57 --> Unknown column 'table' in 'field list'
#0 /home/sorotnus/public_html/pasarfloratama/system/Database/MySQLi/Connection.php(329): mysqli->query('INSERT INTO `ar...')
#1 /home/sorotnus/public_html/pasarfloratama/system/Database/BaseConnection.php(732): CodeIgniter\Database\MySQLi\Connection->execute('INSERT INTO `ar...')
#2 /home/sorotnus/public_html/pasarfloratama/system/Database/BaseConnection.php(647): CodeIgniter\Database\BaseConnection->simpleQuery('INSERT INTO `ar...')
#3 /home/sorotnus/public_html/pasarfloratama/system/Database/BaseBuilder.php(2277): CodeIgniter\Database\BaseConnection->query('INSERT INTO `ar...', Array, false)
#4 /home/sorotnus/public_html/pasarfloratama/app/Libraries/Init.php(413): CodeIgniter\Database\BaseBuilder->insert(Array)
#5 /home/sorotnus/public_html/pasarfloratama/app/Controllers/Bajocontrol/Wisata.php(76): App\Libraries\Init->upload(Array, 'image', 18, 'destinasi_wisat...', 'insert')
#6 /home/sorotnus/public_html/pasarfloratama/system/CodeIgniter.php(928): App\Controllers\Bajocontrol\Wisata->save_forum()
#7 /home/sorotnus/public_html/pasarfloratama/system/CodeIgniter.php(436): CodeIgniter\CodeIgniter->runController(Object(App\Controllers\Bajocontrol\Wisata))
#8 /home/sorotnus/public_html/pasarfloratama/system/CodeIgniter.php(336): CodeIgniter\CodeIgniter->handleRequest(NULL, Object(Config\Cache), false)
#9 /home/sorotnus/public_html/pasarfloratama/index.php(45): CodeIgniter\CodeIgniter->run()
#10 {main}
ERROR - 2021-11-18 23:14:56 --> Unknown column 'table' in 'field list'
CRITICAL - 2021-11-18 23:14:56 --> Unknown column 'table' in 'field list'
#0 /home/sorotnus/public_html/pasarfloratama/system/Database/MySQLi/Connection.php(329): mysqli->query('INSERT INTO `ar...')
#1 /home/sorotnus/public_html/pasarfloratama/system/Database/BaseConnection.php(732): CodeIgniter\Database\MySQLi\Connection->execute('INSERT INTO `ar...')
#2 /home/sorotnus/public_html/pasarfloratama/system/Database/BaseConnection.php(647): CodeIgniter\Database\BaseConnection->simpleQuery('INSERT INTO `ar...')
#3 /home/sorotnus/public_html/pasarfloratama/system/Database/BaseBuilder.php(2277): CodeIgniter\Database\BaseConnection->query('INSERT INTO `ar...', Array, false)
#4 /home/sorotnus/public_html/pasarfloratama/app/Libraries/Init.php(413): CodeIgniter\Database\BaseBuilder->insert(Array)
#5 /home/sorotnus/public_html/pasarfloratama/app/Controllers/Bajocontrol/Wisata.php(76): App\Libraries\Init->upload(Array, 'image', 19, 'destinasi_wisat...', 'insert')
#6 /home/sorotnus/public_html/pasarfloratama/system/CodeIgniter.php(928): App\Controllers\Bajocontrol\Wisata->save_forum()
#7 /home/sorotnus/public_html/pasarfloratama/system/CodeIgniter.php(436): CodeIgniter\CodeIgniter->runController(Object(App\Controllers\Bajocontrol\Wisata))
#8 /home/sorotnus/public_html/pasarfloratama/system/CodeIgniter.php(336): CodeIgniter\CodeIgniter->handleRequest(NULL, Object(Config\Cache), false)
#9 /home/sorotnus/public_html/pasarfloratama/index.php(45): CodeIgniter\CodeIgniter->run()
#10 {main}
CRITICAL - 2021-11-18 23:24:12 --> Call to undefined method App\Libraries\Init::get_kabupaten()
#0 /home/sorotnus/public_html/pasarfloratama/system/CodeIgniter.php(928): App\Controllers\Wisata->index()
#1 /home/sorotnus/public_html/pasarfloratama/system/CodeIgniter.php(436): CodeIgniter\CodeIgniter->runController(Object(App\Controllers\Wisata))
#2 /home/sorotnus/public_html/pasarfloratama/system/CodeIgniter.php(336): CodeIgniter\CodeIgniter->handleRequest(NULL, Object(Config\Cache), false)
#3 /home/sorotnus/public_html/pasarfloratama/index.php(45): CodeIgniter\CodeIgniter->run()
#4 {main}
CRITICAL - 2021-11-18 23:32:14 --> Undefined property: stdClass::$nama
#0 /home/sorotnus/public_html/pasarfloratama/app/Views/jajaran.php(21): CodeIgniter\Debug\Exceptions->errorHandler(8, 'Undefined prope...', '/home/sorotnus/...', 21, Array)
#1 /home/sorotnus/public_html/pasarfloratama/system/View/View.php(230): include('/home/sorotnus/...')
#2 /home/sorotnus/public_html/pasarfloratama/system/View/View.php(232): CodeIgniter\View\View->CodeIgniter\View\{closure}()
#3 /home/sorotnus/public_html/pasarfloratama/system/Common.php(1271): CodeIgniter\View\View->render('jajaran', Array, true)
#4 /home/sorotnus/public_html/pasarfloratama/app/Libraries/Init.php(70): view('jajaran', Array)
#5 /home/sorotnus/public_html/pasarfloratama/app/Controllers/Jajaran.php(21): App\Libraries\Init->no_slider('jajaran', Array)
#6 /home/sorotnus/public_html/pasarfloratama/system/CodeIgniter.php(928): App\Controllers\Jajaran->index()
#7 /home/sorotnus/public_html/pasarfloratama/system/CodeIgniter.php(436): CodeIgniter\CodeIgniter->runController(Object(App\Controllers\Jajaran))
#8 /home/sorotnus/public_html/pasarfloratama/system/CodeIgniter.php(336): CodeIgniter\CodeIgniter->handleRequest(NULL, Object(Config\Cache), false)
#9 /home/sorotnus/public_html/pasarfloratama/index.php(45): CodeIgniter\CodeIgniter->run()
#10 {main}
CRITICAL - 2021-11-18 23:32:46 --> Undefined property: stdClass::$jabatan
#0 /home/sorotnus/public_html/pasarfloratama/app/Views/jajaran.php(22): CodeIgniter\Debug\Exceptions->errorHandler(8, 'Undefined prope...', '/home/sorotnus/...', 22, Array)
#1 /home/sorotnus/public_html/pasarfloratama/system/View/View.php(230): include('/home/sorotnus/...')
#2 /home/sorotnus/public_html/pasarfloratama/system/View/View.php(232): CodeIgniter\View\View->CodeIgniter\View\{closure}()
#3 /home/sorotnus/public_html/pasarfloratama/system/Common.php(1271): CodeIgniter\View\View->render('jajaran', Array, true)
#4 /home/sorotnus/public_html/pasarfloratama/app/Libraries/Init.php(70): view('jajaran', Array)
#5 /home/sorotnus/public_html/pasarfloratama/app/Controllers/Jajaran.php(21): App\Libraries\Init->no_slider('jajaran', Array)
#6 /home/sorotnus/public_html/pasarfloratama/system/CodeIgniter.php(928): App\Controllers\Jajaran->index()
#7 /home/sorotnus/public_html/pasarfloratama/system/CodeIgniter.php(436): CodeIgniter\CodeIgniter->runController(Object(App\Controllers\Jajaran))
#8 /home/sorotnus/public_html/pasarfloratama/system/CodeIgniter.php(336): CodeIgniter\CodeIgniter->handleRequest(NULL, Object(Config\Cache), false)
#9 /home/sorotnus/public_html/pasarfloratama/index.php(45): CodeIgniter\CodeIgniter->run()
#10 {main}
CRITICAL - 2021-11-18 23:33:35 --> Undefined variable: valud
#0 /home/sorotnus/public_html/pasarfloratama/app/Views/jajaran.php(23): CodeIgniter\Debug\Exceptions->errorHandler(8, 'Undefined varia...', '/home/sorotnus/...', 23, Array)
#1 /home/sorotnus/public_html/pasarfloratama/system/View/View.php(230): include('/home/sorotnus/...')
#2 /home/sorotnus/public_html/pasarfloratama/system/View/View.php(232): CodeIgniter\View\View->CodeIgniter\View\{closure}()
#3 /home/sorotnus/public_html/pasarfloratama/system/Common.php(1271): CodeIgniter\View\View->render('jajaran', Array, true)
#4 /home/sorotnus/public_html/pasarfloratama/app/Libraries/Init.php(70): view('jajaran', Array)
#5 /home/sorotnus/public_html/pasarfloratama/app/Controllers/Jajaran.php(21): App\Libraries\Init->no_slider('jajaran', Array)
#6 /home/sorotnus/public_html/pasarfloratama/system/CodeIgniter.php(928): App\Controllers\Jajaran->index()
#7 /home/sorotnus/public_html/pasarfloratama/system/CodeIgniter.php(436): CodeIgniter\CodeIgniter->runController(Object(App\Controllers\Jajaran))
#8 /home/sorotnus/public_html/pasarfloratama/system/CodeIgniter.php(336): CodeIgniter\CodeIgniter->handleRequest(NULL, Object(Config\Cache), false)
#9 /home/sorotnus/public_html/pasarfloratama/index.php(45): CodeIgniter\CodeIgniter->run()
#10 {main}
CRITICAL - 2021-11-18 23:34:11 --> Undefined variable: direksi
#0 /home/sorotnus/public_html/pasarfloratama/app/Views/jajaran.php(54): CodeIgniter\Debug\Exceptions->errorHandler(8, 'Undefined varia...', '/home/sorotnus/...', 54, Array)
#1 /home/sorotnus/public_html/pasarfloratama/system/View/View.php(230): include('/home/sorotnus/...')
#2 /home/sorotnus/public_html/pasarfloratama/system/View/View.php(232): CodeIgniter\View\View->CodeIgniter\View\{closure}()
#3 /home/sorotnus/public_html/pasarfloratama/system/Common.php(1271): CodeIgniter\View\View->render('jajaran', Array, true)
#4 /home/sorotnus/public_html/pasarfloratama/app/Libraries/Init.php(70): view('jajaran', Array)
#5 /home/sorotnus/public_html/pasarfloratama/app/Controllers/Jajaran.php(21): App\Libraries\Init->no_slider('jajaran', Array)
#6 /home/sorotnus/public_html/pasarfloratama/system/CodeIgniter.php(928): App\Controllers\Jajaran->index()
#7 /home/sorotnus/public_html/pasarfloratama/system/CodeIgniter.php(436): CodeIgniter\CodeIgniter->runController(Object(App\Controllers\Jajaran))
#8 /home/sorotnus/public_html/pasarfloratama/system/CodeIgniter.php(336): CodeIgniter\CodeIgniter->handleRequest(NULL, Object(Config\Cache), false)
#9 /home/sorotnus/public_html/pasarfloratama/index.php(45): CodeIgniter\CodeIgniter->run()
#10 {main}
CRITICAL - 2021-11-18 23:42:47 --> Undefined property: stdClass::$lokasi
#0 /home/sorotnus/public_html/pasarfloratama/app/Views/wisata.php(48): CodeIgniter\Debug\Exceptions->errorHandler(8, 'Undefined prope...', '/home/sorotnus/...', 48, Array)
#1 /home/sorotnus/public_html/pasarfloratama/system/View/View.php(230): include('/home/sorotnus/...')
#2 /home/sorotnus/public_html/pasarfloratama/system/View/View.php(232): CodeIgniter\View\View->CodeIgniter\View\{closure}()
#3 /home/sorotnus/public_html/pasarfloratama/system/Common.php(1271): CodeIgniter\View\View->render('wisata', Array, true)
#4 /home/sorotnus/public_html/pasarfloratama/app/Libraries/Init.php(70): view('wisata', Array)
#5 /home/sorotnus/public_html/pasarfloratama/app/Controllers/Wisata.php(22): App\Libraries\Init->no_slider('wisata', Array)
#6 /home/sorotnus/public_html/pasarfloratama/system/CodeIgniter.php(928): App\Controllers\Wisata->index()
#7 /home/sorotnus/public_html/pasarfloratama/system/CodeIgniter.php(436): CodeIgniter\CodeIgniter->runController(Object(App\Controllers\Wisata))
#8 /home/sorotnus/public_html/pasarfloratama/system/CodeIgniter.php(336): CodeIgniter\CodeIgniter->handleRequest(NULL, Object(Config\Cache), false)
#9 /home/sorotnus/public_html/pasarfloratama/index.php(45): CodeIgniter\CodeIgniter->run()
#10 {main}
CRITICAL - 2021-11-18 23:46:01 --> Call to undefined method CodeIgniter\Database\MySQLi\Connection::select()
#0 /home/sorotnus/public_html/pasarfloratama/app/Controllers/Wisata.php(20): App\Controllers\Wisata->get_wisata()
#1 /home/sorotnus/public_html/pasarfloratama/system/CodeIgniter.php(928): App\Controllers\Wisata->index()
#2 /home/sorotnus/public_html/pasarfloratama/system/CodeIgniter.php(436): CodeIgniter\CodeIgniter->runController(Object(App\Controllers\Wisata))
#3 /home/sorotnus/public_html/pasarfloratama/system/CodeIgniter.php(336): CodeIgniter\CodeIgniter->handleRequest(NULL, Object(Config\Cache), false)
#4 /home/sorotnus/public_html/pasarfloratama/index.php(45): CodeIgniter\CodeIgniter->run()
#5 {main}
CRITICAL - 2021-11-18 23:53:47 --> Call to undefined method CodeIgniter\Database\MySQLi\Connection::select()
#0 /home/sorotnus/public_html/pasarfloratama/app/Controllers/Wisata.php(20): App\Controllers\Wisata->get_wisata()
#1 /home/sorotnus/public_html/pasarfloratama/system/CodeIgniter.php(928): App\Controllers\Wisata->index()
#2 /home/sorotnus/public_html/pasarfloratama/system/CodeIgniter.php(436): CodeIgniter\CodeIgniter->runController(Object(App\Controllers\Wisata))
#3 /home/sorotnus/public_html/pasarfloratama/system/CodeIgniter.php(336): CodeIgniter\CodeIgniter->handleRequest(NULL, Object(Config\Cache), false)
#4 /home/sorotnus/public_html/pasarfloratama/index.php(45): CodeIgniter\CodeIgniter->run()
#5 {main}
CRITICAL - 2021-11-18 23:55:14 --> Undefined property: stdClass::$kabupaten
#0 /home/sorotnus/public_html/pasarfloratama/app/Views/wisata.php(48): CodeIgniter\Debug\Exceptions->errorHandler(8, 'Undefined prope...', '/home/sorotnus/...', 48, Array)
#1 /home/sorotnus/public_html/pasarfloratama/system/View/View.php(230): include('/home/sorotnus/...')
#2 /home/sorotnus/public_html/pasarfloratama/system/View/View.php(232): CodeIgniter\View\View->CodeIgniter\View\{closure}()
#3 /home/sorotnus/public_html/pasarfloratama/system/Common.php(1271): CodeIgniter\View\View->render('wisata', Array, true)
#4 /home/sorotnus/public_html/pasarfloratama/app/Libraries/Init.php(70): view('wisata', Array)
#5 /home/sorotnus/public_html/pasarfloratama/app/Controllers/Wisata.php(22): App\Libraries\Init->no_slider('wisata', Array)
#6 /home/sorotnus/public_html/pasarfloratama/system/CodeIgniter.php(928): App\Controllers\Wisata->index()
#7 /home/sorotnus/public_html/pasarfloratama/system/CodeIgniter.php(436): CodeIgniter\CodeIgniter->runController(Object(App\Controllers\Wisata))
#8 /home/sorotnus/public_html/pasarfloratama/system/CodeIgniter.php(336): CodeIgniter\CodeIgniter->handleRequest(NULL, Object(Config\Cache), false)
#9 /home/sorotnus/public_html/pasarfloratama/index.php(45): CodeIgniter\CodeIgniter->run()
#10 {main}
