CRITICAL - 2021-10-31 00:41:50 --> Undefined variable: str
#0 /home/sorotnus/public_html/floratama/app/Controllers/Regulasi.php(24): CodeIgniter\Debug\Exceptions->errorHandler(8, 'Undefined varia...', '/home/sorotnus/...', 24, Array)
#1 /home/sorotnus/public_html/floratama/system/CodeIgniter.php(928): App\Controllers\Regulasi->get_sektoral()
#2 /home/sorotnus/public_html/floratama/system/CodeIgniter.php(436): CodeIgniter\CodeIgniter->runController(Object(App\Controllers\Regulasi))
#3 /home/sorotnus/public_html/floratama/system/CodeIgniter.php(336): CodeIgniter\CodeIgniter->handleRequest(NULL, Object(Config\Cache), false)
#4 /home/sorotnus/public_html/floratama/index.php(45): CodeIgniter\CodeIgniter->run()
#5 {main}
CRITICAL - 2021-10-31 12:43:21 --> Undefined variable: prop
#0 /home/sorotnus/public_html/floratama/app/Views/peluang_investasi.php(113): CodeIgniter\Debug\Exceptions->errorHandler(8, 'Undefined varia...', '/home/sorotnus/...', 113, Array)
#1 /home/sorotnus/public_html/floratama/system/View/View.php(230): include('/home/sorotnus/...')
#2 /home/sorotnus/public_html/floratama/system/View/View.php(232): CodeIgniter\View\View->CodeIgniter\View\{closure}()
#3 /home/sorotnus/public_html/floratama/system/Common.php(1271): CodeIgniter\View\View->render('peluang_investa...', Array, true)
#4 /home/sorotnus/public_html/floratama/app/Libraries/Init.php(51): view('peluang_investa...', Array)
#5 /home/sorotnus/public_html/floratama/app/Controllers/Peluang_investasi.php(13): App\Libraries\Init->no_slider('peluang_investa...', Array)
#6 /home/sorotnus/public_html/floratama/system/CodeIgniter.php(928): App\Controllers\Peluang_investasi->index()
#7 /home/sorotnus/public_html/floratama/system/CodeIgniter.php(436): CodeIgniter\CodeIgniter->runController(Object(App\Controllers\Peluang_investasi))
#8 /home/sorotnus/public_html/floratama/system/CodeIgniter.php(336): CodeIgniter\CodeIgniter->handleRequest(NULL, Object(Config\Cache), false)
#9 /home/sorotnus/public_html/floratama/index.php(45): CodeIgniter\CodeIgniter->run()
#10 {main}
CRITICAL - 2021-10-31 12:45:05 --> Undefined index: facebook_id
#0 /home/sorotnus/public_html/floratama/app/Views/peluang_investasi.php(113): CodeIgniter\Debug\Exceptions->errorHandler(8, 'Undefined index...', '/home/sorotnus/...', 113, Array)
#1 /home/sorotnus/public_html/floratama/system/View/View.php(230): include('/home/sorotnus/...')
#2 /home/sorotnus/public_html/floratama/system/View/View.php(232): CodeIgniter\View\View->CodeIgniter\View\{closure}()
#3 /home/sorotnus/public_html/floratama/system/Common.php(1271): CodeIgniter\View\View->render('peluang_investa...', Array, true)
#4 /home/sorotnus/public_html/floratama/app/Libraries/Init.php(51): view('peluang_investa...', Array)
#5 /home/sorotnus/public_html/floratama/app/Controllers/Peluang_investasi.php(13): App\Libraries\Init->no_slider('peluang_investa...', Array)
#6 /home/sorotnus/public_html/floratama/system/CodeIgniter.php(928): App\Controllers\Peluang_investasi->index()
#7 /home/sorotnus/public_html/floratama/system/CodeIgniter.php(436): CodeIgniter\CodeIgniter->runController(Object(App\Controllers\Peluang_investasi))
#8 /home/sorotnus/public_html/floratama/system/CodeIgniter.php(336): CodeIgniter\CodeIgniter->handleRequest(NULL, Object(Config\Cache), false)
#9 /home/sorotnus/public_html/floratama/index.php(45): CodeIgniter\CodeIgniter->run()
#10 {main}
CRITICAL - 2021-10-31 12:50:06 --> Undefined index: parent
#0 /home/sorotnus/public_html/floratama/app/Views/template/head.php(12): CodeIgniter\Debug\Exceptions->errorHandler(8, 'Undefined index...', '/home/sorotnus/...', 12, Array)
#1 /home/sorotnus/public_html/floratama/system/View/View.php(230): include('/home/sorotnus/...')
#2 /home/sorotnus/public_html/floratama/system/View/View.php(232): CodeIgniter\View\View->CodeIgniter\View\{closure}()
#3 /home/sorotnus/public_html/floratama/system/Common.php(1271): CodeIgniter\View\View->render('template/head', Array, true)
#4 /home/sorotnus/public_html/floratama/app/Libraries/Init.php(50): view('template/head')
#5 /home/sorotnus/public_html/floratama/app/Controllers/Peluang_investasi.php(13): App\Libraries\Init->no_slider('peluang_investa...', Array)
#6 /home/sorotnus/public_html/floratama/system/CodeIgniter.php(928): App\Controllers\Peluang_investasi->index()
#7 /home/sorotnus/public_html/floratama/system/CodeIgniter.php(436): CodeIgniter\CodeIgniter->runController(Object(App\Controllers\Peluang_investasi))
#8 /home/sorotnus/public_html/floratama/system/CodeIgniter.php(336): CodeIgniter\CodeIgniter->handleRequest(NULL, Object(Config\Cache), false)
#9 /home/sorotnus/public_html/floratama/index.php(45): CodeIgniter\CodeIgniter->run()
#10 {main}
CRITICAL - 2021-10-31 12:52:52 --> Undefined index: facebook_id
#0 /home/sorotnus/public_html/floratama/app/Views/peluang_investasi.php(113): CodeIgniter\Debug\Exceptions->errorHandler(8, 'Undefined index...', '/home/sorotnus/...', 113, Array)
#1 /home/sorotnus/public_html/floratama/system/View/View.php(230): include('/home/sorotnus/...')
#2 /home/sorotnus/public_html/floratama/system/View/View.php(232): CodeIgniter\View\View->CodeIgniter\View\{closure}()
#3 /home/sorotnus/public_html/floratama/system/Common.php(1271): CodeIgniter\View\View->render('peluang_investa...', Array, true)
#4 /home/sorotnus/public_html/floratama/app/Libraries/Init.php(52): view('peluang_investa...', Array)
#5 /home/sorotnus/public_html/floratama/app/Controllers/Peluang_investasi.php(13): App\Libraries\Init->no_slider('peluang_investa...', Array)
#6 /home/sorotnus/public_html/floratama/system/CodeIgniter.php(928): App\Controllers\Peluang_investasi->index()
#7 /home/sorotnus/public_html/floratama/system/CodeIgniter.php(436): CodeIgniter\CodeIgniter->runController(Object(App\Controllers\Peluang_investasi))
#8 /home/sorotnus/public_html/floratama/system/CodeIgniter.php(336): CodeIgniter\CodeIgniter->handleRequest(NULL, Object(Config\Cache), false)
#9 /home/sorotnus/public_html/floratama/index.php(45): CodeIgniter\CodeIgniter->run()
#10 {main}
CRITICAL - 2021-10-31 12:53:28 --> Undefined variable: prop
#0 /home/sorotnus/public_html/floratama/app/Views/peluang_investasi.php(113): CodeIgniter\Debug\Exceptions->errorHandler(8, 'Undefined varia...', '/home/sorotnus/...', 113, Array)
#1 /home/sorotnus/public_html/floratama/system/View/View.php(230): include('/home/sorotnus/...')
#2 /home/sorotnus/public_html/floratama/system/View/View.php(232): CodeIgniter\View\View->CodeIgniter\View\{closure}()
#3 /home/sorotnus/public_html/floratama/system/Common.php(1271): CodeIgniter\View\View->render('peluang_investa...', Array, true)
#4 /home/sorotnus/public_html/floratama/app/Libraries/Init.php(52): view('peluang_investa...', Array)
#5 /home/sorotnus/public_html/floratama/app/Controllers/Peluang_investasi.php(13): App\Libraries\Init->no_slider('peluang_investa...', Array)
#6 /home/sorotnus/public_html/floratama/system/CodeIgniter.php(928): App\Controllers\Peluang_investasi->index()
#7 /home/sorotnus/public_html/floratama/system/CodeIgniter.php(436): CodeIgniter\CodeIgniter->runController(Object(App\Controllers\Peluang_investasi))
#8 /home/sorotnus/public_html/floratama/system/CodeIgniter.php(336): CodeIgniter\CodeIgniter->handleRequest(NULL, Object(Config\Cache), false)
#9 /home/sorotnus/public_html/floratama/index.php(45): CodeIgniter\CodeIgniter->run()
#10 {main}
CRITICAL - 2021-10-31 12:54:30 --> Undefined index: phone
#0 /home/sorotnus/public_html/floratama/app/Views/peluang_investasi.php(125): CodeIgniter\Debug\Exceptions->errorHandler(8, 'Undefined index...', '/home/sorotnus/...', 125, Array)
#1 /home/sorotnus/public_html/floratama/system/View/View.php(230): include('/home/sorotnus/...')
#2 /home/sorotnus/public_html/floratama/system/View/View.php(232): CodeIgniter\View\View->CodeIgniter\View\{closure}()
#3 /home/sorotnus/public_html/floratama/system/Common.php(1271): CodeIgniter\View\View->render('peluang_investa...', Array, true)
#4 /home/sorotnus/public_html/floratama/app/Libraries/Init.php(53): view('peluang_investa...', Array)
#5 /home/sorotnus/public_html/floratama/app/Controllers/Peluang_investasi.php(13): App\Libraries\Init->no_slider('peluang_investa...', Array)
#6 /home/sorotnus/public_html/floratama/system/CodeIgniter.php(928): App\Controllers\Peluang_investasi->index()
#7 /home/sorotnus/public_html/floratama/system/CodeIgniter.php(436): CodeIgniter\CodeIgniter->runController(Object(App\Controllers\Peluang_investasi))
#8 /home/sorotnus/public_html/floratama/system/CodeIgniter.php(336): CodeIgniter\CodeIgniter->handleRequest(NULL, Object(Config\Cache), false)
#9 /home/sorotnus/public_html/floratama/index.php(45): CodeIgniter\CodeIgniter->run()
#10 {main}
CRITICAL - 2021-10-31 12:54:45 --> Undefined index: phone
#0 /home/sorotnus/public_html/floratama/app/Views/peluang_investasi.php(125): CodeIgniter\Debug\Exceptions->errorHandler(8, 'Undefined index...', '/home/sorotnus/...', 125, Array)
#1 /home/sorotnus/public_html/floratama/system/View/View.php(230): include('/home/sorotnus/...')
#2 /home/sorotnus/public_html/floratama/system/View/View.php(232): CodeIgniter\View\View->CodeIgniter\View\{closure}()
#3 /home/sorotnus/public_html/floratama/system/Common.php(1271): CodeIgniter\View\View->render('peluang_investa...', Array, true)
#4 /home/sorotnus/public_html/floratama/app/Libraries/Init.php(53): view('peluang_investa...', Array)
#5 /home/sorotnus/public_html/floratama/app/Controllers/Peluang_investasi.php(13): App\Libraries\Init->no_slider('peluang_investa...', Array)
#6 /home/sorotnus/public_html/floratama/system/CodeIgniter.php(928): App\Controllers\Peluang_investasi->index()
#7 /home/sorotnus/public_html/floratama/system/CodeIgniter.php(436): CodeIgniter\CodeIgniter->runController(Object(App\Controllers\Peluang_investasi))
#8 /home/sorotnus/public_html/floratama/system/CodeIgniter.php(336): CodeIgniter\CodeIgniter->handleRequest(NULL, Object(Config\Cache), false)
#9 /home/sorotnus/public_html/floratama/index.php(45): CodeIgniter\CodeIgniter->run()
#10 {main}
CRITICAL - 2021-10-31 12:56:32 --> Undefined variable: contact_info
#0 /home/sorotnus/public_html/floratama/app/Views/template/footer.php(8): CodeIgniter\Debug\Exceptions->errorHandler(8, 'Undefined varia...', '/home/sorotnus/...', 8, Array)
#1 /home/sorotnus/public_html/floratama/system/View/View.php(230): include('/home/sorotnus/...')
#2 /home/sorotnus/public_html/floratama/system/View/View.php(232): CodeIgniter\View\View->CodeIgniter\View\{closure}()
#3 /home/sorotnus/public_html/floratama/system/Common.php(1271): CodeIgniter\View\View->render('template/footer', Array, true)
#4 /home/sorotnus/public_html/floratama/app/Libraries/Init.php(54): view('template/footer')
#5 /home/sorotnus/public_html/floratama/app/Controllers/Peluang_investasi.php(13): App\Libraries\Init->no_slider('peluang_investa...', Array)
#6 /home/sorotnus/public_html/floratama/system/CodeIgniter.php(928): App\Controllers\Peluang_investasi->index()
#7 /home/sorotnus/public_html/floratama/system/CodeIgniter.php(436): CodeIgniter\CodeIgniter->runController(Object(App\Controllers\Peluang_investasi))
#8 /home/sorotnus/public_html/floratama/system/CodeIgniter.php(336): CodeIgniter\CodeIgniter->handleRequest(NULL, Object(Config\Cache), false)
#9 /home/sorotnus/public_html/floratama/index.php(45): CodeIgniter\CodeIgniter->run()
#10 {main}
CRITICAL - 2021-10-31 12:57:18 --> Undefined variable: negara
#0 /home/sorotnus/public_html/floratama/app/Views/template/footer.php(30): CodeIgniter\Debug\Exceptions->errorHandler(8, 'Undefined varia...', '/home/sorotnus/...', 30, Array)
#1 /home/sorotnus/public_html/floratama/system/View/View.php(230): include('/home/sorotnus/...')
#2 /home/sorotnus/public_html/floratama/system/View/View.php(232): CodeIgniter\View\View->CodeIgniter\View\{closure}()
#3 /home/sorotnus/public_html/floratama/system/Common.php(1271): CodeIgniter\View\View->render('template/footer', Array, true)
#4 /home/sorotnus/public_html/floratama/app/Libraries/Init.php(54): view('template/footer')
#5 /home/sorotnus/public_html/floratama/app/Controllers/Peluang_investasi.php(13): App\Libraries\Init->no_slider('peluang_investa...', Array)
#6 /home/sorotnus/public_html/floratama/system/CodeIgniter.php(928): App\Controllers\Peluang_investasi->index()
#7 /home/sorotnus/public_html/floratama/system/CodeIgniter.php(436): CodeIgniter\CodeIgniter->runController(Object(App\Controllers\Peluang_investasi))
#8 /home/sorotnus/public_html/floratama/system/CodeIgniter.php(336): CodeIgniter\CodeIgniter->handleRequest(NULL, Object(Config\Cache), false)
#9 /home/sorotnus/public_html/floratama/index.php(45): CodeIgniter\CodeIgniter->run()
#10 {main}
CRITICAL - 2021-10-31 12:57:38 --> Undefined variable: negara
#0 /home/sorotnus/public_html/floratama/app/Views/template/footer.php(30): CodeIgniter\Debug\Exceptions->errorHandler(8, 'Undefined varia...', '/home/sorotnus/...', 30, Array)
#1 /home/sorotnus/public_html/floratama/system/View/View.php(230): include('/home/sorotnus/...')
#2 /home/sorotnus/public_html/floratama/system/View/View.php(232): CodeIgniter\View\View->CodeIgniter\View\{closure}()
#3 /home/sorotnus/public_html/floratama/system/Common.php(1271): CodeIgniter\View\View->render('template/footer', Array, true)
#4 /home/sorotnus/public_html/floratama/app/Libraries/Init.php(54): view('template/footer')
#5 /home/sorotnus/public_html/floratama/app/Controllers/Peluang_investasi.php(13): App\Libraries\Init->no_slider('peluang_investa...', Array)
#6 /home/sorotnus/public_html/floratama/system/CodeIgniter.php(928): App\Controllers\Peluang_investasi->index()
#7 /home/sorotnus/public_html/floratama/system/CodeIgniter.php(436): CodeIgniter\CodeIgniter->runController(Object(App\Controllers\Peluang_investasi))
#8 /home/sorotnus/public_html/floratama/system/CodeIgniter.php(336): CodeIgniter\CodeIgniter->handleRequest(NULL, Object(Config\Cache), false)
#9 /home/sorotnus/public_html/floratama/index.php(45): CodeIgniter\CodeIgniter->run()
#10 {main}
CRITICAL - 2021-10-31 12:57:57 --> Undefined variable: negara
#0 /home/sorotnus/public_html/floratama/app/Views/template/footer.php(30): CodeIgniter\Debug\Exceptions->errorHandler(8, 'Undefined varia...', '/home/sorotnus/...', 30, Array)
#1 /home/sorotnus/public_html/floratama/system/View/View.php(230): include('/home/sorotnus/...')
#2 /home/sorotnus/public_html/floratama/system/View/View.php(232): CodeIgniter\View\View->CodeIgniter\View\{closure}()
#3 /home/sorotnus/public_html/floratama/system/Common.php(1271): CodeIgniter\View\View->render('template/footer', Array, true)
#4 /home/sorotnus/public_html/floratama/app/Libraries/Init.php(54): view('template/footer')
#5 /home/sorotnus/public_html/floratama/app/Controllers/Peluang_investasi.php(13): App\Libraries\Init->no_slider('peluang_investa...', Array)
#6 /home/sorotnus/public_html/floratama/system/CodeIgniter.php(928): App\Controllers\Peluang_investasi->index()
#7 /home/sorotnus/public_html/floratama/system/CodeIgniter.php(436): CodeIgniter\CodeIgniter->runController(Object(App\Controllers\Peluang_investasi))
#8 /home/sorotnus/public_html/floratama/system/CodeIgniter.php(336): CodeIgniter\CodeIgniter->handleRequest(NULL, Object(Config\Cache), false)
#9 /home/sorotnus/public_html/floratama/index.php(45): CodeIgniter\CodeIgniter->run()
#10 {main}
CRITICAL - 2021-10-31 12:58:23 --> Undefined variable: link_about
#0 /home/sorotnus/public_html/floratama/app/Views/template/footer.php(46): CodeIgniter\Debug\Exceptions->errorHandler(8, 'Undefined varia...', '/home/sorotnus/...', 46, Array)
#1 /home/sorotnus/public_html/floratama/system/View/View.php(230): include('/home/sorotnus/...')
#2 /home/sorotnus/public_html/floratama/system/View/View.php(232): CodeIgniter\View\View->CodeIgniter\View\{closure}()
#3 /home/sorotnus/public_html/floratama/system/Common.php(1271): CodeIgniter\View\View->render('template/footer', Array, true)
#4 /home/sorotnus/public_html/floratama/app/Libraries/Init.php(54): view('template/footer')
#5 /home/sorotnus/public_html/floratama/app/Controllers/Peluang_investasi.php(13): App\Libraries\Init->no_slider('peluang_investa...', Array)
#6 /home/sorotnus/public_html/floratama/system/CodeIgniter.php(928): App\Controllers\Peluang_investasi->index()
#7 /home/sorotnus/public_html/floratama/system/CodeIgniter.php(436): CodeIgniter\CodeIgniter->runController(Object(App\Controllers\Peluang_investasi))
#8 /home/sorotnus/public_html/floratama/system/CodeIgniter.php(336): CodeIgniter\CodeIgniter->handleRequest(NULL, Object(Config\Cache), false)
#9 /home/sorotnus/public_html/floratama/index.php(45): CodeIgniter\CodeIgniter->run()
#10 {main}
CRITICAL - 2021-10-31 12:59:34 --> Undefined variable: link_about
#0 /home/sorotnus/public_html/floratama/app/Views/template/footer.php(46): CodeIgniter\Debug\Exceptions->errorHandler(8, 'Undefined varia...', '/home/sorotnus/...', 46, Array)
#1 /home/sorotnus/public_html/floratama/system/View/View.php(230): include('/home/sorotnus/...')
#2 /home/sorotnus/public_html/floratama/system/View/View.php(232): CodeIgniter\View\View->CodeIgniter\View\{closure}()
#3 /home/sorotnus/public_html/floratama/system/Common.php(1271): CodeIgniter\View\View->render('template/footer', Array, true)
#4 /home/sorotnus/public_html/floratama/app/Libraries/Init.php(54): view('template/footer')
#5 /home/sorotnus/public_html/floratama/app/Controllers/Peluang_investasi.php(13): App\Libraries\Init->no_slider('peluang_investa...', Array)
#6 /home/sorotnus/public_html/floratama/system/CodeIgniter.php(928): App\Controllers\Peluang_investasi->index()
#7 /home/sorotnus/public_html/floratama/system/CodeIgniter.php(436): CodeIgniter\CodeIgniter->runController(Object(App\Controllers\Peluang_investasi))
#8 /home/sorotnus/public_html/floratama/system/CodeIgniter.php(336): CodeIgniter\CodeIgniter->handleRequest(NULL, Object(Config\Cache), false)
#9 /home/sorotnus/public_html/floratama/index.php(45): CodeIgniter\CodeIgniter->run()
#10 {main}
CRITICAL - 2021-10-31 13:00:24 --> Undefined variable: link_about
#0 /home/sorotnus/public_html/floratama/app/Views/template/footer.php(46): CodeIgniter\Debug\Exceptions->errorHandler(8, 'Undefined varia...', '/home/sorotnus/...', 46, Array)
#1 /home/sorotnus/public_html/floratama/system/View/View.php(230): include('/home/sorotnus/...')
#2 /home/sorotnus/public_html/floratama/system/View/View.php(232): CodeIgniter\View\View->CodeIgniter\View\{closure}()
#3 /home/sorotnus/public_html/floratama/system/Common.php(1271): CodeIgniter\View\View->render('template/footer', Array, true)
#4 /home/sorotnus/public_html/floratama/app/Libraries/Init.php(54): view('template/footer')
#5 /home/sorotnus/public_html/floratama/app/Controllers/Peluang_investasi.php(13): App\Libraries\Init->no_slider('peluang_investa...', Array)
#6 /home/sorotnus/public_html/floratama/system/CodeIgniter.php(928): App\Controllers\Peluang_investasi->index()
#7 /home/sorotnus/public_html/floratama/system/CodeIgniter.php(436): CodeIgniter\CodeIgniter->runController(Object(App\Controllers\Peluang_investasi))
#8 /home/sorotnus/public_html/floratama/system/CodeIgniter.php(336): CodeIgniter\CodeIgniter->handleRequest(NULL, Object(Config\Cache), false)
#9 /home/sorotnus/public_html/floratama/index.php(45): CodeIgniter\CodeIgniter->run()
#10 {main}
CRITICAL - 2021-10-31 13:04:48 --> Undefined variable: link_about
#0 /home/sorotnus/public_html/floratama/app/Views/template/footer.php(46): CodeIgniter\Debug\Exceptions->errorHandler(8, 'Undefined varia...', '/home/sorotnus/...', 46, Array)
#1 /home/sorotnus/public_html/floratama/system/View/View.php(230): include('/home/sorotnus/...')
#2 /home/sorotnus/public_html/floratama/system/View/View.php(232): CodeIgniter\View\View->CodeIgniter\View\{closure}()
#3 /home/sorotnus/public_html/floratama/system/Common.php(1271): CodeIgniter\View\View->render('template/footer', Array, true)
#4 /home/sorotnus/public_html/floratama/app/Libraries/Init.php(54): view('template/footer')
#5 /home/sorotnus/public_html/floratama/app/Controllers/Peluang_investasi.php(13): App\Libraries\Init->no_slider('peluang_investa...', Array)
#6 /home/sorotnus/public_html/floratama/system/CodeIgniter.php(928): App\Controllers\Peluang_investasi->index()
#7 /home/sorotnus/public_html/floratama/system/CodeIgniter.php(436): CodeIgniter\CodeIgniter->runController(Object(App\Controllers\Peluang_investasi))
#8 /home/sorotnus/public_html/floratama/system/CodeIgniter.php(336): CodeIgniter\CodeIgniter->handleRequest(NULL, Object(Config\Cache), false)
#9 /home/sorotnus/public_html/floratama/index.php(45): CodeIgniter\CodeIgniter->run()
#10 {main}
CRITICAL - 2021-10-31 13:05:54 --> Undefined variable: link_about
#0 /home/sorotnus/public_html/floratama/app/Views/template/footer.php(46): CodeIgniter\Debug\Exceptions->errorHandler(8, 'Undefined varia...', '/home/sorotnus/...', 46, Array)
#1 /home/sorotnus/public_html/floratama/system/View/View.php(230): include('/home/sorotnus/...')
#2 /home/sorotnus/public_html/floratama/system/View/View.php(232): CodeIgniter\View\View->CodeIgniter\View\{closure}()
#3 /home/sorotnus/public_html/floratama/system/Common.php(1271): CodeIgniter\View\View->render('template/footer', Array, true)
#4 /home/sorotnus/public_html/floratama/app/Libraries/Init.php(54): view('template/footer')
#5 /home/sorotnus/public_html/floratama/app/Controllers/Peluang_investasi.php(13): App\Libraries\Init->no_slider('peluang_investa...', Array)
#6 /home/sorotnus/public_html/floratama/system/CodeIgniter.php(928): App\Controllers\Peluang_investasi->index()
#7 /home/sorotnus/public_html/floratama/system/CodeIgniter.php(436): CodeIgniter\CodeIgniter->runController(Object(App\Controllers\Peluang_investasi))
#8 /home/sorotnus/public_html/floratama/system/CodeIgniter.php(336): CodeIgniter\CodeIgniter->handleRequest(NULL, Object(Config\Cache), false)
#9 /home/sorotnus/public_html/floratama/index.php(45): CodeIgniter\CodeIgniter->run()
#10 {main}
CRITICAL - 2021-10-31 13:06:33 --> Undefined variable: berlangganan
#0 /home/sorotnus/public_html/floratama/app/Views/template/footer.php(93): CodeIgniter\Debug\Exceptions->errorHandler(8, 'Undefined varia...', '/home/sorotnus/...', 93, Array)
#1 /home/sorotnus/public_html/floratama/system/View/View.php(230): include('/home/sorotnus/...')
#2 /home/sorotnus/public_html/floratama/system/View/View.php(232): CodeIgniter\View\View->CodeIgniter\View\{closure}()
#3 /home/sorotnus/public_html/floratama/system/Common.php(1271): CodeIgniter\View\View->render('template/footer', Array, true)
#4 /home/sorotnus/public_html/floratama/app/Libraries/Init.php(54): view('template/footer')
#5 /home/sorotnus/public_html/floratama/app/Controllers/Peluang_investasi.php(13): App\Libraries\Init->no_slider('peluang_investa...', Array)
#6 /home/sorotnus/public_html/floratama/system/CodeIgniter.php(928): App\Controllers\Peluang_investasi->index()
#7 /home/sorotnus/public_html/floratama/system/CodeIgniter.php(436): CodeIgniter\CodeIgniter->runController(Object(App\Controllers\Peluang_investasi))
#8 /home/sorotnus/public_html/floratama/system/CodeIgniter.php(336): CodeIgniter\CodeIgniter->handleRequest(NULL, Object(Config\Cache), false)
#9 /home/sorotnus/public_html/floratama/index.php(45): CodeIgniter\CodeIgniter->run()
#10 {main}
CRITICAL - 2021-10-31 13:09:09 --> Undefined variable: facebook
#0 /home/sorotnus/public_html/floratama/app/Views/template/footer.php(117): CodeIgniter\Debug\Exceptions->errorHandler(8, 'Undefined varia...', '/home/sorotnus/...', 117, Array)
#1 /home/sorotnus/public_html/floratama/system/View/View.php(230): include('/home/sorotnus/...')
#2 /home/sorotnus/public_html/floratama/system/View/View.php(232): CodeIgniter\View\View->CodeIgniter\View\{closure}()
#3 /home/sorotnus/public_html/floratama/system/Common.php(1271): CodeIgniter\View\View->render('template/footer', Array, true)
#4 /home/sorotnus/public_html/floratama/app/Libraries/Init.php(54): view('template/footer')
#5 /home/sorotnus/public_html/floratama/app/Controllers/Peluang_investasi.php(13): App\Libraries\Init->no_slider('peluang_investa...', Array)
#6 /home/sorotnus/public_html/floratama/system/CodeIgniter.php(928): App\Controllers\Peluang_investasi->index()
#7 /home/sorotnus/public_html/floratama/system/CodeIgniter.php(436): CodeIgniter\CodeIgniter->runController(Object(App\Controllers\Peluang_investasi))
#8 /home/sorotnus/public_html/floratama/system/CodeIgniter.php(336): CodeIgniter\CodeIgniter->handleRequest(NULL, Object(Config\Cache), false)
#9 /home/sorotnus/public_html/floratama/index.php(45): CodeIgniter\CodeIgniter->run()
#10 {main}
CRITICAL - 2021-10-31 13:09:43 --> Undefined variable: copyright
#0 /home/sorotnus/public_html/floratama/app/Views/template/footer.php(141): CodeIgniter\Debug\Exceptions->errorHandler(8, 'Undefined varia...', '/home/sorotnus/...', 141, Array)
#1 /home/sorotnus/public_html/floratama/system/View/View.php(230): include('/home/sorotnus/...')
#2 /home/sorotnus/public_html/floratama/system/View/View.php(232): CodeIgniter\View\View->CodeIgniter\View\{closure}()
#3 /home/sorotnus/public_html/floratama/system/Common.php(1271): CodeIgniter\View\View->render('template/footer', Array, true)
#4 /home/sorotnus/public_html/floratama/app/Libraries/Init.php(54): view('template/footer')
#5 /home/sorotnus/public_html/floratama/app/Controllers/Peluang_investasi.php(13): App\Libraries\Init->no_slider('peluang_investa...', Array)
#6 /home/sorotnus/public_html/floratama/system/CodeIgniter.php(928): App\Controllers\Peluang_investasi->index()
#7 /home/sorotnus/public_html/floratama/system/CodeIgniter.php(436): CodeIgniter\CodeIgniter->runController(Object(App\Controllers\Peluang_investasi))
#8 /home/sorotnus/public_html/floratama/system/CodeIgniter.php(336): CodeIgniter\CodeIgniter->handleRequest(NULL, Object(Config\Cache), false)
#9 /home/sorotnus/public_html/floratama/index.php(45): CodeIgniter\CodeIgniter->run()
#10 {main}
CRITICAL - 2021-10-31 13:18:16 --> Trying to access array offset on value of type bool
#0 /home/sorotnus/public_html/floratama/app/Views/template/head.php(12): CodeIgniter\Debug\Exceptions->errorHandler(8, 'Trying to acces...', '/home/sorotnus/...', 12, Array)
#1 /home/sorotnus/public_html/floratama/system/View/View.php(230): include('/home/sorotnus/...')
#2 /home/sorotnus/public_html/floratama/system/View/View.php(232): CodeIgniter\View\View->CodeIgniter\View\{closure}()
#3 /home/sorotnus/public_html/floratama/system/Common.php(1271): CodeIgniter\View\View->render('template/head', Array, true)
#4 /home/sorotnus/public_html/floratama/app/Libraries/Init.php(52): view('template/head')
#5 /home/sorotnus/public_html/floratama/app/Controllers/Contact.php(15): App\Libraries\Init->no_slider('contact')
#6 /home/sorotnus/public_html/floratama/system/CodeIgniter.php(928): App\Controllers\Contact->index()
#7 /home/sorotnus/public_html/floratama/system/CodeIgniter.php(436): CodeIgniter\CodeIgniter->runController(Object(App\Controllers\Contact))
#8 /home/sorotnus/public_html/floratama/system/CodeIgniter.php(336): CodeIgniter\CodeIgniter->handleRequest(NULL, Object(Config\Cache), false)
#9 /home/sorotnus/public_html/floratama/index.php(45): CodeIgniter\CodeIgniter->run()
#10 {main}
